{"/Users/coreydolik/Desktop/OctoFlow/src/App.tsx": {"path":"/Users/coreydolik/Desktop/OctoFlow/src/App.tsx","statementMap":{"0":{"start":{"line":11,"column":42},"end":{"line":11,"column":70}},"1":{"start":{"line":13,"column":2},"end":{"line":18,"column":9}},"2":{"start":{"line":14,"column":18},"end":{"line":14,"column":38}},"3":{"start":{"line":15,"column":4},"end":{"line":17,"column":5}},"4":{"start":{"line":16,"column":6},"end":{"line":16,"column":42}},"5":{"start":{"line":20,"column":28},"end":{"line":22,"column":3}},"6":{"start":{"line":21,"column":4},"end":{"line":21,"column":27}},"7":{"start":{"line":24,"column":35},"end":{"line":26,"column":3}},"8":{"start":{"line":28,"column":32},"end":{"line":30,"column":3}},"9":{"start":{"line":29,"column":4},"end":{"line":29,"column":26}},"10":{"start":{"line":32,"column":2},"end":{"line":45,"column":4}}},"fnMap":{"0":{"name":"App","decl":{"start":{"line":10,"column":9},"end":{"line":10,"column":12}},"loc":{"start":{"line":10,"column":15},"end":{"line":46,"column":1}},"line":10},"1":{"name":"(anonymous_1)","decl":{"start":{"line":13,"column":12},"end":{"line":13,"column":13}},"loc":{"start":{"line":13,"column":18},"end":{"line":18,"column":3}},"line":13},"2":{"name":"(anonymous_2)","decl":{"start":{"line":20,"column":28},"end":{"line":20,"column":29}},"loc":{"start":{"line":20,"column":46},"end":{"line":22,"column":3}},"line":20},"3":{"name":"(anonymous_3)","decl":{"start":{"line":24,"column":35},"end":{"line":24,"column":36}},"loc":{"start":{"line":24,"column":41},"end":{"line":26,"column":3}},"line":24},"4":{"name":"(anonymous_4)","decl":{"start":{"line":28,"column":32},"end":{"line":28,"column":33}},"loc":{"start":{"line":28,"column":38},"end":{"line":30,"column":3}},"line":28}},"branchMap":{"0":{"loc":{"start":{"line":15,"column":4},"end":{"line":17,"column":5}},"type":"if","locations":[{"start":{"line":15,"column":4},"end":{"line":17,"column":5}},{"start":{},"end":{}}],"line":15}},"s":{"0":0,"1":0,"2":0,"3":0,"4":0,"5":0,"6":0,"7":0,"8":0,"9":0,"10":0},"f":{"0":0,"1":0,"2":0,"3":0,"4":0},"b":{"0":[0,0]}}
,"/Users/coreydolik/Desktop/OctoFlow/src/index.tsx": {"path":"/Users/coreydolik/Desktop/OctoFlow/src/index.tsx","statementMap":{"0":{"start":{"line":8,"column":13},"end":{"line":10,"column":1}},"1":{"start":{"line":12,"column":0},"end":{"line":18,"column":2}},"2":{"start":{"line":20,"column":0},"end":{"line":20,"column":18}}},"fnMap":{},"branchMap":{},"s":{"0":0,"1":0,"2":0},"f":{},"b":{}}
,"/Users/coreydolik/Desktop/OctoFlow/src/reportWebVitals.js": {"path":"/Users/coreydolik/Desktop/OctoFlow/src/reportWebVitals.js","statementMap":{"0":{"start":{"line":3,"column":24},"end":{"line":13,"column":1}},"1":{"start":{"line":4,"column":2},"end":{"line":12,"column":3}},"2":{"start":{"line":5,"column":4},"end":{"line":11,"column":7}},"3":{"start":{"line":6,"column":6},"end":{"line":6,"column":26}},"4":{"start":{"line":7,"column":6},"end":{"line":7,"column":26}},"5":{"start":{"line":8,"column":6},"end":{"line":8,"column":26}},"6":{"start":{"line":9,"column":6},"end":{"line":9,"column":26}},"7":{"start":{"line":10,"column":6},"end":{"line":10,"column":27}}},"fnMap":{"0":{"name":"(anonymous_0)","decl":{"start":{"line":3,"column":24},"end":{"line":3,"column":25}},"loc":{"start":{"line":3,"column":57},"end":{"line":13,"column":1}},"line":3},"1":{"name":"(anonymous_1)","decl":{"start":{"line":5,"column":30},"end":{"line":5,"column":31}},"loc":{"start":{"line":5,"column":79},"end":{"line":11,"column":5}},"line":5}},"branchMap":{"0":{"loc":{"start":{"line":4,"column":2},"end":{"line":12,"column":3}},"type":"if","locations":[{"start":{"line":4,"column":2},"end":{"line":12,"column":3}},{"start":{},"end":{}}],"line":4},"1":{"loc":{"start":{"line":4,"column":6},"end":{"line":4,"column":52}},"type":"binary-expr","locations":[{"start":{"line":4,"column":6},"end":{"line":4,"column":17}},{"start":{"line":4,"column":21},"end":{"line":4,"column":52}}],"line":4}},"s":{"0":0,"1":0,"2":0,"3":0,"4":0,"5":0,"6":0,"7":0},"f":{"0":0,"1":0},"b":{"0":[0,0],"1":[0,0]}}
,"/Users/coreydolik/Desktop/OctoFlow/src/reportWebVitals.ts": {"path":"/Users/coreydolik/Desktop/OctoFlow/src/reportWebVitals.ts","statementMap":{"0":{"start":{"line":3,"column":24},"end":{"line":13,"column":1}},"1":{"start":{"line":4,"column":2},"end":{"line":12,"column":3}},"2":{"start":{"line":5,"column":4},"end":{"line":11,"column":7}},"3":{"start":{"line":6,"column":6},"end":{"line":6,"column":26}},"4":{"start":{"line":7,"column":6},"end":{"line":7,"column":26}},"5":{"start":{"line":8,"column":6},"end":{"line":8,"column":26}},"6":{"start":{"line":9,"column":6},"end":{"line":9,"column":26}},"7":{"start":{"line":10,"column":6},"end":{"line":10,"column":27}}},"fnMap":{"0":{"name":"(anonymous_0)","decl":{"start":{"line":3,"column":24},"end":{"line":3,"column":25}},"loc":{"start":{"line":3,"column":63},"end":{"line":13,"column":1}},"line":3},"1":{"name":"(anonymous_1)","decl":{"start":{"line":5,"column":30},"end":{"line":5,"column":31}},"loc":{"start":{"line":5,"column":79},"end":{"line":11,"column":5}},"line":5}},"branchMap":{"0":{"loc":{"start":{"line":4,"column":2},"end":{"line":12,"column":3}},"type":"if","locations":[{"start":{"line":4,"column":2},"end":{"line":12,"column":3}},{"start":{},"end":{}}],"line":4},"1":{"loc":{"start":{"line":4,"column":6},"end":{"line":4,"column":52}},"type":"binary-expr","locations":[{"start":{"line":4,"column":6},"end":{"line":4,"column":17}},{"start":{"line":4,"column":21},"end":{"line":4,"column":52}}],"line":4}},"s":{"0":0,"1":0,"2":0,"3":0,"4":0,"5":0,"6":0,"7":0},"f":{"0":0,"1":0},"b":{"0":[0,0],"1":[0,0]}}
,"/Users/coreydolik/Desktop/OctoFlow/src/serviceWorker.ts": {"path":"/Users/coreydolik/Desktop/OctoFlow/src/serviceWorker.ts","statementMap":{"0":{"start":{"line":11,"column":0},"end":{"line":11,"column":15}},"1":{"start":{"line":14,"column":0},"end":{"line":14,"column":37}},"2":{"start":{"line":17,"column":28},"end":{"line":17,"column":58}},"3":{"start":{"line":18,"column":0},"end":{"line":32,"column":2}},"4":{"start":{"line":20,"column":4},"end":{"line":22,"column":5}},"5":{"start":{"line":21,"column":6},"end":{"line":21,"column":19}},"6":{"start":{"line":23,"column":4},"end":{"line":25,"column":5}},"7":{"start":{"line":24,"column":6},"end":{"line":24,"column":19}},"8":{"start":{"line":26,"column":4},"end":{"line":28,"column":5}},"9":{"start":{"line":27,"column":6},"end":{"line":27,"column":19}},"10":{"start":{"line":29,"column":4},"end":{"line":29,"column":16}},"11":{"start":{"line":35,"column":0},"end":{"line":43,"column":2}},"12":{"start":{"line":37,"column":4},"end":{"line":39,"column":36}},"13":{"start":{"line":46,"column":0},"end":{"line":57,"column":2}},"14":{"start":{"line":47,"column":19},"end":{"line":47,"column":50}},"15":{"start":{"line":60,"column":0},"end":{"line":71,"column":2}},"16":{"start":{"line":61,"column":15},"end":{"line":61,"column":47}},"17":{"start":{"line":74,"column":21},"end":{"line":83,"column":1}},"18":{"start":{"line":76,"column":25},"end":{"line":76,"column":47}},"19":{"start":{"line":77,"column":4},"end":{"line":77,"column":24}},"20":{"start":{"line":80,"column":4},"end":{"line":80,"column":56}},"21":{"start":{"line":81,"column":4},"end":{"line":81,"column":16}},"22":{"start":{"line":85,"column":0},"end":{"line":91,"column":2}},"23":{"start":{"line":86,"column":15},"end":{"line":86,"column":52}},"24":{"start":{"line":94,"column":22},"end":{"line":125,"column":1}},"25":{"start":{"line":127,"column":0},"end":{"line":135,"column":3}},"26":{"start":{"line":128,"column":2},"end":{"line":134,"column":3}},"27":{"start":{"line":129,"column":4},"end":{"line":133,"column":6}},"28":{"start":{"line":130,"column":39},"end":{"line":132,"column":8}},"29":{"start":{"line":138,"column":0},"end":{"line":158,"column":3}},"30":{"start":{"line":139,"column":2},"end":{"line":157,"column":3}},"31":{"start":{"line":140,"column":4},"end":{"line":156,"column":6}},"32":{"start":{"line":142,"column":22},"end":{"line":142,"column":65}},"33":{"start":{"line":143,"column":25},"end":{"line":143,"column":43}},"34":{"start":{"line":145,"column":8},"end":{"line":154,"column":10}},"35":{"start":{"line":147,"column":12},"end":{"line":152,"column":13}},"36":{"start":{"line":148,"column":14},"end":{"line":148,"column":35}},"37":{"start":{"line":149,"column":14},"end":{"line":149,"column":42}},"38":{"start":{"line":151,"column":14},"end":{"line":151,"column":62}},"39":{"start":{"line":161,"column":0},"end":{"line":165,"column":3}},"40":{"start":{"line":162,"column":2},"end":{"line":164,"column":3}},"41":{"start":{"line":163,"column":4},"end":{"line":163,"column":23}},"42":{"start":{"line":168,"column":25},"end":{"line":168,"column":60}},"43":{"start":{"line":171,"column":0},"end":{"line":173,"column":3}},"44":{"start":{"line":172,"column":2},"end":{"line":172,"column":51}},"45":{"start":{"line":175,"column":0},"end":{"line":177,"column":3}},"46":{"start":{"line":176,"column":2},"end":{"line":176,"column":52}},"47":{"start":{"line":195,"column":2},"end":{"line":241,"column":3}},"48":{"start":{"line":198,"column":22},"end":{"line":201,"column":5}},"49":{"start":{"line":203,"column":4},"end":{"line":208,"column":5}},"50":{"start":{"line":207,"column":6},"end":{"line":207,"column":13}},"51":{"start":{"line":210,"column":4},"end":{"line":229,"column":7}},"52":{"start":{"line":211,"column":20},"end":{"line":211,"column":71}},"53":{"start":{"line":213,"column":6},"end":{"line":228,"column":7}},"54":{"start":{"line":215,"column":8},"end":{"line":215,"column":47}},"55":{"start":{"line":219,"column":8},"end":{"line":224,"column":11}},"56":{"start":{"line":220,"column":10},"end":{"line":223,"column":12}},"57":{"start":{"line":227,"column":8},"end":{"line":227,"column":39}},"58":{"start":{"line":232,"column":4},"end":{"line":235,"column":7}},"59":{"start":{"line":233,"column":6},"end":{"line":233,"column":63}},"60":{"start":{"line":237,"column":4},"end":{"line":240,"column":7}},"61":{"start":{"line":238,"column":6},"end":{"line":238,"column":92}},"62":{"start":{"line":245,"column":2},"end":{"line":285,"column":7}},"63":{"start":{"line":248,"column":6},"end":{"line":281,"column":8}},"64":{"start":{"line":249,"column":33},"end":{"line":249,"column":56}},"65":{"start":{"line":250,"column":8},"end":{"line":252,"column":9}},"66":{"start":{"line":251,"column":10},"end":{"line":251,"column":17}},"67":{"start":{"line":253,"column":8},"end":{"line":280,"column":10}},"68":{"start":{"line":254,"column":10},"end":{"line":279,"column":11}},"69":{"start":{"line":255,"column":12},"end":{"line":278,"column":13}},"70":{"start":{"line":259,"column":14},"end":{"line":262,"column":16}},"71":{"start":{"line":265,"column":14},"end":{"line":267,"column":15}},"72":{"start":{"line":266,"column":16},"end":{"line":266,"column":46}},"73":{"start":{"line":272,"column":14},"end":{"line":272,"column":64}},"74":{"start":{"line":275,"column":14},"end":{"line":277,"column":15}},"75":{"start":{"line":276,"column":16},"end":{"line":276,"column":47}},"76":{"start":{"line":284,"column":6},"end":{"line":284,"column":72}},"77":{"start":{"line":290,"column":2},"end":{"line":315,"column":7}},"78":{"start":{"line":295,"column":26},"end":{"line":295,"column":62}},"79":{"start":{"line":296,"column":6},"end":{"line":309,"column":7}},"80":{"start":{"line":301,"column":8},"end":{"line":305,"column":11}},"81":{"start":{"line":302,"column":10},"end":{"line":304,"column":13}},"82":{"start":{"line":303,"column":12},"end":{"line":303,"column":37}},"83":{"start":{"line":308,"column":8},"end":{"line":308,"column":39}},"84":{"start":{"line":312,"column":6},"end":{"line":314,"column":8}},"85":{"start":{"line":319,"column":2},"end":{"line":327,"column":3}},"86":{"start":{"line":320,"column":4},"end":{"line":326,"column":9}},"87":{"start":{"line":322,"column":8},"end":{"line":322,"column":34}},"88":{"start":{"line":325,"column":8},"end":{"line":325,"column":37}},"89":{"start":{"line":331,"column":20},"end":{"line":339,"column":1}}},"fnMap":{"0":{"name":"(anonymous_0)","decl":{"start":{"line":19,"column":2},"end":{"line":19,"column":3}},"loc":{"start":{"line":19,"column":56},"end":{"line":30,"column":3}},"line":19},"1":{"name":"(anonymous_1)","decl":{"start":{"line":36,"column":2},"end":{"line":36,"column":3}},"loc":{"start":{"line":37,"column":4},"end":{"line":39,"column":36}},"line":37},"2":{"name":"(anonymous_2)","decl":{"start":{"line":47,"column":2},"end":{"line":47,"column":3}},"loc":{"start":{"line":47,"column":19},"end":{"line":47,"column":50}},"line":47},"3":{"name":"(anonymous_3)","decl":{"start":{"line":61,"column":2},"end":{"line":61,"column":3}},"loc":{"start":{"line":61,"column":15},"end":{"line":61,"column":47}},"line":61},"4":{"name":"(anonymous_4)","decl":{"start":{"line":75,"column":2},"end":{"line":75,"column":3}},"loc":{"start":{"line":75,"column":60},"end":{"line":78,"column":3}},"line":75},"5":{"name":"(anonymous_5)","decl":{"start":{"line":79,"column":2},"end":{"line":79,"column":3}},"loc":{"start":{"line":79,"column":59},"end":{"line":82,"column":3}},"line":79},"6":{"name":"(anonymous_6)","decl":{"start":{"line":86,"column":2},"end":{"line":86,"column":3}},"loc":{"start":{"line":86,"column":15},"end":{"line":86,"column":52}},"line":86},"7":{"name":"(anonymous_7)","decl":{"start":{"line":127,"column":31},"end":{"line":127,"column":32}},"loc":{"start":{"line":127,"column":42},"end":{"line":135,"column":1}},"line":127},"8":{"name":"(anonymous_8)","decl":{"start":{"line":130,"column":33},"end":{"line":130,"column":34}},"loc":{"start":{"line":130,"column":39},"end":{"line":132,"column":8}},"line":130},"9":{"name":"(anonymous_9)","decl":{"start":{"line":138,"column":30},"end":{"line":138,"column":31}},"loc":{"start":{"line":138,"column":41},"end":{"line":158,"column":1}},"line":138},"10":{"name":"(anonymous_10)","decl":{"start":{"line":141,"column":7},"end":{"line":141,"column":8}},"loc":{"start":{"line":141,"column":19},"end":{"line":155,"column":7}},"line":141},"11":{"name":"(anonymous_11)","decl":{"start":{"line":146,"column":23},"end":{"line":146,"column":24}},"loc":{"start":{"line":146,"column":42},"end":{"line":153,"column":11}},"line":146},"12":{"name":"(anonymous_12)","decl":{"start":{"line":161,"column":33},"end":{"line":161,"column":34}},"loc":{"start":{"line":161,"column":44},"end":{"line":165,"column":1}},"line":161},"13":{"name":"(anonymous_13)","decl":{"start":{"line":171,"column":32},"end":{"line":171,"column":33}},"loc":{"start":{"line":171,"column":38},"end":{"line":173,"column":1}},"line":171},"14":{"name":"(anonymous_14)","decl":{"start":{"line":175,"column":33},"end":{"line":175,"column":34}},"loc":{"start":{"line":175,"column":39},"end":{"line":177,"column":1}},"line":175},"15":{"name":"register","decl":{"start":{"line":194,"column":16},"end":{"line":194,"column":24}},"loc":{"start":{"line":194,"column":48},"end":{"line":242,"column":1}},"line":194},"16":{"name":"(anonymous_16)","decl":{"start":{"line":210,"column":36},"end":{"line":210,"column":37}},"loc":{"start":{"line":210,"column":42},"end":{"line":229,"column":5}},"line":210},"17":{"name":"(anonymous_17)","decl":{"start":{"line":219,"column":43},"end":{"line":219,"column":44}},"loc":{"start":{"line":219,"column":49},"end":{"line":224,"column":9}},"line":219},"18":{"name":"(anonymous_18)","decl":{"start":{"line":232,"column":38},"end":{"line":232,"column":39}},"loc":{"start":{"line":232,"column":44},"end":{"line":235,"column":5}},"line":232},"19":{"name":"(anonymous_19)","decl":{"start":{"line":237,"column":39},"end":{"line":237,"column":40}},"loc":{"start":{"line":237,"column":45},"end":{"line":240,"column":5}},"line":237},"20":{"name":"registerValidSW","decl":{"start":{"line":244,"column":9},"end":{"line":244,"column":24}},"loc":{"start":{"line":244,"column":63},"end":{"line":286,"column":1}},"line":244},"21":{"name":"(anonymous_21)","decl":{"start":{"line":247,"column":10},"end":{"line":247,"column":11}},"loc":{"start":{"line":247,"column":26},"end":{"line":282,"column":5}},"line":247},"22":{"name":"(anonymous_22)","decl":{"start":{"line":248,"column":35},"end":{"line":248,"column":36}},"loc":{"start":{"line":248,"column":41},"end":{"line":281,"column":7}},"line":248},"23":{"name":"(anonymous_23)","decl":{"start":{"line":253,"column":41},"end":{"line":253,"column":42}},"loc":{"start":{"line":253,"column":47},"end":{"line":280,"column":9}},"line":253},"24":{"name":"(anonymous_24)","decl":{"start":{"line":283,"column":11},"end":{"line":283,"column":12}},"loc":{"start":{"line":283,"column":20},"end":{"line":285,"column":5}},"line":283},"25":{"name":"checkValidServiceWorker","decl":{"start":{"line":288,"column":9},"end":{"line":288,"column":32}},"loc":{"start":{"line":288,"column":71},"end":{"line":316,"column":1}},"line":288},"26":{"name":"(anonymous_26)","decl":{"start":{"line":293,"column":10},"end":{"line":293,"column":11}},"loc":{"start":{"line":293,"column":22},"end":{"line":310,"column":5}},"line":293},"27":{"name":"(anonymous_27)","decl":{"start":{"line":301,"column":43},"end":{"line":301,"column":44}},"loc":{"start":{"line":301,"column":59},"end":{"line":305,"column":9}},"line":301},"28":{"name":"(anonymous_28)","decl":{"start":{"line":302,"column":41},"end":{"line":302,"column":42}},"loc":{"start":{"line":302,"column":47},"end":{"line":304,"column":11}},"line":302},"29":{"name":"(anonymous_29)","decl":{"start":{"line":311,"column":11},"end":{"line":311,"column":12}},"loc":{"start":{"line":311,"column":17},"end":{"line":315,"column":5}},"line":311},"30":{"name":"unregister","decl":{"start":{"line":318,"column":16},"end":{"line":318,"column":26}},"loc":{"start":{"line":318,"column":35},"end":{"line":328,"column":1}},"line":318},"31":{"name":"(anonymous_31)","decl":{"start":{"line":321,"column":12},"end":{"line":321,"column":13}},"loc":{"start":{"line":321,"column":28},"end":{"line":323,"column":7}},"line":321},"32":{"name":"(anonymous_32)","decl":{"start":{"line":324,"column":13},"end":{"line":324,"column":14}},"loc":{"start":{"line":324,"column":22},"end":{"line":326,"column":7}},"line":324}},"branchMap":{"0":{"loc":{"start":{"line":20,"column":4},"end":{"line":22,"column":5}},"type":"if","locations":[{"start":{"line":20,"column":4},"end":{"line":22,"column":5}},{"start":{},"end":{}}],"line":20},"1":{"loc":{"start":{"line":23,"column":4},"end":{"line":25,"column":5}},"type":"if","locations":[{"start":{"line":23,"column":4},"end":{"line":25,"column":5}},{"start":{},"end":{}}],"line":23},"2":{"loc":{"start":{"line":26,"column":4},"end":{"line":28,"column":5}},"type":"if","locations":[{"start":{"line":26,"column":4},"end":{"line":28,"column":5}},{"start":{},"end":{}}],"line":26},"3":{"loc":{"start":{"line":37,"column":4},"end":{"line":39,"column":36}},"type":"binary-expr","locations":[{"start":{"line":37,"column":4},"end":{"line":37,"column":35}},{"start":{"line":38,"column":4},"end":{"line":38,"column":36}},{"start":{"line":39,"column":4},"end":{"line":39,"column":36}}],"line":37},"4":{"loc":{"start":{"line":128,"column":2},"end":{"line":134,"column":3}},"type":"if","locations":[{"start":{"line":128,"column":2},"end":{"line":134,"column":3}},{"start":{},"end":{}}],"line":128},"5":{"loc":{"start":{"line":139,"column":2},"end":{"line":157,"column":3}},"type":"if","locations":[{"start":{"line":139,"column":2},"end":{"line":157,"column":3}},{"start":{},"end":{}}],"line":139},"6":{"loc":{"start":{"line":162,"column":2},"end":{"line":164,"column":3}},"type":"if","locations":[{"start":{"line":162,"column":2},"end":{"line":164,"column":3}},{"start":{},"end":{}}],"line":162},"7":{"loc":{"start":{"line":162,"column":6},"end":{"line":162,"column":54}},"type":"binary-expr","locations":[{"start":{"line":162,"column":6},"end":{"line":162,"column":16}},{"start":{"line":162,"column":20},"end":{"line":162,"column":54}}],"line":162},"8":{"loc":{"start":{"line":195,"column":2},"end":{"line":241,"column":3}},"type":"if","locations":[{"start":{"line":195,"column":2},"end":{"line":241,"column":3}},{"start":{},"end":{}}],"line":195},"9":{"loc":{"start":{"line":195,"column":6},"end":{"line":195,"column":75}},"type":"binary-expr","locations":[{"start":{"line":195,"column":6},"end":{"line":195,"column":43}},{"start":{"line":195,"column":47},"end":{"line":195,"column":75}}],"line":195},"10":{"loc":{"start":{"line":199,"column":6},"end":{"line":199,"column":34}},"type":"binary-expr","locations":[{"start":{"line":199,"column":6},"end":{"line":199,"column":28}},{"start":{"line":199,"column":32},"end":{"line":199,"column":34}}],"line":199},"11":{"loc":{"start":{"line":203,"column":4},"end":{"line":208,"column":5}},"type":"if","locations":[{"start":{"line":203,"column":4},"end":{"line":208,"column":5}},{"start":{},"end":{}}],"line":203},"12":{"loc":{"start":{"line":211,"column":23},"end":{"line":211,"column":51}},"type":"binary-expr","locations":[{"start":{"line":211,"column":23},"end":{"line":211,"column":45}},{"start":{"line":211,"column":49},"end":{"line":211,"column":51}}],"line":211},"13":{"loc":{"start":{"line":213,"column":6},"end":{"line":228,"column":7}},"type":"if","locations":[{"start":{"line":213,"column":6},"end":{"line":228,"column":7}},{"start":{"line":225,"column":13},"end":{"line":228,"column":7}}],"line":213},"14":{"loc":{"start":{"line":250,"column":8},"end":{"line":252,"column":9}},"type":"if","locations":[{"start":{"line":250,"column":8},"end":{"line":252,"column":9}},{"start":{},"end":{}}],"line":250},"15":{"loc":{"start":{"line":254,"column":10},"end":{"line":279,"column":11}},"type":"if","locations":[{"start":{"line":254,"column":10},"end":{"line":279,"column":11}},{"start":{},"end":{}}],"line":254},"16":{"loc":{"start":{"line":255,"column":12},"end":{"line":278,"column":13}},"type":"if","locations":[{"start":{"line":255,"column":12},"end":{"line":278,"column":13}},{"start":{"line":268,"column":19},"end":{"line":278,"column":13}}],"line":255},"17":{"loc":{"start":{"line":265,"column":14},"end":{"line":267,"column":15}},"type":"if","locations":[{"start":{"line":265,"column":14},"end":{"line":267,"column":15}},{"start":{},"end":{}}],"line":265},"18":{"loc":{"start":{"line":265,"column":18},"end":{"line":265,"column":43}},"type":"binary-expr","locations":[{"start":{"line":265,"column":18},"end":{"line":265,"column":24}},{"start":{"line":265,"column":28},"end":{"line":265,"column":43}}],"line":265},"19":{"loc":{"start":{"line":275,"column":14},"end":{"line":277,"column":15}},"type":"if","locations":[{"start":{"line":275,"column":14},"end":{"line":277,"column":15}},{"start":{},"end":{}}],"line":275},"20":{"loc":{"start":{"line":275,"column":18},"end":{"line":275,"column":44}},"type":"binary-expr","locations":[{"start":{"line":275,"column":18},"end":{"line":275,"column":24}},{"start":{"line":275,"column":28},"end":{"line":275,"column":44}}],"line":275},"21":{"loc":{"start":{"line":296,"column":6},"end":{"line":309,"column":7}},"type":"if","locations":[{"start":{"line":296,"column":6},"end":{"line":309,"column":7}},{"start":{"line":306,"column":13},"end":{"line":309,"column":7}}],"line":296},"22":{"loc":{"start":{"line":297,"column":8},"end":{"line":298,"column":73}},"type":"binary-expr","locations":[{"start":{"line":297,"column":8},"end":{"line":297,"column":31}},{"start":{"line":298,"column":9},"end":{"line":298,"column":28}},{"start":{"line":298,"column":32},"end":{"line":298,"column":72}}],"line":297},"23":{"loc":{"start":{"line":319,"column":2},"end":{"line":327,"column":3}},"type":"if","locations":[{"start":{"line":319,"column":2},"end":{"line":327,"column":3}},{"start":{},"end":{}}],"line":319},"24":{"loc":{"start":{"line":332,"column":2},"end":{"line":338,"column":5}},"type":"binary-expr","locations":[{"start":{"line":332,"column":2},"end":{"line":332,"column":42}},{"start":{"line":334,"column":4},"end":{"line":334,"column":40}},{"start":{"line":336,"column":4},"end":{"line":338,"column":5}}],"line":332}},"s":{"0":0,"1":0,"2":0,"3":0,"4":0,"5":0,"6":0,"7":0,"8":0,"9":0,"10":0,"11":0,"12":0,"13":0,"14":0,"15":0,"16":0,"17":0,"18":0,"19":0,"20":0,"21":0,"22":0,"23":0,"24":0,"25":0,"26":0,"27":0,"28":0,"29":0,"30":0,"31":0,"32":0,"33":0,"34":0,"35":0,"36":0,"37":0,"38":0,"39":0,"40":0,"41":0,"42":0,"43":0,"44":0,"45":0,"46":0,"47":0,"48":0,"49":0,"50":0,"51":0,"52":0,"53":0,"54":0,"55":0,"56":0,"57":0,"58":0,"59":0,"60":0,"61":0,"62":0,"63":0,"64":0,"65":0,"66":0,"67":0,"68":0,"69":0,"70":0,"71":0,"72":0,"73":0,"74":0,"75":0,"76":0,"77":0,"78":0,"79":0,"80":0,"81":0,"82":0,"83":0,"84":0,"85":0,"86":0,"87":0,"88":0,"89":0},"f":{"0":0,"1":0,"2":0,"3":0,"4":0,"5":0,"6":0,"7":0,"8":0,"9":0,"10":0,"11":0,"12":0,"13":0,"14":0,"15":0,"16":0,"17":0,"18":0,"19":0,"20":0,"21":0,"22":0,"23":0,"24":0,"25":0,"26":0,"27":0,"28":0,"29":0,"30":0,"31":0,"32":0},"b":{"0":[0,0],"1":[0,0],"2":[0,0],"3":[0,0,0],"4":[0,0],"5":[0,0],"6":[0,0],"7":[0,0],"8":[0,0],"9":[0,0],"10":[0,0],"11":[0,0],"12":[0,0],"13":[0,0],"14":[0,0],"15":[0,0],"16":[0,0],"17":[0,0],"18":[0,0],"19":[0,0],"20":[0,0],"21":[0,0],"22":[0,0,0],"23":[0,0],"24":[0,0,0]}}
,"/Users/coreydolik/Desktop/OctoFlow/src/setupPolyfills.js": {"path":"/Users/coreydolik/Desktop/OctoFlow/src/setupPolyfills.js","statementMap":{"0":{"start":{"line":5,"column":0},"end":{"line":12,"column":1}},"1":{"start":{"line":6,"column":2},"end":{"line":11,"column":4}},"2":{"start":{"line":8,"column":6},"end":{"line":8,"column":25}},"3":{"start":{"line":9,"column":6},"end":{"line":9,"column":25}},"4":{"start":{"line":15,"column":0},"end":{"line":25,"column":1}},"5":{"start":{"line":16,"column":2},"end":{"line":24,"column":4}},"6":{"start":{"line":18,"column":20},"end":{"line":18,"column":46}},"7":{"start":{"line":19,"column":6},"end":{"line":21,"column":7}},"8":{"start":{"line":19,"column":19},"end":{"line":19,"column":20}},"9":{"start":{"line":20,"column":8},"end":{"line":20,"column":37}},"10":{"start":{"line":22,"column":6},"end":{"line":22,"column":19}},"11":{"start":{"line":27,"column":0},"end":{"line":33,"column":1}},"12":{"start":{"line":28,"column":2},"end":{"line":32,"column":4}},"13":{"start":{"line":30,"column":6},"end":{"line":30,"column":50}}},"fnMap":{"0":{"name":"(anonymous_0)","decl":{"start":{"line":7,"column":4},"end":{"line":7,"column":5}},"loc":{"start":{"line":7,"column":18},"end":{"line":10,"column":5}},"line":7},"1":{"name":"(anonymous_1)","decl":{"start":{"line":17,"column":4},"end":{"line":17,"column":5}},"loc":{"start":{"line":17,"column":16},"end":{"line":23,"column":5}},"line":17},"2":{"name":"(anonymous_2)","decl":{"start":{"line":29,"column":4},"end":{"line":29,"column":5}},"loc":{"start":{"line":29,"column":16},"end":{"line":31,"column":5}},"line":29}},"branchMap":{"0":{"loc":{"start":{"line":5,"column":0},"end":{"line":12,"column":1}},"type":"if","locations":[{"start":{"line":5,"column":0},"end":{"line":12,"column":1}},{"start":{},"end":{}}],"line":5},"1":{"loc":{"start":{"line":15,"column":0},"end":{"line":25,"column":1}},"type":"if","locations":[{"start":{"line":15,"column":0},"end":{"line":25,"column":1}},{"start":{},"end":{}}],"line":15},"2":{"loc":{"start":{"line":27,"column":0},"end":{"line":33,"column":1}},"type":"if","locations":[{"start":{"line":27,"column":0},"end":{"line":33,"column":1}},{"start":{},"end":{}}],"line":27}},"s":{"0":0,"1":0,"2":0,"3":0,"4":0,"5":0,"6":0,"7":0,"8":0,"9":0,"10":0,"11":0,"12":0,"13":0},"f":{"0":0,"1":0,"2":0},"b":{"0":[0,0],"1":[0,0],"2":[0,0]}}
,"/Users/coreydolik/Desktop/OctoFlow/src/setupTests.ts": {"path":"/Users/coreydolik/Desktop/OctoFlow/src/setupTests.ts","statementMap":{"0":{"start":{"line":43,"column":0},"end":{"line":43,"column":64}},"1":{"start":{"line":43,"column":16},"end":{"line":43,"column":62}},"2":{"start":{"line":44,"column":0},"end":{"line":47,"column":3}},"3":{"start":{"line":45,"column":2},"end":{"line":45,"column":12}},"4":{"start":{"line":46,"column":2},"end":{"line":46,"column":25}},"5":{"start":{"line":48,"column":0},"end":{"line":48,"column":31}},"6":{"start":{"line":48,"column":15},"end":{"line":48,"column":29}},"7":{"start":{"line":51,"column":20},"end":{"line":51,"column":45}},"8":{"start":{"line":52,"column":0},"end":{"line":61,"column":3}},"9":{"start":{"line":54,"column":38},"end":{"line":54,"column":66}},"10":{"start":{"line":55,"column":53},"end":{"line":55,"column":80}},"11":{"start":{"line":56,"column":41},"end":{"line":56,"column":64}},"12":{"start":{"line":57,"column":25},"end":{"line":57,"column":44}},"13":{"start":{"line":59,"column":36},"end":{"line":59,"column":73}},"14":{"start":{"line":64,"column":29},"end":{"line":76,"column":1}},"15":{"start":{"line":66,"column":24},"end":{"line":74,"column":3}},"16":{"start":{"line":78,"column":0},"end":{"line":83,"column":4}},"17":{"start":{"line":78,"column":29},"end":{"line":83,"column":1}},"18":{"start":{"line":86,"column":0},"end":{"line":97,"column":15}},"19":{"start":{"line":87,"column":2},"end":{"line":96,"column":4}},"20":{"start":{"line":89,"column":16},"end":{"line":89,"column":35}},"21":{"start":{"line":90,"column":16},"end":{"line":90,"column":35}},"22":{"start":{"line":91,"column":16},"end":{"line":91,"column":43}},"23":{"start":{"line":92,"column":23},"end":{"line":92,"column":58}},"24":{"start":{"line":100,"column":0},"end":{"line":103,"column":1}},"25":{"start":{"line":101,"column":2},"end":{"line":102,"column":31}},"26":{"start":{"line":102,"column":4},"end":{"line":102,"column":30}},"27":{"start":{"line":106,"column":22},"end":{"line":106,"column":35}},"28":{"start":{"line":107,"column":21},"end":{"line":107,"column":33}},"29":{"start":{"line":109,"column":0},"end":{"line":135,"column":3}},"30":{"start":{"line":110,"column":2},"end":{"line":123,"column":4}},"31":{"start":{"line":111,"column":4},"end":{"line":121,"column":5}},"32":{"start":{"line":120,"column":6},"end":{"line":120,"column":13}},"33":{"start":{"line":122,"column":4},"end":{"line":122,"column":41}},"34":{"start":{"line":125,"column":2},"end":{"line":134,"column":4}},"35":{"start":{"line":126,"column":4},"end":{"line":132,"column":5}},"36":{"start":{"line":131,"column":6},"end":{"line":131,"column":13}},"37":{"start":{"line":133,"column":4},"end":{"line":133,"column":40}},"38":{"start":{"line":138,"column":0},"end":{"line":150,"column":3}},"39":{"start":{"line":140,"column":48},"end":{"line":149,"column":3}},"40":{"start":{"line":153,"column":0},"end":{"line":161,"column":2}},"41":{"start":{"line":155,"column":4},"end":{"line":155,"column":29}},"42":{"start":{"line":164,"column":0},"end":{"line":173,"column":2}},"43":{"start":{"line":166,"column":4},"end":{"line":166,"column":29}},"44":{"start":{"line":172,"column":18},"end":{"line":172,"column":28}},"45":{"start":{"line":176,"column":28},"end":{"line":176,"column":46}},"46":{"start":{"line":177,"column":0},"end":{"line":189,"column":3}},"47":{"start":{"line":178,"column":2},"end":{"line":188,"column":5}},"48":{"start":{"line":192,"column":0},"end":{"line":248,"column":3}},"49":{"start":{"line":194,"column":17},"end":{"line":194,"column":79}},"50":{"start":{"line":195,"column":4},"end":{"line":198,"column":6}},"51":{"start":{"line":196,"column":21},"end":{"line":196,"column":79}},"52":{"start":{"line":201,"column":24},"end":{"line":201,"column":68}},"53":{"start":{"line":202,"column":17},"end":{"line":202,"column":57}},"54":{"start":{"line":203,"column":4},"end":{"line":206,"column":6}},"55":{"start":{"line":204,"column":21},"end":{"line":204,"column":83}},"56":{"start":{"line":209,"column":17},"end":{"line":211,"column":59}},"57":{"start":{"line":212,"column":4},"end":{"line":215,"column":6}},"58":{"start":{"line":213,"column":21},"end":{"line":213,"column":69}},"59":{"start":{"line":218,"column":17},"end":{"line":221,"column":63}},"60":{"start":{"line":222,"column":4},"end":{"line":225,"column":6}},"61":{"start":{"line":223,"column":21},"end":{"line":223,"column":81}},"62":{"start":{"line":228,"column":25},"end":{"line":228,"column":81}},"63":{"start":{"line":229,"column":17},"end":{"line":231,"column":70}},"64":{"start":{"line":231,"column":42},"end":{"line":231,"column":69}},"65":{"start":{"line":232,"column":4},"end":{"line":235,"column":6}},"66":{"start":{"line":233,"column":21},"end":{"line":233,"column":117}},"67":{"start":{"line":238,"column":17},"end":{"line":242,"column":50}},"68":{"start":{"line":243,"column":4},"end":{"line":246,"column":6}},"69":{"start":{"line":244,"column":21},"end":{"line":244,"column":117}},"70":{"start":{"line":251,"column":0},"end":{"line":258,"column":3}},"71":{"start":{"line":252,"column":2},"end":{"line":252,"column":22}},"72":{"start":{"line":253,"column":2},"end":{"line":253,"column":22}},"73":{"start":{"line":254,"column":2},"end":{"line":254,"column":31}},"74":{"start":{"line":255,"column":2},"end":{"line":255,"column":35}},"75":{"start":{"line":256,"column":2},"end":{"line":256,"column":23}},"76":{"start":{"line":257,"column":2},"end":{"line":257,"column":23}},"77":{"start":{"line":260,"column":0},"end":{"line":278,"column":3}},"78":{"start":{"line":261,"column":2},"end":{"line":261,"column":31}},"79":{"start":{"line":262,"column":2},"end":{"line":262,"column":23}},"80":{"start":{"line":263,"column":2},"end":{"line":263,"column":30}},"81":{"start":{"line":264,"column":2},"end":{"line":264,"column":23}},"82":{"start":{"line":266,"column":2},"end":{"line":277,"column":5}},"83":{"start":{"line":267,"column":4},"end":{"line":276,"column":7}},"84":{"start":{"line":268,"column":28},"end":{"line":268,"column":48}},"85":{"start":{"line":269,"column":6},"end":{"line":274,"column":7}},"86":{"start":{"line":270,"column":8},"end":{"line":273,"column":10}},"87":{"start":{"line":275,"column":6},"end":{"line":275,"column":16}}},"fnMap":{"0":{"name":"(anonymous_0)","decl":{"start":{"line":43,"column":10},"end":{"line":43,"column":11}},"loc":{"start":{"line":43,"column":16},"end":{"line":43,"column":62}},"line":43},"1":{"name":"(anonymous_1)","decl":{"start":{"line":44,"column":10},"end":{"line":44,"column":11}},"loc":{"start":{"line":44,"column":16},"end":{"line":47,"column":1}},"line":44},"2":{"name":"(anonymous_2)","decl":{"start":{"line":48,"column":9},"end":{"line":48,"column":10}},"loc":{"start":{"line":48,"column":15},"end":{"line":48,"column":29}},"line":48},"3":{"name":"(anonymous_3)","decl":{"start":{"line":54,"column":21},"end":{"line":54,"column":22}},"loc":{"start":{"line":54,"column":38},"end":{"line":54,"column":66}},"line":54},"4":{"name":"(anonymous_4)","decl":{"start":{"line":55,"column":21},"end":{"line":55,"column":22}},"loc":{"start":{"line":55,"column":53},"end":{"line":55,"column":80}},"line":55},"5":{"name":"(anonymous_5)","decl":{"start":{"line":56,"column":24},"end":{"line":56,"column":25}},"loc":{"start":{"line":56,"column":41},"end":{"line":56,"column":64}},"line":56},"6":{"name":"(anonymous_6)","decl":{"start":{"line":57,"column":19},"end":{"line":57,"column":20}},"loc":{"start":{"line":57,"column":25},"end":{"line":57,"column":44}},"line":57},"7":{"name":"(anonymous_7)","decl":{"start":{"line":59,"column":17},"end":{"line":59,"column":18}},"loc":{"start":{"line":59,"column":36},"end":{"line":59,"column":73}},"line":59},"8":{"name":"(anonymous_8)","decl":{"start":{"line":66,"column":17},"end":{"line":66,"column":18}},"loc":{"start":{"line":66,"column":24},"end":{"line":74,"column":3}},"line":66},"9":{"name":"(anonymous_9)","decl":{"start":{"line":78,"column":22},"end":{"line":78,"column":23}},"loc":{"start":{"line":78,"column":29},"end":{"line":83,"column":1}},"line":78},"10":{"name":"(anonymous_10)","decl":{"start":{"line":86,"column":23},"end":{"line":86,"column":24}},"loc":{"start":{"line":87,"column":2},"end":{"line":96,"column":4}},"line":87},"11":{"name":"(anonymous_11)","decl":{"start":{"line":89,"column":10},"end":{"line":89,"column":11}},"loc":{"start":{"line":89,"column":16},"end":{"line":89,"column":35}},"line":89},"12":{"name":"(anonymous_12)","decl":{"start":{"line":90,"column":10},"end":{"line":90,"column":11}},"loc":{"start":{"line":90,"column":16},"end":{"line":90,"column":35}},"line":90},"13":{"name":"(anonymous_13)","decl":{"start":{"line":91,"column":10},"end":{"line":91,"column":11}},"loc":{"start":{"line":91,"column":16},"end":{"line":91,"column":43}},"line":91},"14":{"name":"(anonymous_14)","decl":{"start":{"line":92,"column":17},"end":{"line":92,"column":18}},"loc":{"start":{"line":92,"column":23},"end":{"line":92,"column":58}},"line":92},"15":{"name":"(anonymous_15)","decl":{"start":{"line":101,"column":24},"end":{"line":101,"column":25}},"loc":{"start":{"line":102,"column":4},"end":{"line":102,"column":30}},"line":102},"16":{"name":"(anonymous_16)","decl":{"start":{"line":109,"column":10},"end":{"line":109,"column":11}},"loc":{"start":{"line":109,"column":16},"end":{"line":135,"column":1}},"line":109},"17":{"name":"(anonymous_17)","decl":{"start":{"line":110,"column":18},"end":{"line":110,"column":19}},"loc":{"start":{"line":110,"column":42},"end":{"line":123,"column":3}},"line":110},"18":{"name":"(anonymous_18)","decl":{"start":{"line":125,"column":17},"end":{"line":125,"column":18}},"loc":{"start":{"line":125,"column":41},"end":{"line":134,"column":3}},"line":125},"19":{"name":"(anonymous_19)","decl":{"start":{"line":140,"column":38},"end":{"line":140,"column":39}},"loc":{"start":{"line":140,"column":48},"end":{"line":149,"column":3}},"line":140},"20":{"name":"(anonymous_20)","decl":{"start":{"line":154,"column":2},"end":{"line":154,"column":3}},"loc":{"start":{"line":154,"column":48},"end":{"line":156,"column":3}},"line":154},"21":{"name":"(anonymous_21)","decl":{"start":{"line":158,"column":2},"end":{"line":158,"column":3}},"loc":{"start":{"line":158,"column":15},"end":{"line":158,"column":18}},"line":158},"22":{"name":"(anonymous_22)","decl":{"start":{"line":159,"column":2},"end":{"line":159,"column":3}},"loc":{"start":{"line":159,"column":12},"end":{"line":159,"column":15}},"line":159},"23":{"name":"(anonymous_23)","decl":{"start":{"line":160,"column":2},"end":{"line":160,"column":3}},"loc":{"start":{"line":160,"column":14},"end":{"line":160,"column":17}},"line":160},"24":{"name":"(anonymous_24)","decl":{"start":{"line":165,"column":2},"end":{"line":165,"column":3}},"loc":{"start":{"line":165,"column":54},"end":{"line":167,"column":3}},"line":165},"25":{"name":"(anonymous_25)","decl":{"start":{"line":169,"column":2},"end":{"line":169,"column":3}},"loc":{"start":{"line":169,"column":15},"end":{"line":169,"column":18}},"line":169},"26":{"name":"(anonymous_26)","decl":{"start":{"line":170,"column":2},"end":{"line":170,"column":3}},"loc":{"start":{"line":170,"column":12},"end":{"line":170,"column":15}},"line":170},"27":{"name":"(anonymous_27)","decl":{"start":{"line":171,"column":2},"end":{"line":171,"column":3}},"loc":{"start":{"line":171,"column":14},"end":{"line":171,"column":17}},"line":171},"28":{"name":"(anonymous_28)","decl":{"start":{"line":172,"column":2},"end":{"line":172,"column":3}},"loc":{"start":{"line":172,"column":16},"end":{"line":172,"column":30}},"line":172},"29":{"name":"(anonymous_29)","decl":{"start":{"line":177,"column":10},"end":{"line":177,"column":11}},"loc":{"start":{"line":177,"column":16},"end":{"line":189,"column":1}},"line":177},"30":{"name":"(anonymous_30)","decl":{"start":{"line":193,"column":2},"end":{"line":193,"column":3}},"loc":{"start":{"line":193,"column":62},"end":{"line":199,"column":3}},"line":193},"31":{"name":"(anonymous_31)","decl":{"start":{"line":196,"column":15},"end":{"line":196,"column":16}},"loc":{"start":{"line":196,"column":21},"end":{"line":196,"column":79}},"line":196},"32":{"name":"(anonymous_32)","decl":{"start":{"line":200,"column":2},"end":{"line":200,"column":3}},"loc":{"start":{"line":200,"column":62},"end":{"line":207,"column":3}},"line":200},"33":{"name":"(anonymous_33)","decl":{"start":{"line":204,"column":15},"end":{"line":204,"column":16}},"loc":{"start":{"line":204,"column":21},"end":{"line":204,"column":83}},"line":204},"34":{"name":"(anonymous_34)","decl":{"start":{"line":208,"column":2},"end":{"line":208,"column":3}},"loc":{"start":{"line":208,"column":62},"end":{"line":216,"column":3}},"line":208},"35":{"name":"(anonymous_35)","decl":{"start":{"line":213,"column":15},"end":{"line":213,"column":16}},"loc":{"start":{"line":213,"column":21},"end":{"line":213,"column":69}},"line":213},"36":{"name":"(anonymous_36)","decl":{"start":{"line":217,"column":2},"end":{"line":217,"column":3}},"loc":{"start":{"line":217,"column":65},"end":{"line":226,"column":3}},"line":217},"37":{"name":"(anonymous_37)","decl":{"start":{"line":223,"column":15},"end":{"line":223,"column":16}},"loc":{"start":{"line":223,"column":21},"end":{"line":223,"column":81}},"line":223},"38":{"name":"(anonymous_38)","decl":{"start":{"line":227,"column":2},"end":{"line":227,"column":3}},"loc":{"start":{"line":227,"column":71},"end":{"line":236,"column":3}},"line":227},"39":{"name":"(anonymous_39)","decl":{"start":{"line":231,"column":35},"end":{"line":231,"column":36}},"loc":{"start":{"line":231,"column":42},"end":{"line":231,"column":69}},"line":231},"40":{"name":"(anonymous_40)","decl":{"start":{"line":233,"column":15},"end":{"line":233,"column":16}},"loc":{"start":{"line":233,"column":21},"end":{"line":233,"column":117}},"line":233},"41":{"name":"(anonymous_41)","decl":{"start":{"line":237,"column":2},"end":{"line":237,"column":3}},"loc":{"start":{"line":237,"column":74},"end":{"line":247,"column":3}},"line":237},"42":{"name":"(anonymous_42)","decl":{"start":{"line":244,"column":15},"end":{"line":244,"column":16}},"loc":{"start":{"line":244,"column":21},"end":{"line":244,"column":117}},"line":244},"43":{"name":"(anonymous_43)","decl":{"start":{"line":251,"column":11},"end":{"line":251,"column":12}},"loc":{"start":{"line":251,"column":17},"end":{"line":258,"column":1}},"line":251},"44":{"name":"(anonymous_44)","decl":{"start":{"line":260,"column":10},"end":{"line":260,"column":11}},"loc":{"start":{"line":260,"column":16},"end":{"line":278,"column":1}},"line":260},"45":{"name":"(anonymous_45)","decl":{"start":{"line":266,"column":27},"end":{"line":266,"column":28}},"loc":{"start":{"line":266,"column":38},"end":{"line":277,"column":3}},"line":266},"46":{"name":"(anonymous_46)","decl":{"start":{"line":267,"column":17},"end":{"line":267,"column":18}},"loc":{"start":{"line":267,"column":23},"end":{"line":276,"column":5}},"line":267}},"branchMap":{"0":{"loc":{"start":{"line":54,"column":38},"end":{"line":54,"column":66}},"type":"binary-expr","locations":[{"start":{"line":54,"column":38},"end":{"line":54,"column":58}},{"start":{"line":54,"column":62},"end":{"line":54,"column":66}}],"line":54},"1":{"loc":{"start":{"line":100,"column":0},"end":{"line":103,"column":1}},"type":"if","locations":[{"start":{"line":100,"column":0},"end":{"line":103,"column":1}},{"start":{},"end":{}}],"line":100},"2":{"loc":{"start":{"line":111,"column":4},"end":{"line":121,"column":5}},"type":"if","locations":[{"start":{"line":111,"column":4},"end":{"line":121,"column":5}},{"start":{},"end":{}}],"line":111},"3":{"loc":{"start":{"line":112,"column":6},"end":{"line":118,"column":61}},"type":"binary-expr","locations":[{"start":{"line":112,"column":6},"end":{"line":112,"column":33}},{"start":{"line":113,"column":7},"end":{"line":113,"column":55}},{"start":{"line":114,"column":7},"end":{"line":114,"column":48}},{"start":{"line":115,"column":7},"end":{"line":115,"column":61}},{"start":{"line":116,"column":7},"end":{"line":116,"column":76}},{"start":{"line":117,"column":7},"end":{"line":117,"column":43}},{"start":{"line":118,"column":7},"end":{"line":118,"column":60}}],"line":112},"4":{"loc":{"start":{"line":126,"column":4},"end":{"line":132,"column":5}},"type":"if","locations":[{"start":{"line":126,"column":4},"end":{"line":132,"column":5}},{"start":{},"end":{}}],"line":126},"5":{"loc":{"start":{"line":127,"column":6},"end":{"line":129,"column":46}},"type":"binary-expr","locations":[{"start":{"line":127,"column":6},"end":{"line":127,"column":33}},{"start":{"line":128,"column":7},"end":{"line":128,"column":52}},{"start":{"line":129,"column":7},"end":{"line":129,"column":45}}],"line":127},"6":{"loc":{"start":{"line":194,"column":17},"end":{"line":194,"column":79}},"type":"binary-expr","locations":[{"start":{"line":194,"column":17},"end":{"line":194,"column":45}},{"start":{"line":194,"column":49},"end":{"line":194,"column":62}},{"start":{"line":194,"column":66},"end":{"line":194,"column":79}}],"line":194},"7":{"loc":{"start":{"line":209,"column":17},"end":{"line":211,"column":59}},"type":"binary-expr","locations":[{"start":{"line":209,"column":17},"end":{"line":209,"column":45}},{"start":{"line":210,"column":17},"end":{"line":210,"column":56}},{"start":{"line":211,"column":17},"end":{"line":211,"column":58}}],"line":209},"8":{"loc":{"start":{"line":218,"column":17},"end":{"line":221,"column":63}},"type":"binary-expr","locations":[{"start":{"line":218,"column":17},"end":{"line":218,"column":25}},{"start":{"line":219,"column":16},"end":{"line":219,"column":44}},{"start":{"line":220,"column":16},"end":{"line":220,"column":46}},{"start":{"line":221,"column":16},"end":{"line":221,"column":63}}],"line":218},"9":{"loc":{"start":{"line":229,"column":17},"end":{"line":231,"column":70}},"type":"binary-expr","locations":[{"start":{"line":229,"column":17},"end":{"line":229,"column":25}},{"start":{"line":230,"column":16},"end":{"line":230,"column":44}},{"start":{"line":231,"column":16},"end":{"line":231,"column":70}}],"line":229},"10":{"loc":{"start":{"line":238,"column":17},"end":{"line":242,"column":50}},"type":"binary-expr","locations":[{"start":{"line":238,"column":17},"end":{"line":238,"column":25}},{"start":{"line":239,"column":16},"end":{"line":239,"column":44}},{"start":{"line":240,"column":16},"end":{"line":240,"column":51}},{"start":{"line":241,"column":16},"end":{"line":241,"column":54}},{"start":{"line":242,"column":16},"end":{"line":242,"column":50}}],"line":238},"11":{"loc":{"start":{"line":269,"column":6},"end":{"line":274,"column":7}},"type":"if","locations":[{"start":{"line":269,"column":6},"end":{"line":274,"column":7}},{"start":{},"end":{}}],"line":269}},"s":{"0":0,"1":0,"2":0,"3":0,"4":0,"5":0,"6":0,"7":0,"8":0,"9":0,"10":0,"11":0,"12":0,"13":0,"14":0,"15":0,"16":0,"17":0,"18":0,"19":0,"20":0,"21":0,"22":0,"23":0,"24":0,"25":0,"26":0,"27":0,"28":0,"29":0,"30":0,"31":0,"32":0,"33":0,"34":0,"35":0,"36":0,"37":0,"38":0,"39":0,"40":0,"41":0,"42":0,"43":0,"44":0,"45":0,"46":0,"47":0,"48":0,"49":0,"50":0,"51":0,"52":0,"53":0,"54":0,"55":0,"56":0,"57":0,"58":0,"59":0,"60":0,"61":0,"62":0,"63":0,"64":0,"65":0,"66":0,"67":0,"68":0,"69":0,"70":0,"71":0,"72":0,"73":0,"74":0,"75":0,"76":0,"77":0,"78":0,"79":0,"80":0,"81":0,"82":0,"83":0,"84":0,"85":0,"86":0,"87":0},"f":{"0":0,"1":0,"2":0,"3":0,"4":0,"5":0,"6":0,"7":0,"8":0,"9":0,"10":0,"11":0,"12":0,"13":0,"14":0,"15":0,"16":0,"17":0,"18":0,"19":0,"20":0,"21":0,"22":0,"23":0,"24":0,"25":0,"26":0,"27":0,"28":0,"29":0,"30":0,"31":0,"32":0,"33":0,"34":0,"35":0,"36":0,"37":0,"38":0,"39":0,"40":0,"41":0,"42":0,"43":0,"44":0,"45":0,"46":0},"b":{"0":[0,0],"1":[0,0],"2":[0,0],"3":[0,0,0,0,0,0,0],"4":[0,0],"5":[0,0,0],"6":[0,0,0],"7":[0,0,0],"8":[0,0,0,0],"9":[0,0,0],"10":[0,0,0,0,0],"11":[0,0]}}
,"/Users/coreydolik/Desktop/OctoFlow/src/components/AccessibleShortcutHelper.tsx": {"path":"/Users/coreydolik/Desktop/OctoFlow/src/components/AccessibleShortcutHelper.tsx","statementMap":{"0":{"start":{"line":19,"column":20},"end":{"line":19,"column":48}},"1":{"start":{"line":20,"column":31},"end":{"line":20,"column":60}},"2":{"start":{"line":22,"column":2},"end":{"line":26,"column":16}},"3":{"start":{"line":23,"column":4},"end":{"line":25,"column":5}},"4":{"start":{"line":24,"column":6},"end":{"line":24,"column":32}},"5":{"start":{"line":28,"column":24},"end":{"line":32,"column":3}},"6":{"start":{"line":29,"column":4},"end":{"line":31,"column":5}},"7":{"start":{"line":30,"column":6},"end":{"line":30,"column":16}},"8":{"start":{"line":34,"column":28},"end":{"line":36,"column":3}},"9":{"start":{"line":35,"column":4},"end":{"line":35,"column":49}},"10":{"start":{"line":38,"column":2},"end":{"line":38,"column":28}},"11":{"start":{"line":38,"column":16},"end":{"line":38,"column":28}},"12":{"start":{"line":40,"column":2},"end":{"line":91,"column":4}},"13":{"start":{"line":64,"column":10},"end":{"line":76,"column":16}}},"fnMap":{"0":{"name":"AccessibleShortcutHelper","decl":{"start":{"line":13,"column":16},"end":{"line":13,"column":40}},"loc":{"start":{"line":18,"column":47},"end":{"line":92,"column":1}},"line":18},"1":{"name":"(anonymous_1)","decl":{"start":{"line":22,"column":12},"end":{"line":22,"column":13}},"loc":{"start":{"line":22,"column":18},"end":{"line":26,"column":3}},"line":22},"2":{"name":"(anonymous_2)","decl":{"start":{"line":28,"column":24},"end":{"line":28,"column":25}},"loc":{"start":{"line":28,"column":56},"end":{"line":32,"column":3}},"line":28},"3":{"name":"(anonymous_3)","decl":{"start":{"line":34,"column":45},"end":{"line":34,"column":46}},"loc":{"start":{"line":35,"column":4},"end":{"line":35,"column":49}},"line":35},"4":{"name":"(anonymous_4)","decl":{"start":{"line":63,"column":31},"end":{"line":63,"column":32}},"loc":{"start":{"line":64,"column":10},"end":{"line":76,"column":16}},"line":64}},"branchMap":{"0":{"loc":{"start":{"line":16,"column":2},"end":{"line":16,"column":16}},"type":"default-arg","locations":[{"start":{"line":16,"column":12},"end":{"line":16,"column":16}}],"line":16},"1":{"loc":{"start":{"line":23,"column":4},"end":{"line":25,"column":5}},"type":"if","locations":[{"start":{"line":23,"column":4},"end":{"line":25,"column":5}},{"start":{},"end":{}}],"line":23},"2":{"loc":{"start":{"line":23,"column":8},"end":{"line":23,"column":36}},"type":"binary-expr","locations":[{"start":{"line":23,"column":8},"end":{"line":23,"column":15}},{"start":{"line":23,"column":19},"end":{"line":23,"column":36}}],"line":23},"3":{"loc":{"start":{"line":29,"column":4},"end":{"line":31,"column":5}},"type":"if","locations":[{"start":{"line":29,"column":4},"end":{"line":31,"column":5}},{"start":{},"end":{}}],"line":29},"4":{"loc":{"start":{"line":29,"column":8},"end":{"line":29,"column":41}},"type":"binary-expr","locations":[{"start":{"line":29,"column":8},"end":{"line":29,"column":30}},{"start":{"line":29,"column":34},"end":{"line":29,"column":41}}],"line":29},"5":{"loc":{"start":{"line":35,"column":4},"end":{"line":35,"column":49}},"type":"binary-expr","locations":[{"start":{"line":35,"column":4},"end":{"line":35,"column":26}},{"start":{"line":35,"column":30},"end":{"line":35,"column":49}}],"line":35},"6":{"loc":{"start":{"line":38,"column":2},"end":{"line":38,"column":28}},"type":"if","locations":[{"start":{"line":38,"column":2},"end":{"line":38,"column":28}},{"start":{},"end":{}}],"line":38},"7":{"loc":{"start":{"line":50,"column":32},"end":{"line":50,"column":55}},"type":"binary-expr","locations":[{"start":{"line":50,"column":32},"end":{"line":50,"column":37}},{"start":{"line":50,"column":41},"end":{"line":50,"column":55}}],"line":50},"8":{"loc":{"start":{"line":51,"column":9},"end":{"line":59,"column":9}},"type":"binary-expr","locations":[{"start":{"line":51,"column":9},"end":{"line":51,"column":16}},{"start":{"line":52,"column":10},"end":{"line":58,"column":19}}],"line":51},"9":{"loc":{"start":{"line":71,"column":13},"end":{"line":75,"column":13}},"type":"binary-expr","locations":[{"start":{"line":71,"column":13},"end":{"line":71,"column":39}},{"start":{"line":72,"column":14},"end":{"line":74,"column":21}}],"line":71},"10":{"loc":{"start":{"line":83,"column":11},"end":{"line":87,"column":11}},"type":"binary-expr","locations":[{"start":{"line":83,"column":11},"end":{"line":83,"column":31}},{"start":{"line":84,"column":12},"end":{"line":86,"column":19}}],"line":83}},"s":{"0":0,"1":0,"2":0,"3":0,"4":0,"5":0,"6":0,"7":0,"8":0,"9":0,"10":0,"11":0,"12":0,"13":0},"f":{"0":0,"1":0,"2":0,"3":0,"4":0},"b":{"0":[0],"1":[0,0],"2":[0,0],"3":[0,0],"4":[0,0],"5":[0,0],"6":[0,0],"7":[0,0],"8":[0,0],"9":[0,0],"10":[0,0]}}
,"/Users/coreydolik/Desktop/OctoFlow/src/components/AppRoutes.tsx": {"path":"/Users/coreydolik/Desktop/OctoFlow/src/components/AppRoutes.tsx","statementMap":{"0":{"start":{"line":8,"column":19},"end":{"line":13,"column":1}},"1":{"start":{"line":9,"column":8},"end":{"line":9,"column":30}},"2":{"start":{"line":15,"column":16},"end":{"line":20,"column":1}},"3":{"start":{"line":16,"column":8},"end":{"line":16,"column":27}},"4":{"start":{"line":22,"column":16},"end":{"line":27,"column":1}},"5":{"start":{"line":23,"column":8},"end":{"line":23,"column":27}},"6":{"start":{"line":29,"column":25},"end":{"line":34,"column":1}},"7":{"start":{"line":30,"column":8},"end":{"line":30,"column":36}},"8":{"start":{"line":37,"column":2},"end":{"line":71,"column":4}}},"fnMap":{"0":{"name":"(anonymous_0)","decl":{"start":{"line":9,"column":2},"end":{"line":9,"column":3}},"loc":{"start":{"line":9,"column":8},"end":{"line":9,"column":30}},"line":9},"1":{"name":"(anonymous_1)","decl":{"start":{"line":16,"column":2},"end":{"line":16,"column":3}},"loc":{"start":{"line":16,"column":8},"end":{"line":16,"column":27}},"line":16},"2":{"name":"(anonymous_2)","decl":{"start":{"line":23,"column":2},"end":{"line":23,"column":3}},"loc":{"start":{"line":23,"column":8},"end":{"line":23,"column":27}},"line":23},"3":{"name":"(anonymous_3)","decl":{"start":{"line":30,"column":2},"end":{"line":30,"column":3}},"loc":{"start":{"line":30,"column":8},"end":{"line":30,"column":36}},"line":30},"4":{"name":"AppRoutes","decl":{"start":{"line":36,"column":16},"end":{"line":36,"column":25}},"loc":{"start":{"line":36,"column":41},"end":{"line":72,"column":1}},"line":36}},"branchMap":{},"s":{"0":0,"1":0,"2":0,"3":0,"4":0,"5":0,"6":0,"7":0,"8":0},"f":{"0":0,"1":0,"2":0,"3":0,"4":0},"b":{}}
,"/Users/coreydolik/Desktop/OctoFlow/src/components/Assessment.tsx": {"path":"/Users/coreydolik/Desktop/OctoFlow/src/components/Assessment.tsx","statementMap":{"0":{"start":{"line":29,"column":6},"end":{"line":29,"column":28}},"1":{"start":{"line":31,"column":21},"end":{"line":42,"column":56}},"2":{"start":{"line":32,"column":4},"end":{"line":32,"column":23}},"3":{"start":{"line":32,"column":16},"end":{"line":32,"column":23}},"4":{"start":{"line":33,"column":22},"end":{"line":33,"column":54}},"5":{"start":{"line":34,"column":4},"end":{"line":41,"column":5}},"6":{"start":{"line":35,"column":6},"end":{"line":35,"column":32}},"7":{"start":{"line":37,"column":24},"end":{"line":37,"column":47}},"8":{"start":{"line":38,"column":6},"end":{"line":40,"column":7}},"9":{"start":{"line":39,"column":8},"end":{"line":39,"column":23}},"10":{"start":{"line":44,"column":25},"end":{"line":50,"column":27}},"11":{"start":{"line":45,"column":4},"end":{"line":45,"column":23}},"12":{"start":{"line":45,"column":16},"end":{"line":45,"column":23}},"13":{"start":{"line":46,"column":22},"end":{"line":46,"column":54}},"14":{"start":{"line":47,"column":4},"end":{"line":49,"column":5}},"15":{"start":{"line":48,"column":6},"end":{"line":48,"column":32}},"16":{"start":{"line":52,"column":40},"end":{"line":83,"column":55}},"17":{"start":{"line":52,"column":54},"end":{"line":83,"column":3}},"18":{"start":{"line":56,"column":20},"end":{"line":56,"column":77}},"19":{"start":{"line":61,"column":20},"end":{"line":61,"column":77}},"20":{"start":{"line":66,"column":20},"end":{"line":66,"column":77}},"21":{"start":{"line":71,"column":20},"end":{"line":71,"column":77}},"22":{"start":{"line":85,"column":24},"end":{"line":90,"column":4}},"23":{"start":{"line":92,"column":2},"end":{"line":100,"column":3}},"24":{"start":{"line":93,"column":4},"end":{"line":99,"column":6}},"25":{"start":{"line":102,"column":2},"end":{"line":110,"column":3}},"26":{"start":{"line":103,"column":4},"end":{"line":109,"column":6}},"27":{"start":{"line":112,"column":2},"end":{"line":114,"column":3}},"28":{"start":{"line":113,"column":4},"end":{"line":113,"column":52}},"29":{"start":{"line":116,"column":19},"end":{"line":116,"column":87}},"30":{"start":{"line":118,"column":2},"end":{"line":163,"column":4}},"31":{"start":{"line":167,"column":22},"end":{"line":169,"column":1}},"32":{"start":{"line":168,"column":2},"end":{"line":168,"column":45}},"33":{"start":{"line":171,"column":26},"end":{"line":171,"column":79}}},"fnMap":{"0":{"name":"AssessmentBase","decl":{"start":{"line":17,"column":9},"end":{"line":17,"column":23}},"loc":{"start":{"line":21,"column":33},"end":{"line":164,"column":1}},"line":21},"1":{"name":"(anonymous_1)","decl":{"start":{"line":31,"column":33},"end":{"line":31,"column":34}},"loc":{"start":{"line":31,"column":45},"end":{"line":42,"column":3}},"line":31},"2":{"name":"(anonymous_2)","decl":{"start":{"line":44,"column":37},"end":{"line":44,"column":38}},"loc":{"start":{"line":44,"column":43},"end":{"line":50,"column":3}},"line":44},"3":{"name":"(anonymous_3)","decl":{"start":{"line":52,"column":48},"end":{"line":52,"column":49}},"loc":{"start":{"line":52,"column":54},"end":{"line":83,"column":3}},"line":52},"4":{"name":"(anonymous_4)","decl":{"start":{"line":56,"column":14},"end":{"line":56,"column":15}},"loc":{"start":{"line":56,"column":20},"end":{"line":56,"column":77}},"line":56},"5":{"name":"(anonymous_5)","decl":{"start":{"line":61,"column":14},"end":{"line":61,"column":15}},"loc":{"start":{"line":61,"column":20},"end":{"line":61,"column":77}},"line":61},"6":{"name":"(anonymous_6)","decl":{"start":{"line":66,"column":14},"end":{"line":66,"column":15}},"loc":{"start":{"line":66,"column":20},"end":{"line":66,"column":77}},"line":66},"7":{"name":"(anonymous_7)","decl":{"start":{"line":71,"column":14},"end":{"line":71,"column":15}},"loc":{"start":{"line":71,"column":20},"end":{"line":71,"column":77}},"line":71},"8":{"name":"(anonymous_8)","decl":{"start":{"line":167,"column":22},"end":{"line":167,"column":23}},"loc":{"start":{"line":167,"column":82},"end":{"line":169,"column":1}},"line":167}},"branchMap":{"0":{"loc":{"start":{"line":32,"column":4},"end":{"line":32,"column":23}},"type":"if","locations":[{"start":{"line":32,"column":4},"end":{"line":32,"column":23}},{"start":{},"end":{}}],"line":32},"1":{"loc":{"start":{"line":34,"column":4},"end":{"line":41,"column":5}},"type":"if","locations":[{"start":{"line":34,"column":4},"end":{"line":41,"column":5}},{"start":{"line":36,"column":11},"end":{"line":41,"column":5}}],"line":34},"2":{"loc":{"start":{"line":38,"column":6},"end":{"line":40,"column":7}},"type":"if","locations":[{"start":{"line":38,"column":6},"end":{"line":40,"column":7}},{"start":{},"end":{}}],"line":38},"3":{"loc":{"start":{"line":45,"column":4},"end":{"line":45,"column":23}},"type":"if","locations":[{"start":{"line":45,"column":4},"end":{"line":45,"column":23}},{"start":{},"end":{}}],"line":45},"4":{"loc":{"start":{"line":47,"column":4},"end":{"line":49,"column":5}},"type":"if","locations":[{"start":{"line":47,"column":4},"end":{"line":49,"column":5}},{"start":{},"end":{}}],"line":47},"5":{"loc":{"start":{"line":56,"column":20},"end":{"line":56,"column":77}},"type":"binary-expr","locations":[{"start":{"line":56,"column":20},"end":{"line":56,"column":25}},{"start":{"line":56,"column":29},"end":{"line":56,"column":77}}],"line":56},"6":{"loc":{"start":{"line":61,"column":20},"end":{"line":61,"column":77}},"type":"binary-expr","locations":[{"start":{"line":61,"column":20},"end":{"line":61,"column":25}},{"start":{"line":61,"column":29},"end":{"line":61,"column":77}}],"line":61},"7":{"loc":{"start":{"line":66,"column":20},"end":{"line":66,"column":77}},"type":"binary-expr","locations":[{"start":{"line":66,"column":20},"end":{"line":66,"column":25}},{"start":{"line":66,"column":29},"end":{"line":66,"column":77}}],"line":66},"8":{"loc":{"start":{"line":71,"column":20},"end":{"line":71,"column":77}},"type":"binary-expr","locations":[{"start":{"line":71,"column":20},"end":{"line":71,"column":25}},{"start":{"line":71,"column":29},"end":{"line":71,"column":77}}],"line":71},"9":{"loc":{"start":{"line":92,"column":2},"end":{"line":100,"column":3}},"type":"if","locations":[{"start":{"line":92,"column":2},"end":{"line":100,"column":3}},{"start":{},"end":{}}],"line":92},"10":{"loc":{"start":{"line":102,"column":2},"end":{"line":110,"column":3}},"type":"if","locations":[{"start":{"line":102,"column":2},"end":{"line":110,"column":3}},{"start":{},"end":{}}],"line":102},"11":{"loc":{"start":{"line":112,"column":2},"end":{"line":114,"column":3}},"type":"if","locations":[{"start":{"line":112,"column":2},"end":{"line":114,"column":3}},{"start":{},"end":{}}],"line":112},"12":{"loc":{"start":{"line":141,"column":11},"end":{"line":141,"column":56}},"type":"binary-expr","locations":[{"start":{"line":141,"column":11},"end":{"line":141,"column":41}},{"start":{"line":141,"column":45},"end":{"line":141,"column":56}}],"line":141},"13":{"loc":{"start":{"line":142,"column":11},"end":{"line":142,"column":59}},"type":"binary-expr","locations":[{"start":{"line":142,"column":11},"end":{"line":142,"column":40}},{"start":{"line":142,"column":44},"end":{"line":142,"column":59}}],"line":142},"14":{"loc":{"start":{"line":143,"column":11},"end":{"line":143,"column":57}},"type":"binary-expr","locations":[{"start":{"line":143,"column":11},"end":{"line":143,"column":40}},{"start":{"line":143,"column":44},"end":{"line":143,"column":57}}],"line":143},"15":{"loc":{"start":{"line":149,"column":11},"end":{"line":151,"column":20}},"type":"cond-expr","locations":[{"start":{"line":150,"column":14},"end":{"line":150,"column":24}},{"start":{"line":151,"column":14},"end":{"line":151,"column":20}}],"line":149},"16":{"loc":{"start":{"line":155,"column":7},"end":{"line":161,"column":7}},"type":"binary-expr","locations":[{"start":{"line":155,"column":7},"end":{"line":155,"column":16}},{"start":{"line":156,"column":8},"end":{"line":160,"column":10}}],"line":155}},"s":{"0":0,"1":0,"2":0,"3":0,"4":0,"5":0,"6":0,"7":0,"8":0,"9":0,"10":0,"11":0,"12":0,"13":0,"14":0,"15":0,"16":0,"17":0,"18":0,"19":0,"20":0,"21":0,"22":0,"23":0,"24":0,"25":0,"26":0,"27":0,"28":0,"29":0,"30":0,"31":0,"32":0,"33":0},"f":{"0":0,"1":0,"2":0,"3":0,"4":0,"5":0,"6":0,"7":0,"8":0},"b":{"0":[0,0],"1":[0,0],"2":[0,0],"3":[0,0],"4":[0,0],"5":[0,0],"6":[0,0],"7":[0,0],"8":[0,0],"9":[0,0],"10":[0,0],"11":[0,0],"12":[0,0],"13":[0,0],"14":[0,0],"15":[0,0],"16":[0,0]}}
,"/Users/coreydolik/Desktop/OctoFlow/src/components/AssessmentErrorBoundary.tsx": {"path":"/Users/coreydolik/Desktop/OctoFlow/src/components/AssessmentErrorBoundary.tsx","statementMap":{"0":{"start":{"line":21,"column":4},"end":{"line":21,"column":17}},"1":{"start":{"line":22,"column":4},"end":{"line":25,"column":6}},"2":{"start":{"line":26,"column":4},"end":{"line":26,"column":53}},"3":{"start":{"line":30,"column":4},"end":{"line":30,"column":42}},"4":{"start":{"line":34,"column":34},"end":{"line":39,"column":5}},"5":{"start":{"line":41,"column":4},"end":{"line":41,"column":86}},"6":{"start":{"line":42,"column":4},"end":{"line":42,"column":31}},"7":{"start":{"line":45,"column":19},"end":{"line":62,"column":3}},"8":{"start":{"line":46,"column":4},"end":{"line":46,"column":42}},"9":{"start":{"line":48,"column":4},"end":{"line":61,"column":5}},"10":{"start":{"line":49,"column":6},"end":{"line":49,"column":37}},"11":{"start":{"line":50,"column":6},"end":{"line":50,"column":58}},"12":{"start":{"line":52,"column":6},"end":{"line":52,"column":45}},"13":{"start":{"line":53,"column":6},"end":{"line":60,"column":7}},"14":{"start":{"line":54,"column":8},"end":{"line":59,"column":11}},"15":{"start":{"line":65,"column":4},"end":{"line":81,"column":5}},"16":{"start":{"line":66,"column":6},"end":{"line":80,"column":8}},"17":{"start":{"line":83,"column":4},"end":{"line":83,"column":31}}},"fnMap":{"0":{"name":"(anonymous_0)","decl":{"start":{"line":20,"column":2},"end":{"line":20,"column":3}},"loc":{"start":{"line":20,"column":28},"end":{"line":27,"column":3}},"line":20},"1":{"name":"(anonymous_1)","decl":{"start":{"line":29,"column":2},"end":{"line":29,"column":3}},"loc":{"start":{"line":29,"column":55},"end":{"line":31,"column":3}},"line":29},"2":{"name":"(anonymous_2)","decl":{"start":{"line":33,"column":2},"end":{"line":33,"column":3}},"loc":{"start":{"line":33,"column":68},"end":{"line":43,"column":3}},"line":33},"3":{"name":"(anonymous_3)","decl":{"start":{"line":45,"column":19},"end":{"line":45,"column":20}},"loc":{"start":{"line":45,"column":46},"end":{"line":62,"column":3}},"line":45},"4":{"name":"(anonymous_4)","decl":{"start":{"line":64,"column":2},"end":{"line":64,"column":3}},"loc":{"start":{"line":64,"column":28},"end":{"line":84,"column":3}},"line":64}},"branchMap":{"0":{"loc":{"start":{"line":53,"column":6},"end":{"line":60,"column":7}},"type":"if","locations":[{"start":{"line":53,"column":6},"end":{"line":60,"column":7}},{"start":{},"end":{}}],"line":53},"1":{"loc":{"start":{"line":65,"column":4},"end":{"line":81,"column":5}},"type":"if","locations":[{"start":{"line":65,"column":4},"end":{"line":81,"column":5}},{"start":{},"end":{}}],"line":65},"2":{"loc":{"start":{"line":66,"column":13},"end":{"line":80,"column":7}},"type":"binary-expr","locations":[{"start":{"line":66,"column":13},"end":{"line":66,"column":32}},{"start":{"line":67,"column":8},"end":{"line":79,"column":14}}],"line":66},"3":{"loc":{"start":{"line":70,"column":11},"end":{"line":77,"column":11}},"type":"binary-expr","locations":[{"start":{"line":70,"column":11},"end":{"line":70,"column":35}},{"start":{"line":71,"column":12},"end":{"line":76,"column":21}}],"line":70},"4":{"loc":{"start":{"line":78,"column":11},"end":{"line":78,"column":69}},"type":"binary-expr","locations":[{"start":{"line":78,"column":11},"end":{"line":78,"column":34}},{"start":{"line":78,"column":38},"end":{"line":78,"column":69}}],"line":78}},"s":{"0":0,"1":0,"2":0,"3":0,"4":0,"5":0,"6":0,"7":0,"8":0,"9":0,"10":0,"11":0,"12":0,"13":0,"14":0,"15":0,"16":0,"17":0},"f":{"0":0,"1":0,"2":0,"3":0,"4":0},"b":{"0":[0,0],"1":[0,0],"2":[0,0],"3":[0,0],"4":[0,0]}}
,"/Users/coreydolik/Desktop/OctoFlow/src/components/AudioFeedback.tsx": {"path":"/Users/coreydolik/Desktop/OctoFlow/src/components/AudioFeedback.tsx","statementMap":{"0":{"start":{"line":10,"column":19},"end":{"line":15,"column":1}},"1":{"start":{"line":17,"column":59},"end":{"line":87,"column":1}},"2":{"start":{"line":21,"column":26},"end":{"line":21,"column":59}},"3":{"start":{"line":22,"column":26},"end":{"line":22,"column":72}},"4":{"start":{"line":23,"column":24},"end":{"line":23,"column":79}},"5":{"start":{"line":25,"column":2},"end":{"line":50,"column":16}},"6":{"start":{"line":26,"column":4},"end":{"line":26,"column":25}},"7":{"start":{"line":26,"column":18},"end":{"line":26,"column":25}},"8":{"start":{"line":28,"column":30},"end":{"line":28,"column":49}},"9":{"start":{"line":29,"column":4},"end":{"line":29,"column":54}},"10":{"start":{"line":31,"column":22},"end":{"line":40,"column":5}},"11":{"start":{"line":32,"column":6},"end":{"line":39,"column":7}},"12":{"start":{"line":33,"column":25},"end":{"line":33,"column":54}},"13":{"start":{"line":34,"column":28},"end":{"line":34,"column":56}},"14":{"start":{"line":35,"column":28},"end":{"line":35,"column":87}},"15":{"start":{"line":36,"column":8},"end":{"line":36,"column":55}},"16":{"start":{"line":38,"column":8},"end":{"line":38,"column":61}},"17":{"start":{"line":43,"column":4},"end":{"line":43,"column":74}},"18":{"start":{"line":43,"column":44},"end":{"line":43,"column":72}},"19":{"start":{"line":45,"column":4},"end":{"line":49,"column":6}},"20":{"start":{"line":46,"column":6},"end":{"line":48,"column":7}},"21":{"start":{"line":47,"column":8},"end":{"line":47,"column":41}},"22":{"start":{"line":52,"column":20},"end":{"line":70,"column":15}},"23":{"start":{"line":53,"column":4},"end":{"line":53,"column":53}},"24":{"start":{"line":53,"column":46},"end":{"line":53,"column":53}},"25":{"start":{"line":55,"column":24},"end":{"line":55,"column":57}},"26":{"start":{"line":56,"column":4},"end":{"line":59,"column":5}},"27":{"start":{"line":57,"column":6},"end":{"line":57,"column":51}},"28":{"start":{"line":58,"column":6},"end":{"line":58,"column":13}},"29":{"start":{"line":61,"column":19},"end":{"line":61,"column":63}},"30":{"start":{"line":62,"column":21},"end":{"line":62,"column":57}},"31":{"start":{"line":64,"column":4},"end":{"line":64,"column":32}},"32":{"start":{"line":65,"column":4},"end":{"line":65,"column":33}},"33":{"start":{"line":67,"column":4},"end":{"line":67,"column":29}},"34":{"start":{"line":68,"column":4},"end":{"line":68,"column":58}},"35":{"start":{"line":69,"column":4},"end":{"line":69,"column":20}},"36":{"start":{"line":73,"column":2},"end":{"line":77,"column":4}},"37":{"start":{"line":75,"column":11},"end":{"line":75,"column":24}},"38":{"start":{"line":79,"column":2},"end":{"line":86,"column":4}},"39":{"start":{"line":95,"column":36},"end":{"line":95,"column":94}},"40":{"start":{"line":99,"column":18},"end":{"line":99,"column":56}},"41":{"start":{"line":100,"column":2},"end":{"line":102,"column":3}},"42":{"start":{"line":101,"column":4},"end":{"line":101,"column":86}},"43":{"start":{"line":103,"column":2},"end":{"line":103,"column":17}}},"fnMap":{"0":{"name":"(anonymous_0)","decl":{"start":{"line":17,"column":59},"end":{"line":17,"column":60}},"loc":{"start":{"line":20,"column":6},"end":{"line":87,"column":1}},"line":20},"1":{"name":"(anonymous_1)","decl":{"start":{"line":25,"column":12},"end":{"line":25,"column":13}},"loc":{"start":{"line":25,"column":18},"end":{"line":50,"column":3}},"line":25},"2":{"name":"(anonymous_2)","decl":{"start":{"line":31,"column":22},"end":{"line":31,"column":23}},"loc":{"start":{"line":31,"column":49},"end":{"line":40,"column":5}},"line":31},"3":{"name":"(anonymous_3)","decl":{"start":{"line":43,"column":36},"end":{"line":43,"column":37}},"loc":{"start":{"line":43,"column":44},"end":{"line":43,"column":72}},"line":43},"4":{"name":"(anonymous_4)","decl":{"start":{"line":45,"column":11},"end":{"line":45,"column":12}},"loc":{"start":{"line":45,"column":17},"end":{"line":49,"column":5}},"line":45},"5":{"name":"(anonymous_5)","decl":{"start":{"line":52,"column":38},"end":{"line":52,"column":39}},"loc":{"start":{"line":52,"column":73},"end":{"line":70,"column":3}},"line":52},"6":{"name":"(anonymous_6)","decl":{"start":{"line":75,"column":4},"end":{"line":75,"column":5}},"loc":{"start":{"line":75,"column":11},"end":{"line":75,"column":24}},"line":75},"7":{"name":"useAudioFeedback","decl":{"start":{"line":98,"column":16},"end":{"line":98,"column":32}},"loc":{"start":{"line":98,"column":35},"end":{"line":104,"column":1}},"line":98}},"branchMap":{"0":{"loc":{"start":{"line":19,"column":2},"end":{"line":19,"column":16}},"type":"default-arg","locations":[{"start":{"line":19,"column":12},"end":{"line":19,"column":16}}],"line":19},"1":{"loc":{"start":{"line":26,"column":4},"end":{"line":26,"column":25}},"type":"if","locations":[{"start":{"line":26,"column":4},"end":{"line":26,"column":25}},{"start":{},"end":{}}],"line":26},"2":{"loc":{"start":{"line":46,"column":6},"end":{"line":48,"column":7}},"type":"if","locations":[{"start":{"line":46,"column":6},"end":{"line":48,"column":7}},{"start":{},"end":{}}],"line":46},"3":{"loc":{"start":{"line":52,"column":56},"end":{"line":52,"column":68}},"type":"default-arg","locations":[{"start":{"line":52,"column":65},"end":{"line":52,"column":68}}],"line":52},"4":{"loc":{"start":{"line":53,"column":4},"end":{"line":53,"column":53}},"type":"if","locations":[{"start":{"line":53,"column":4},"end":{"line":53,"column":53}},{"start":{},"end":{}}],"line":53},"5":{"loc":{"start":{"line":53,"column":8},"end":{"line":53,"column":44}},"type":"binary-expr","locations":[{"start":{"line":53,"column":8},"end":{"line":53,"column":16}},{"start":{"line":53,"column":20},"end":{"line":53,"column":44}}],"line":53},"6":{"loc":{"start":{"line":56,"column":4},"end":{"line":59,"column":5}},"type":"if","locations":[{"start":{"line":56,"column":4},"end":{"line":59,"column":5}},{"start":{},"end":{}}],"line":56},"7":{"loc":{"start":{"line":83,"column":9},"end":{"line":83,"column":77}},"type":"cond-expr","locations":[{"start":{"line":83,"column":19},"end":{"line":83,"column":46}},{"start":{"line":83,"column":49},"end":{"line":83,"column":77}}],"line":83},"8":{"loc":{"start":{"line":100,"column":2},"end":{"line":102,"column":3}},"type":"if","locations":[{"start":{"line":100,"column":2},"end":{"line":102,"column":3}},{"start":{},"end":{}}],"line":100}},"s":{"0":0,"1":0,"2":0,"3":0,"4":0,"5":0,"6":0,"7":0,"8":0,"9":0,"10":0,"11":0,"12":0,"13":0,"14":0,"15":0,"16":0,"17":0,"18":0,"19":0,"20":0,"21":0,"22":0,"23":0,"24":0,"25":0,"26":0,"27":0,"28":0,"29":0,"30":0,"31":0,"32":0,"33":0,"34":0,"35":0,"36":0,"37":0,"38":0,"39":0,"40":0,"41":0,"42":0,"43":0},"f":{"0":0,"1":0,"2":0,"3":0,"4":0,"5":0,"6":0,"7":0},"b":{"0":[0],"1":[0,0],"2":[0,0],"3":[0],"4":[0,0],"5":[0,0],"6":[0,0],"7":[0,0],"8":[0,0]}}
,"/Users/coreydolik/Desktop/OctoFlow/src/components/AutoSave.tsx": {"path":"/Users/coreydolik/Desktop/OctoFlow/src/components/AutoSave.tsx","statementMap":{"0":{"start":{"line":13,"column":49},"end":{"line":87,"column":1}},"1":{"start":{"line":19,"column":36},"end":{"line":19,"column":81}},"2":{"start":{"line":20,"column":36},"end":{"line":20,"column":63}},"3":{"start":{"line":21,"column":21},"end":{"line":21,"column":45}},"4":{"start":{"line":22,"column":26},"end":{"line":22,"column":50}},"5":{"start":{"line":24,"column":22},"end":{"line":50,"column":3}},"6":{"start":{"line":25,"column":4},"end":{"line":27,"column":5}},"7":{"start":{"line":26,"column":6},"end":{"line":26,"column":13}},"8":{"start":{"line":29,"column":4},"end":{"line":49,"column":5}},"9":{"start":{"line":30,"column":6},"end":{"line":30,"column":29}},"10":{"start":{"line":31,"column":22},"end":{"line":31,"column":36}},"11":{"start":{"line":33,"column":6},"end":{"line":38,"column":7}},"12":{"start":{"line":34,"column":8},"end":{"line":34,"column":30}},"13":{"start":{"line":35,"column":8},"end":{"line":35,"column":33}},"14":{"start":{"line":37,"column":8},"end":{"line":37,"column":30}},"15":{"start":{"line":40,"column":6},"end":{"line":40,"column":28}},"16":{"start":{"line":41,"column":6},"end":{"line":48,"column":7}},"17":{"start":{"line":42,"column":8},"end":{"line":47,"column":11}},"18":{"start":{"line":52,"column":2},"end":{"line":67,"column":17}},"19":{"start":{"line":53,"column":29},"end":{"line":58,"column":5}},"20":{"start":{"line":54,"column":6},"end":{"line":57,"column":19}},"21":{"start":{"line":55,"column":8},"end":{"line":55,"column":28}},"22":{"start":{"line":56,"column":8},"end":{"line":56,"column":27}},"23":{"start":{"line":60,"column":4},"end":{"line":60,"column":23}},"24":{"start":{"line":62,"column":4},"end":{"line":66,"column":6}},"25":{"start":{"line":63,"column":6},"end":{"line":65,"column":7}},"26":{"start":{"line":64,"column":8},"end":{"line":64,"column":41}},"27":{"start":{"line":70,"column":2},"end":{"line":79,"column":9}},"28":{"start":{"line":71,"column":31},"end":{"line":75,"column":5}},"29":{"start":{"line":72,"column":6},"end":{"line":72,"column":29}},"30":{"start":{"line":73,"column":6},"end":{"line":73,"column":26}},"31":{"start":{"line":74,"column":6},"end":{"line":74,"column":23}},"32":{"start":{"line":77,"column":4},"end":{"line":77,"column":64}},"33":{"start":{"line":78,"column":4},"end":{"line":78,"column":80}},"34":{"start":{"line":78,"column":17},"end":{"line":78,"column":79}},"35":{"start":{"line":81,"column":2},"end":{"line":86,"column":4}}},"fnMap":{"0":{"name":"(anonymous_0)","decl":{"start":{"line":13,"column":49},"end":{"line":13,"column":50}},"loc":{"start":{"line":18,"column":6},"end":{"line":87,"column":1}},"line":18},"1":{"name":"(anonymous_1)","decl":{"start":{"line":24,"column":22},"end":{"line":24,"column":23}},"loc":{"start":{"line":24,"column":34},"end":{"line":50,"column":3}},"line":24},"2":{"name":"(anonymous_2)","decl":{"start":{"line":52,"column":12},"end":{"line":52,"column":13}},"loc":{"start":{"line":52,"column":18},"end":{"line":67,"column":3}},"line":52},"3":{"name":"(anonymous_3)","decl":{"start":{"line":53,"column":29},"end":{"line":53,"column":30}},"loc":{"start":{"line":53,"column":35},"end":{"line":58,"column":5}},"line":53},"4":{"name":"(anonymous_4)","decl":{"start":{"line":54,"column":38},"end":{"line":54,"column":39}},"loc":{"start":{"line":54,"column":50},"end":{"line":57,"column":7}},"line":54},"5":{"name":"(anonymous_5)","decl":{"start":{"line":62,"column":11},"end":{"line":62,"column":12}},"loc":{"start":{"line":62,"column":17},"end":{"line":66,"column":5}},"line":62},"6":{"name":"(anonymous_6)","decl":{"start":{"line":70,"column":12},"end":{"line":70,"column":13}},"loc":{"start":{"line":70,"column":18},"end":{"line":79,"column":3}},"line":70},"7":{"name":"(anonymous_7)","decl":{"start":{"line":71,"column":31},"end":{"line":71,"column":32}},"loc":{"start":{"line":71,"column":67},"end":{"line":75,"column":5}},"line":71},"8":{"name":"(anonymous_8)","decl":{"start":{"line":78,"column":11},"end":{"line":78,"column":12}},"loc":{"start":{"line":78,"column":17},"end":{"line":78,"column":79}},"line":78}},"branchMap":{"0":{"loc":{"start":{"line":15,"column":2},"end":{"line":15,"column":18}},"type":"default-arg","locations":[{"start":{"line":15,"column":13},"end":{"line":15,"column":18}}],"line":15},"1":{"loc":{"start":{"line":25,"column":4},"end":{"line":27,"column":5}},"type":"if","locations":[{"start":{"line":25,"column":4},"end":{"line":27,"column":5}},{"start":{},"end":{}}],"line":25},"2":{"loc":{"start":{"line":25,"column":8},"end":{"line":25,"column":51}},"type":"binary-expr","locations":[{"start":{"line":25,"column":8},"end":{"line":25,"column":26}},{"start":{"line":25,"column":30},"end":{"line":25,"column":51}}],"line":25},"3":{"loc":{"start":{"line":33,"column":6},"end":{"line":38,"column":7}},"type":"if","locations":[{"start":{"line":33,"column":6},"end":{"line":38,"column":7}},{"start":{"line":36,"column":13},"end":{"line":38,"column":7}}],"line":33},"4":{"loc":{"start":{"line":41,"column":6},"end":{"line":48,"column":7}},"type":"if","locations":[{"start":{"line":41,"column":6},"end":{"line":48,"column":7}},{"start":{},"end":{}}],"line":41},"5":{"loc":{"start":{"line":63,"column":6},"end":{"line":65,"column":7}},"type":"if","locations":[{"start":{"line":63,"column":6},"end":{"line":65,"column":7}},{"start":{},"end":{}}],"line":63}},"s":{"0":0,"1":0,"2":0,"3":0,"4":0,"5":0,"6":0,"7":0,"8":0,"9":0,"10":0,"11":0,"12":0,"13":0,"14":0,"15":0,"16":0,"17":0,"18":0,"19":0,"20":0,"21":0,"22":0,"23":0,"24":0,"25":0,"26":0,"27":0,"28":0,"29":0,"30":0,"31":0,"32":0,"33":0,"34":0,"35":0},"f":{"0":0,"1":0,"2":0,"3":0,"4":0,"5":0,"6":0,"7":0,"8":0},"b":{"0":[0],"1":[0,0],"2":[0,0],"3":[0,0],"4":[0,0],"5":[0,0]}}
[...]
,"/Users/coreydolik/Desktop/OctoFlow/src/utils/storage/migrations.ts": {"path":"/Users/coreydolik/Desktop/OctoFlow/src/utils/storage/migrations.ts","statementMap":{"0":{"start":{"line":11,"column":48},"end":{"line":30,"column":1}},"1":{"start":{"line":12,"column":27},"end":{"line":20,"column":3}},"2":{"start":{"line":21,"column":27},"end":{"line":29,"column":3}},"3":{"start":{"line":32,"column":30},"end":{"line":32,"column":35}},"4":{"start":{"line":35,"column":2},"end":{"line":67,"column":3}},"5":{"start":{"line":36,"column":23},"end":{"line":36,"column":35}},"6":{"start":{"line":37,"column":25},"end":{"line":37,"column":54}},"7":{"start":{"line":40,"column":21},"end":{"line":42,"column":13}},"8":{"start":{"line":41,"column":25},"end":{"line":41,"column":48}},"9":{"start":{"line":45,"column":4},"end":{"line":55,"column":5}},"10":{"start":{"line":46,"column":6},"end":{"line":54,"column":7}},"11":{"start":{"line":47,"column":8},"end":{"line":47,"column":63}},"12":{"start":{"line":49,"column":8},"end":{"line":53,"column":10}},"13":{"start":{"line":57,"column":4},"end":{"line":60,"column":6}},"14":{"start":{"line":62,"column":4},"end":{"line":66,"column":6}},"15":{"start":{"line":72,"column":2},"end":{"line":72,"column":54}},"16":{"start":{"line":72,"column":41},"end":{"line":72,"column":54}},"17":{"start":{"line":75,"column":2},"end":{"line":75,"column":54}},"18":{"start":{"line":75,"column":41},"end":{"line":75,"column":54}},"19":{"start":{"line":78,"column":31},"end":{"line":78,"column":75}},"20":{"start":{"line":79,"column":2},"end":{"line":79,"column":84}},"21":{"start":{"line":79,"column":71},"end":{"line":79,"column":84}},"22":{"start":{"line":82,"column":2},"end":{"line":86,"column":3}},"23":{"start":{"line":83,"column":24},"end":{"line":84,"column":74}},"24":{"start":{"line":84,"column":22},"end":{"line":84,"column":73}},"25":{"start":{"line":85,"column":4},"end":{"line":85,"column":35}},"26":{"start":{"line":85,"column":22},"end":{"line":85,"column":35}},"27":{"start":{"line":88,"column":2},"end":{"line":88,"column":14}},"28":{"start":{"line":92,"column":2},"end":{"line":105,"column":4}}},"fnMap":{"0":{"name":"(anonymous_0)","decl":{"start":{"line":12,"column":9},"end":{"line":12,"column":10}},"loc":{"start":{"line":12,"column":27},"end":{"line":20,"column":3}},"line":12},"1":{"name":"(anonymous_1)","decl":{"start":{"line":21,"column":9},"end":{"line":21,"column":10}},"loc":{"start":{"line":21,"column":27},"end":{"line":29,"column":3}},"line":21},"2":{"name":"migrateState","decl":{"start":{"line":34,"column":22},"end":{"line":34,"column":34}},"loc":{"start":{"line":34,"column":85},"end":{"line":68,"column":1}},"line":34},"3":{"name":"(anonymous_3)","decl":{"start":{"line":41,"column":14},"end":{"line":41,"column":15}},"loc":{"start":{"line":41,"column":25},"end":{"line":41,"column":48}},"line":41},"4":{"name":"validateState","decl":{"start":{"line":70,"column":16},"end":{"line":70,"column":29}},"loc":{"start":{"line":70,"column":63},"end":{"line":89,"column":1}},"line":70},"5":{"name":"(anonymous_5)","decl":{"start":{"line":84,"column":13},"end":{"line":84,"column":14}},"loc":{"start":{"line":84,"column":22},"end":{"line":84,"column":73}},"line":84},"6":{"name":"createEmptyState","decl":{"start":{"line":91,"column":22},"end":{"line":91,"column":38}},"loc":{"start":{"line":91,"column":67},"end":{"line":106,"column":1}},"line":91}},"branchMap":{"0":{"loc":{"start":{"line":17,"column":17},"end":{"line":17,"column":47}},"type":"binary-expr","locations":[{"start":{"line":17,"column":17},"end":{"line":17,"column":42}},{"start":{"line":17,"column":46},"end":{"line":17,"column":47}}],"line":17},"1":{"loc":{"start":{"line":26,"column":20},"end":{"line":26,"column":53}},"type":"binary-expr","locations":[{"start":{"line":26,"column":20},"end":{"line":26,"column":48}},{"start":{"line":26,"column":52},"end":{"line":26,"column":53}}],"line":26},"2":{"loc":{"start":{"line":37,"column":25},"end":{"line":37,"column":54}},"type":"binary-expr","locations":[{"start":{"line":37,"column":25},"end":{"line":37,"column":45}},{"start":{"line":37,"column":49},"end":{"line":37,"column":54}}],"line":37},"3":{"loc":{"start":{"line":72,"column":2},"end":{"line":72,"column":54}},"type":"if","locations":[{"start":{"line":72,"column":2},"end":{"line":72,"column":54}},{"start":{},"end":{}}],"line":72},"4":{"loc":{"start":{"line":72,"column":6},"end":{"line":72,"column":39}},"type":"binary-expr","locations":[{"start":{"line":72,"column":6},"end":{"line":72,"column":20}},{"start":{"line":72,"column":24},"end":{"line":72,"column":39}}],"line":72},"5":{"loc":{"start":{"line":75,"column":2},"end":{"line":75,"column":54}},"type":"if","locations":[{"start":{"line":75,"column":2},"end":{"line":75,"column":54}},{"start":{},"end":{}}],"line":75},"6":{"loc":{"start":{"line":79,"column":2},"end":{"line":79,"column":84}},"type":"if","locations":[{"start":{"line":79,"column":2},"end":{"line":79,"column":84}},{"start":{},"end":{}}],"line":79},"7":{"loc":{"start":{"line":79,"column":6},"end":{"line":79,"column":69}},"type":"binary-expr","locations":[{"start":{"line":79,"column":6},"end":{"line":79,"column":24}},{"start":{"line":79,"column":28},"end":{"line":79,"column":69}}],"line":79},"8":{"loc":{"start":{"line":82,"column":2},"end":{"line":86,"column":3}},"type":"if","locations":[{"start":{"line":82,"column":2},"end":{"line":86,"column":3}},{"start":{},"end":{}}],"line":82},"9":{"loc":{"start":{"line":84,"column":22},"end":{"line":84,"column":73}},"type":"binary-expr","locations":[{"start":{"line":84,"column":22},"end":{"line":84,"column":45}},{"start":{"line":84,"column":49},"end":{"line":84,"column":59}},{"start":{"line":84,"column":63},"end":{"line":84,"column":73}}],"line":84},"10":{"loc":{"start":{"line":85,"column":4},"end":{"line":85,"column":35}},"type":"if","locations":[{"start":{"line":85,"column":4},"end":{"line":85,"column":35}},{"start":{},"end":{}}],"line":85}},"s":{"0":0,"1":0,"2":0,"3":0,"4":0,"5":0,"6":0,"7":0,"8":0,"9":0,"10":0,"11":0,"12":0,"13":0,"14":0,"15":0,"16":0,"17":0,"18":0,"19":0,"20":0,"21":0,"22":0,"23":0,"24":0,"25":0,"26":0,"27":0,"28":0},"f":{"0":0,"1":0,"2":0,"3":0,"4":0,"5":0,"6":0},"b":{"0":[0,0],"1":[0,0],"2":[0,0],"3":[0,0],"4":[0,0],"5":[0,0],"6":[0,0],"7":[0,0],"8":[0,0],"9":[0,0,0],"10":[0,0]}}
,"/Users/coreydolik/Desktop/OctoFlow/src/utils/storage/storageManager.ts": {"path":"/Users/coreydolik/Desktop/OctoFlow/src/utils/storage/storageManager.ts","statementMap":{"0":{"start":{"line":7,"column":20},"end":{"line":7,"column":30}},"1":{"start":{"line":8,"column":19},"end":{"line":8,"column":36}},"2":{"start":{"line":9,"column":24},"end":{"line":9,"column":29}},"3":{"start":{"line":10,"column":24},"end":{"line":10,"column":37}},"4":{"start":{"line":12,"column":31},"end":{"line":16,"column":2}},"5":{"start":{"line":12,"column":55},"end":{"line":16,"column":1}},"6":{"start":{"line":21,"column":50},"end":{"line":21,"column":54}},"7":{"start":{"line":24,"column":4},"end":{"line":24,"column":42}},"8":{"start":{"line":25,"column":4},"end":{"line":25,"column":31}},"9":{"start":{"line":29,"column":4},"end":{"line":31,"column":5}},"10":{"start":{"line":30,"column":6},"end":{"line":30,"column":53}},"11":{"start":{"line":32,"column":4},"end":{"line":32,"column":35}},"12":{"start":{"line":36,"column":4},"end":{"line":46,"column":24}},"13":{"start":{"line":37,"column":6},"end":{"line":45,"column":7}},"14":{"start":{"line":38,"column":29},"end":{"line":38,"column":50}},"15":{"start":{"line":39,"column":8},"end":{"line":41,"column":9}},"16":{"start":{"line":40,"column":10},"end":{"line":40,"column":48}},"17":{"start":{"line":43,"column":20},"end":{"line":43,"column":79}},"18":{"start":{"line":44,"column":8},"end":{"line":44,"column":99}},"19":{"start":{"line":50,"column":4},"end":{"line":69,"column":5}},"20":{"start":{"line":51,"column":49},"end":{"line":60,"column":7}},"21":{"start":{"line":62,"column":6},"end":{"line":62,"column":54}},"22":{"start":{"line":63,"column":6},"end":{"line":63,"column":77}},"23":{"start":{"line":64,"column":6},"end":{"line":64,"column":18}},"24":{"start":{"line":66,"column":18},"end":{"line":66,"column":84}},"25":{"start":{"line":67,"column":6},"end":{"line":67,"column":97}},"26":{"start":{"line":68,"column":6},"end":{"line":68,"column":19}},"27":{"start":{"line":73,"column":4},"end":{"line":94,"column":5}},"28":{"start":{"line":75,"column":21},"end":{"line":75,"column":56}},"29":{"start":{"line":76,"column":6},"end":{"line":81,"column":7}},"30":{"start":{"line":77,"column":22},"end":{"line":77,"column":40}},"31":{"start":{"line":78,"column":8},"end":{"line":80,"column":9}},"32":{"start":{"line":79,"column":10},"end":{"line":79,"column":42}},"33":{"start":{"line":84,"column":20},"end":{"line":84,"column":49}},"34":{"start":{"line":85,"column":6},"end":{"line":87,"column":7}},"35":{"start":{"line":86,"column":8},"end":{"line":86,"column":52}},"36":{"start":{"line":89,"column":6},"end":{"line":89,"column":30}},"37":{"start":{"line":91,"column":18},"end":{"line":91,"column":83}},"38":{"start":{"line":92,"column":6},"end":{"line":92,"column":100}},"39":{"start":{"line":93,"column":6},"end":{"line":93,"column":18}},"40":{"start":{"line":98,"column":39},"end":{"line":109,"column":5}},"41":{"start":{"line":111,"column":4},"end":{"line":111,"column":21}},"42":{"start":{"line":115,"column":4},"end":{"line":131,"column":5}},"43":{"start":{"line":116,"column":26},"end":{"line":122,"column":7}},"44":{"start":{"line":124,"column":6},"end":{"line":124,"column":48}},"45":{"start":{"line":125,"column":6},"end":{"line":125,"column":70}},"46":{"start":{"line":126,"column":6},"end":{"line":126,"column":18}},"47":{"start":{"line":128,"column":18},"end":{"line":128,"column":87}},"48":{"start":{"line":129,"column":6},"end":{"line":129,"column":103}},"49":{"start":{"line":130,"column":6},"end":{"line":130,"column":19}},"50":{"start":{"line":135,"column":4},"end":{"line":146,"column":5}},"51":{"start":{"line":136,"column":21},"end":{"line":136,"column":55}},"52":{"start":{"line":137,"column":6},"end":{"line":142,"column":7}},"53":{"start":{"line":138,"column":22},"end":{"line":138,"column":40}},"54":{"start":{"line":139,"column":8},"end":{"line":141,"column":9}},"55":{"start":{"line":140,"column":10},"end":{"line":140,"column":54}},"56":{"start":{"line":143,"column":6},"end":{"line":143,"column":18}},"57":{"start":{"line":145,"column":6},"end":{"line":145,"column":18}},"58":{"start":{"line":150,"column":4},"end":{"line":164,"column":5}},"59":{"start":{"line":151,"column":6},"end":{"line":151,"column":45}},"60":{"start":{"line":152,"column":6},"end":{"line":152,"column":44}},"61":{"start":{"line":153,"column":6},"end":{"line":158,"column":9}},"62":{"start":{"line":154,"column":8},"end":{"line":157,"column":10}},"63":{"start":{"line":160,"column":6},"end":{"line":163,"column":8}},"64":{"start":{"line":168,"column":4},"end":{"line":170,"column":5}},"65":{"start":{"line":169,"column":6},"end":{"line":169,"column":41}}},"fnMap":{"0":{"name":"(anonymous_0)","decl":{"start":{"line":12,"column":31},"end":{"line":12,"column":32}},"loc":{"start":{"line":12,"column":55},"end":{"line":16,"column":1}},"line":12},"1":{"name":"(anonymous_1)","decl":{"start":{"line":23,"column":2},"end":{"line":23,"column":3}},"loc":{"start":{"line":23,"column":24},"end":{"line":26,"column":3}},"line":23},"2":{"name":"(anonymous_2)","decl":{"start":{"line":28,"column":2},"end":{"line":28,"column":3}},"loc":{"start":{"line":28,"column":39},"end":{"line":33,"column":3}},"line":28},"3":{"name":"(anonymous_3)","decl":{"start":{"line":35,"column":2},"end":{"line":35,"column":3}},"loc":{"start":{"line":35,"column":38},"end":{"line":47,"column":3}},"line":35},"4":{"name":"(anonymous_4)","decl":{"start":{"line":36,"column":38},"end":{"line":36,"column":39}},"loc":{"start":{"line":36,"column":50},"end":{"line":46,"column":5}},"line":36},"5":{"name":"(anonymous_5)","decl":{"start":{"line":49,"column":2},"end":{"line":49,"column":3}},"loc":{"start":{"line":49,"column":60},"end":{"line":70,"column":3}},"line":49},"6":{"name":"(anonymous_6)","decl":{"start":{"line":72,"column":2},"end":{"line":72,"column":3}},"loc":{"start":{"line":72,"column":52},"end":{"line":95,"column":3}},"line":72},"7":{"name":"(anonymous_7)","decl":{"start":{"line":97,"column":2},"end":{"line":97,"column":3}},"loc":{"start":{"line":97,"column":82},"end":{"line":112,"column":3}},"line":97},"8":{"name":"(anonymous_8)","decl":{"start":{"line":114,"column":2},"end":{"line":114,"column":3}},"loc":{"start":{"line":114,"column":63},"end":{"line":132,"column":3}},"line":114},"9":{"name":"(anonymous_9)","decl":{"start":{"line":134,"column":2},"end":{"line":134,"column":3}},"loc":{"start":{"line":134,"column":61},"end":{"line":147,"column":3}},"line":134},"10":{"name":"(anonymous_10)","decl":{"start":{"line":149,"column":2},"end":{"line":149,"column":3}},"loc":{"start":{"line":149,"column":23},"end":{"line":165,"column":3}},"line":149},"11":{"name":"(anonymous_11)","decl":{"start":{"line":153,"column":36},"end":{"line":153,"column":37}},"loc":{"start":{"line":153,"column":45},"end":{"line":158,"column":7}},"line":153},"12":{"name":"(anonymous_12)","decl":{"start":{"line":167,"column":2},"end":{"line":167,"column":3}},"loc":{"start":{"line":167,"column":18},"end":{"line":171,"column":3}},"line":167}},"branchMap":{"0":{"loc":{"start":{"line":29,"column":4},"end":{"line":31,"column":5}},"type":"if","locations":[{"start":{"line":29,"column":4},"end":{"line":31,"column":5}},{"start":{},"end":{}}],"line":29},"1":{"loc":{"start":{"line":39,"column":8},"end":{"line":41,"column":9}},"type":"if","locations":[{"start":{"line":39,"column":8},"end":{"line":41,"column":9}},{"start":{},"end":{}}],"line":39},"2":{"loc":{"start":{"line":43,"column":20},"end":{"line":43,"column":79}},"type":"cond-expr","locations":[{"start":{"line":43,"column":45},"end":{"line":43,"column":50}},{"start":{"line":43,"column":53},"end":{"line":43,"column":79}}],"line":43},"3":{"loc":{"start":{"line":57,"column":21},"end":{"line":57,"column":50}},"type":"binary-expr","locations":[{"start":{"line":57,"column":21},"end":{"line":57,"column":45}},{"start":{"line":57,"column":49},"end":{"line":57,"column":50}}],"line":57},"4":{"loc":{"start":{"line":58,"column":25},"end":{"line":58,"column":57}},"type":"binary-expr","locations":[{"start":{"line":58,"column":25},"end":{"line":58,"column":52}},{"start":{"line":58,"column":56},"end":{"line":58,"column":57}}],"line":58},"5":{"loc":{"start":{"line":66,"column":18},"end":{"line":66,"column":84}},"type":"cond-expr","locations":[{"start":{"line":66,"column":43},"end":{"line":66,"column":48}},{"start":{"line":66,"column":51},"end":{"line":66,"column":84}}],"line":66},"6":{"loc":{"start":{"line":76,"column":6},"end":{"line":81,"column":7}},"type":"if","locations":[{"start":{"line":76,"column":6},"end":{"line":81,"column":7}},{"start":{},"end":{}}],"line":76},"7":{"loc":{"start":{"line":78,"column":8},"end":{"line":80,"column":9}},"type":"if","locations":[{"start":{"line":78,"column":8},"end":{"line":80,"column":9}},{"start":{},"end":{}}],"line":78},"8":{"loc":{"start":{"line":85,"column":6},"end":{"line":87,"column":7}},"type":"if","locations":[{"start":{"line":85,"column":6},"end":{"line":87,"column":7}},{"start":{},"end":{}}],"line":85},"9":{"loc":{"start":{"line":85,"column":10},"end":{"line":85,"column":46}},"type":"binary-expr","locations":[{"start":{"line":85,"column":10},"end":{"line":85,"column":15}},{"start":{"line":85,"column":19},"end":{"line":85,"column":46}}],"line":85},"10":{"loc":{"start":{"line":91,"column":18},"end":{"line":91,"column":83}},"type":"cond-expr","locations":[{"start":{"line":91,"column":43},"end":{"line":91,"column":48}},{"start":{"line":91,"column":51},"end":{"line":91,"column":83}}],"line":91},"11":{"loc":{"start":{"line":99,"column":15},"end":{"line":99,"column":47}},"type":"binary-expr","locations":[{"start":{"line":99,"column":15},"end":{"line":99,"column":28}},{"start":{"line":99,"column":32},"end":{"line":99,"column":47}}],"line":99},"12":{"loc":{"start":{"line":100,"column":20},"end":{"line":100,"column":46}},"type":"binary-expr","locations":[{"start":{"line":100,"column":20},"end":{"line":100,"column":38}},{"start":{"line":100,"column":42},"end":{"line":100,"column":46}}],"line":100},"13":{"loc":{"start":{"line":101,"column":17},"end":{"line":101,"column":38}},"type":"binary-expr","locations":[{"start":{"line":101,"column":17},"end":{"line":101,"column":32}},{"start":{"line":101,"column":36},"end":{"line":101,"column":38}}],"line":101},"14":{"loc":{"start":{"line":104,"column":19},"end":{"line":104,"column":72}},"type":"binary-expr","locations":[{"start":{"line":104,"column":19},"end":{"line":104,"column":44}},{"start":{"line":104,"column":48},"end":{"line":104,"column":72}}],"line":104},"15":{"loc":{"start":{"line":105,"column":19},"end":{"line":105,"column":49}},"type":"binary-expr","locations":[{"start":{"line":105,"column":19},"end":{"line":105,"column":44}},{"start":{"line":105,"column":48},"end":{"line":105,"column":49}}],"line":105},"16":{"loc":{"start":{"line":106,"column":22},"end":{"line":106,"column":55}},"type":"binary-expr","locations":[{"start":{"line":106,"column":22},"end":{"line":106,"column":50}},{"start":{"line":106,"column":54},"end":{"line":106,"column":55}}],"line":106},"17":{"loc":{"start":{"line":108,"column":16},"end":{"line":108,"column":58}},"type":"binary-expr","locations":[{"start":{"line":108,"column":16},"end":{"line":108,"column":30}},{"start":{"line":108,"column":34},"end":{"line":108,"column":58}}],"line":108},"18":{"loc":{"start":{"line":128,"column":18},"end":{"line":128,"column":87}},"type":"cond-expr","locations":[{"start":{"line":128,"column":43},"end":{"line":128,"column":48}},{"start":{"line":128,"column":51},"end":{"line":128,"column":87}}],"line":128},"19":{"loc":{"start":{"line":137,"column":6},"end":{"line":142,"column":7}},"type":"if","locations":[{"start":{"line":137,"column":6},"end":{"line":142,"column":7}},{"start":{},"end":{}}],"line":137},"20":{"loc":{"start":{"line":139,"column":8},"end":{"line":141,"column":9}},"type":"if","locations":[{"start":{"line":139,"column":8},"end":{"line":141,"column":9}},{"start":{},"end":{}}],"line":139},"21":{"loc":{"start":{"line":155,"column":10},"end":{"line":155,"column":79}},"type":"cond-expr","locations":[{"start":{"line":155,"column":35},"end":{"line":155,"column":40}},{"start":{"line":155,"column":43},"end":{"line":155,"column":79}}],"line":155},"22":{"loc":{"start":{"line":161,"column":8},"end":{"line":161,"column":77}},"type":"cond-expr","locations":[{"start":{"line":161,"column":33},"end":{"line":161,"column":38}},{"start":{"line":161,"column":41},"end":{"line":161,"column":77}}],"line":161},"23":{"loc":{"start":{"line":168,"column":4},"end":{"line":170,"column":5}},"type":"if","locations":[{"start":{"line":168,"column":4},"end":{"line":170,"column":5}},{"start":{},"end":{}}],"line":168}},"s":{"0":0,"1":0,"2":0,"3":0,"4":0,"5":0,"6":0,"7":0,"8":0,"9":0,"10":0,"11":0,"12":0,"13":0,"14":0,"15":0,"16":0,"17":0,"18":0,"19":0,"20":0,"21":0,"22":0,"23":0,"24":0,"25":0,"26":0,"27":0,"28":0,"29":0,"30":0,"31":0,"32":0,"33":0,"34":0,"35":0,"36":0,"37":0,"38":0,"39":0,"40":0,"41":0,"42":0,"43":0,"44":0,"45":0,"46":0,"47":0,"48":0,"49":0,"50":0,"51":0,"52":0,"53":0,"54":0,"55":0,"56":0,"57":0,"58":0,"59":0,"60":0,"61":0,"62":0,"63":0,"64":0,"65":0},"f":{"0":0,"1":0,"2":0,"3":0,"4":0,"5":0,"6":0,"7":0,"8":0,"9":0,"10":0,"11":0,"12":0},"b":{"0":[0,0],"1":[0,0],"2":[0,0],"3":[0,0],"4":[0,0],"5":[0,0],"6":[0,0],"7":[0,0],"8":[0,0],"9":[0,0],"10":[0,0],"11":[0,0],"12":[0,0],"13":[0,0],"14":[0,0],"15":[0,0],"16":[0,0],"17":[0,0],"18":[0,0],"19":[0,0],"20":[0,0],"21":[0,0],"22":[0,0],"23":[0,0]}}
}
