TN:
SF:src/App.tsx
FN:10,App
FN:13,(anonymous_1)
FN:20,(anonymous_2)
FN:24,(anonymous_3)
FN:28,(anonymous_4)
FNF:5
FNH:0
FNDA:0,App
FNDA:0,(anonymous_1)
FNDA:0,(anonymous_2)
FNDA:0,(anonymous_3)
FNDA:0,(anonymous_4)
DA:11,0
DA:13,0
DA:14,0
DA:15,0
DA:16,0
DA:20,0
DA:21,0
DA:24,0
DA:28,0
DA:29,0
DA:32,0
LF:11
LH:0
BRDA:15,0,0,0
BRDA:15,0,1,0
BRF:2
BRH:0
end_of_record
TN:
SF:src/index.tsx
FNF:0
FNH:0
DA:8,0
DA:12,0
DA:20,0
LF:3
LH:0
BRF:0
BRH:0
end_of_record
TN:
SF:src/reportWebVitals.js
FN:3,(anonymous_0)
FN:5,(anonymous_1)
FNF:2
FNH:0
FNDA:0,(anonymous_0)
FNDA:0,(anonymous_1)
DA:3,0
DA:4,0
DA:5,0
DA:6,0
DA:7,0
DA:8,0
DA:9,0
DA:10,0
LF:8
LH:0
BRDA:4,0,0,0
BRDA:4,0,1,0
BRDA:4,1,0,0
BRDA:4,1,1,0
BRF:4
BRH:0
end_of_record
TN:
SF:src/reportWebVitals.ts
FN:3,(anonymous_0)
FN:5,(anonymous_1)
FNF:2
FNH:0
FNDA:0,(anonymous_0)
FNDA:0,(anonymous_1)
DA:3,0
DA:4,0
DA:5,0
DA:6,0
DA:7,0
DA:8,0
DA:9,0
DA:10,0
LF:8
LH:0
BRDA:4,0,0,0
BRDA:4,0,1,0
BRDA:4,1,0,0
BRDA:4,1,1,0
BRF:4
BRH:0
end_of_record
TN:
SF:src/serviceWorker.ts
FN:19,(anonymous_0)
FN:36,(anonymous_1)
FN:47,(anonymous_2)
FN:61,(anonymous_3)
FN:75,(anonymous_4)
FN:79,(anonymous_5)
FN:86,(anonymous_6)
FN:127,(anonymous_7)
FN:130,(anonymous_8)
FN:138,(anonymous_9)
FN:141,(anonymous_10)
FN:146,(anonymous_11)
FN:161,(anonymous_12)
FN:171,(anonymous_13)
FN:175,(anonymous_14)
FN:194,register
FN:210,(anonymous_16)
FN:219,(anonymous_17)
FN:232,(anonymous_18)
FN:237,(anonymous_19)
FN:244,registerValidSW
FN:247,(anonymous_21)
FN:248,(anonymous_22)
FN:253,(anonymous_23)
FN:283,(anonymous_24)
FN:288,checkValidServiceWorker
FN:293,(anonymous_26)
FN:301,(anonymous_27)
FN:302,(anonymous_28)
FN:311,(anonymous_29)
FN:318,unregister
FN:321,(anonymous_31)
FN:324,(anonymous_32)
FNF:33
FNH:0
FNDA:0,(anonymous_0)
FNDA:0,(anonymous_1)
FNDA:0,(anonymous_2)
FNDA:0,(anonymous_3)
FNDA:0,(anonymous_4)
FNDA:0,(anonymous_5)
FNDA:0,(anonymous_6)
FNDA:0,(anonymous_7)
FNDA:0,(anonymous_8)
FNDA:0,(anonymous_9)
FNDA:0,(anonymous_10)
FNDA:0,(anonymous_11)
FNDA:0,(anonymous_12)
FNDA:0,(anonymous_13)
FNDA:0,(anonymous_14)
FNDA:0,register
FNDA:0,(anonymous_16)
FNDA:0,(anonymous_17)
FNDA:0,(anonymous_18)
FNDA:0,(anonymous_19)
FNDA:0,registerValidSW
FNDA:0,(anonymous_21)
FNDA:0,(anonymous_22)
FNDA:0,(anonymous_23)
FNDA:0,(anonymous_24)
FNDA:0,checkValidServiceWorker
FNDA:0,(anonymous_26)
FNDA:0,(anonymous_27)
FNDA:0,(anonymous_28)
FNDA:0,(anonymous_29)
FNDA:0,unregister
FNDA:0,(anonymous_31)
FNDA:0,(anonymous_32)
DA:11,0
DA:14,0
DA:17,0
DA:18,0
DA:20,0
DA:21,0
DA:23,0
DA:24,0
DA:26,0
DA:27,0
DA:29,0
DA:35,0
DA:37,0
DA:46,0
DA:47,0
DA:60,0
DA:61,0
DA:74,0
DA:76,0
DA:77,0
DA:80,0
DA:81,0
DA:85,0
DA:86,0
DA:94,0
DA:127,0
DA:128,0
DA:129,0
DA:130,0
DA:138,0
DA:139,0
DA:140,0
DA:142,0
DA:143,0
DA:145,0
DA:147,0
DA:148,0
DA:149,0
DA:151,0
DA:161,0
DA:162,0
DA:163,0
DA:168,0
DA:171,0
DA:172,0
DA:175,0
DA:176,0
DA:195,0
DA:198,0
DA:203,0
DA:207,0
DA:210,0
DA:211,0
DA:213,0
DA:215,0
DA:219,0
DA:220,0
DA:227,0
DA:232,0
DA:233,0
DA:237,0
DA:238,0
DA:245,0
DA:248,0
DA:249,0
DA:250,0
DA:251,0
DA:253,0
DA:254,0
DA:255,0
DA:259,0
DA:265,0
DA:266,0
DA:272,0
DA:275,0
DA:276,0
DA:284,0
DA:290,0
DA:295,0
DA:296,0
DA:301,0
DA:302,0
DA:303,0
DA:308,0
DA:312,0
DA:319,0
DA:320,0
DA:322,0
DA:325,0
DA:331,0
LF:90
LH:0
BRDA:20,0,0,0
BRDA:20,0,1,0
BRDA:23,1,0,0
BRDA:23,1,1,0
BRDA:26,2,0,0
BRDA:26,2,1,0
BRDA:37,3,0,0
BRDA:37,3,1,0
BRDA:37,3,2,0
BRDA:128,4,0,0
BRDA:128,4,1,0
BRDA:139,5,0,0
BRDA:139,5,1,0
BRDA:162,6,0,0
BRDA:162,6,1,0
BRDA:162,7,0,0
BRDA:162,7,1,0
BRDA:195,8,0,0
BRDA:195,8,1,0
BRDA:195,9,0,0
BRDA:195,9,1,0
BRDA:199,10,0,0
BRDA:199,10,1,0
BRDA:203,11,0,0
BRDA:203,11,1,0
BRDA:211,12,0,0
BRDA:211,12,1,0
BRDA:213,13,0,0
BRDA:213,13,1,0
BRDA:250,14,0,0
BRDA:250,14,1,0
BRDA:254,15,0,0
BRDA:254,15,1,0
BRDA:255,16,0,0
BRDA:255,16,1,0
BRDA:265,17,0,0
BRDA:265,17,1,0
BRDA:265,18,0,0
BRDA:265,18,1,0
BRDA:275,19,0,0
BRDA:275,19,1,0
BRDA:275,20,0,0
BRDA:275,20,1,0
BRDA:296,21,0,0
BRDA:296,21,1,0
BRDA:297,22,0,0
BRDA:297,22,1,0
BRDA:297,22,2,0
BRDA:319,23,0,0
BRDA:319,23,1,0
BRDA:332,24,0,0
BRDA:332,24,1,0
BRDA:332,24,2,0
BRF:53
BRH:0
end_of_record
TN:
SF:src/setupPolyfills.js
FN:7,(anonymous_0)
FN:17,(anonymous_1)
FN:29,(anonymous_2)
FNF:3
FNH:0
FNDA:0,(anonymous_0)
FNDA:0,(anonymous_1)
FNDA:0,(anonymous_2)
DA:5,0
DA:6,0
DA:8,0
DA:9,0
DA:15,0
DA:16,0
DA:18,0
DA:19,0
DA:20,0
DA:22,0
DA:27,0
DA:28,0
DA:30,0
LF:13
LH:0
BRDA:5,0,0,0
BRDA:5,0,1,0
BRDA:15,1,0,0
BRDA:15,1,1,0
BRDA:27,2,0,0
BRDA:27,2,1,0
BRF:6
BRH:0
end_of_record
TN:
SF:src/setupTests.ts
FN:43,(anonymous_0)
FN:44,(anonymous_1)
FN:48,(anonymous_2)
FN:54,(anonymous_3)
FN:55,(anonymous_4)
FN:56,(anonymous_5)
FN:57,(anonymous_6)
FN:59,(anonymous_7)
FN:66,(anonymous_8)
FN:78,(anonymous_9)
FN:86,(anonymous_10)
FN:89,(anonymous_11)
FN:90,(anonymous_12)
FN:91,(anonymous_13)
FN:92,(anonymous_14)
FN:101,(anonymous_15)
FN:109,(anonymous_16)
FN:110,(anonymous_17)
FN:125,(anonymous_18)
FN:140,(anonymous_19)
FN:154,(anonymous_20)
FN:158,(anonymous_21)
FN:159,(anonymous_22)
FN:160,(anonymous_23)
FN:165,(anonymous_24)
FN:169,(anonymous_25)
FN:170,(anonymous_26)
FN:171,(anonymous_27)
FN:172,(anonymous_28)
FN:177,(anonymous_29)
FN:193,(anonymous_30)
FN:196,(anonymous_31)
FN:200,(anonymous_32)
FN:204,(anonymous_33)
FN:208,(anonymous_34)
FN:213,(anonymous_35)
FN:217,(anonymous_36)
FN:223,(anonymous_37)
FN:227,(anonymous_38)
FN:231,(anonymous_39)
FN:233,(anonymous_40)
FN:237,(anonymous_41)
FN:244,(anonymous_42)
FN:251,(anonymous_43)
FN:260,(anonymous_44)
FN:266,(anonymous_45)
FN:267,(anonymous_46)
FNF:47
FNH:0
FNDA:0,(anonymous_0)
FNDA:0,(anonymous_1)
FNDA:0,(anonymous_2)
FNDA:0,(anonymous_3)
FNDA:0,(anonymous_4)
FNDA:0,(anonymous_5)
FNDA:0,(anonymous_6)
FNDA:0,(anonymous_7)
FNDA:0,(anonymous_8)
FNDA:0,(anonymous_9)
FNDA:0,(anonymous_10)
FNDA:0,(anonymous_11)
FNDA:0,(anonymous_12)
FNDA:0,(anonymous_13)
FNDA:0,(anonymous_14)
FNDA:0,(anonymous_15)
FNDA:0,(anonymous_16)
FNDA:0,(anonymous_17)
FNDA:0,(anonymous_18)
FNDA:0,(anonymous_19)
FNDA:0,(anonymous_20)
FNDA:0,(anonymous_21)
FNDA:0,(anonymous_22)
FNDA:0,(anonymous_23)
FNDA:0,(anonymous_24)
FNDA:0,(anonymous_25)
FNDA:0,(anonymous_26)
FNDA:0,(anonymous_27)
FNDA:0,(anonymous_28)
FNDA:0,(anonymous_29)
FNDA:0,(anonymous_30)
FNDA:0,(anonymous_31)
FNDA:0,(anonymous_32)
FNDA:0,(anonymous_33)
FNDA:0,(anonymous_34)
FNDA:0,(anonymous_35)
FNDA:0,(anonymous_36)
FNDA:0,(anonymous_37)
FNDA:0,(anonymous_38)
FNDA:0,(anonymous_39)
FNDA:0,(anonymous_40)
FNDA:0,(anonymous_41)
FNDA:0,(anonymous_42)
FNDA:0,(anonymous_43)
FNDA:0,(anonymous_44)
FNDA:0,(anonymous_45)
FNDA:0,(anonymous_46)
DA:43,0
DA:44,0
DA:45,0
DA:46,0
DA:48,0
DA:51,0
DA:52,0
DA:54,0
DA:55,0
DA:56,0
DA:57,0
DA:59,0
DA:64,0
DA:66,0
DA:78,0
DA:86,0
DA:87,0
DA:89,0
DA:90,0
DA:91,0
DA:92,0
DA:100,0
DA:101,0
DA:102,0
DA:106,0
DA:107,0
DA:109,0
DA:110,0
DA:111,0
DA:120,0
DA:122,0
DA:125,0
DA:126,0
DA:131,0
DA:133,0
DA:138,0
DA:140,0
DA:153,0
DA:155,0
DA:164,0
DA:166,0
DA:172,0
DA:176,0
DA:177,0
DA:178,0
DA:192,0
DA:194,0
DA:195,0
DA:196,0
DA:201,0
DA:202,0
DA:203,0
DA:204,0
DA:209,0
DA:212,0
DA:213,0
DA:218,0
DA:222,0
DA:223,0
DA:228,0
DA:229,0
DA:231,0
DA:232,0
DA:233,0
DA:238,0
DA:243,0
DA:244,0
DA:251,0
DA:252,0
DA:253,0
DA:254,0
DA:255,0
DA:256,0
DA:257,0
DA:260,0
DA:261,0
DA:262,0
DA:263,0
DA:264,0
DA:266,0
DA:267,0
DA:268,0
DA:269,0
DA:270,0
DA:275,0
LF:85
LH:0
BRDA:54,0,0,0
BRDA:54,0,1,0
BRDA:100,1,0,0
BRDA:100,1,1,0
BRDA:111,2,0,0
BRDA:111,2,1,0
BRDA:112,3,0,0
BRDA:112,3,1,0
BRDA:112,3,2,0
BRDA:112,3,3,0
BRDA:112,3,4,0
BRDA:112,3,5,0
BRDA:112,3,6,0
BRDA:126,4,0,0
BRDA:126,4,1,0
BRDA:127,5,0,0
BRDA:127,5,1,0
BRDA:127,5,2,0
BRDA:194,6,0,0
BRDA:194,6,1,0
BRDA:194,6,2,0
BRDA:209,7,0,0
BRDA:209,7,1,0
BRDA:209,7,2,0
BRDA:218,8,0,0
BRDA:218,8,1,0
BRDA:218,8,2,0
BRDA:218,8,3,0
BRDA:229,9,0,0
BRDA:229,9,1,0
BRDA:229,9,2,0
BRDA:238,10,0,0
BRDA:238,10,1,0
BRDA:238,10,2,0
BRDA:238,10,3,0
BRDA:238,10,4,0
BRDA:269,11,0,0
BRDA:269,11,1,0
BRF:38
BRH:0
end_of_record
TN:
SF:src/components/AccessibleShortcutHelper.tsx
FN:13,AccessibleShortcutHelper
FN:22,(anonymous_1)
FN:28,(anonymous_2)
FN:34,(anonymous_3)
FN:63,(anonymous_4)
FNF:5
FNH:0
FNDA:0,AccessibleShortcutHelper
FNDA:0,(anonymous_1)
FNDA:0,(anonymous_2)
FNDA:0,(anonymous_3)
FNDA:0,(anonymous_4)
DA:19,0
DA:20,0
DA:22,0
DA:23,0
DA:24,0
DA:28,0
DA:29,0
DA:30,0
DA:34,0
DA:35,0
DA:38,0
DA:40,0
DA:64,0
LF:13
LH:0
BRDA:16,0,0,0
BRDA:23,1,0,0
BRDA:23,1,1,0
BRDA:23,2,0,0
BRDA:23,2,1,0
BRDA:29,3,0,0
BRDA:29,3,1,0
BRDA:29,4,0,0
BRDA:29,4,1,0
BRDA:35,5,0,0
BRDA:35,5,1,0
BRDA:38,6,0,0
BRDA:38,6,1,0
BRDA:50,7,0,0
BRDA:50,7,1,0
BRDA:51,8,0,0
BRDA:51,8,1,0
BRDA:71,9,0,0
BRDA:71,9,1,0
BRDA:83,10,0,0
BRDA:83,10,1,0
BRF:21
BRH:0
end_of_record
TN:
SF:src/components/AppRoutes.tsx
FN:9,(anonymous_0)
FN:16,(anonymous_1)
FN:23,(anonymous_2)
FN:30,(anonymous_3)
FN:36,AppRoutes
FNF:5
FNH:0
FNDA:0,(anonymous_0)
FNDA:0,(anonymous_1)
FNDA:0,(anonymous_2)
FNDA:0,(anonymous_3)
FNDA:0,AppRoutes
DA:8,0
DA:9,0
DA:15,0
DA:16,0
DA:22,0
DA:23,0
DA:29,0
DA:30,0
DA:37,0
LF:9
LH:0
BRF:0
BRH:0
end_of_record
TN:
SF:src/components/Assessment.tsx
FN:17,AssessmentBase
FN:31,(anonymous_1)
FN:44,(anonymous_2)
FN:52,(anonymous_3)
FN:56,(anonymous_4)
FN:61,(anonymous_5)
FN:66,(anonymous_6)
FN:71,(anonymous_7)
FN:167,(anonymous_8)
FNF:9
FNH:0
FNDA:0,AssessmentBase
FNDA:0,(anonymous_1)
FNDA:0,(anonymous_2)
FNDA:0,(anonymous_3)
FNDA:0,(anonymous_4)
FNDA:0,(anonymous_5)
FNDA:0,(anonymous_6)
FNDA:0,(anonymous_7)
FNDA:0,(anonymous_8)
DA:29,0
DA:31,0
DA:32,0
DA:33,0
DA:34,0
DA:35,0
DA:37,0
DA:38,0
DA:39,0
DA:44,0
DA:45,0
DA:46,0
DA:47,0
DA:48,0
DA:52,0
DA:56,0
DA:61,0
DA:66,0
DA:71,0
DA:85,0
DA:92,0
DA:93,0
DA:102,0
DA:103,0
DA:112,0
DA:113,0
DA:116,0
DA:118,0
DA:167,0
DA:168,0
DA:171,0
LF:31
LH:0
BRDA:32,0,0,0
BRDA:32,0,1,0
BRDA:34,1,0,0
BRDA:34,1,1,0
BRDA:38,2,0,0
BRDA:38,2,1,0
BRDA:45,3,0,0
BRDA:45,3,1,0
BRDA:47,4,0,0
BRDA:47,4,1,0
BRDA:56,5,0,0
BRDA:56,5,1,0
BRDA:61,6,0,0
BRDA:61,6,1,0
BRDA:66,7,0,0
BRDA:66,7,1,0
BRDA:71,8,0,0
BRDA:71,8,1,0
BRDA:92,9,0,0
BRDA:92,9,1,0
BRDA:102,10,0,0
BRDA:102,10,1,0
BRDA:112,11,0,0
BRDA:112,11,1,0
BRDA:141,12,0,0
BRDA:141,12,1,0
BRDA:142,13,0,0
BRDA:142,13,1,0
BRDA:143,14,0,0
BRDA:143,14,1,0
BRDA:149,15,0,0
BRDA:149,15,1,0
BRDA:155,16,0,0
BRDA:155,16,1,0
BRF:34
BRH:0
end_of_record
TN:
SF:src/components/AssessmentErrorBoundary.tsx
FN:20,(anonymous_0)
FN:29,(anonymous_1)
FN:33,(anonymous_2)
FN:45,(anonymous_3)
FN:64,(anonymous_4)
FNF:5
FNH:0
FNDA:0,(anonymous_0)
FNDA:0,(anonymous_1)
FNDA:0,(anonymous_2)
FNDA:0,(anonymous_3)
FNDA:0,(anonymous_4)
DA:21,0
DA:22,0
DA:26,0
DA:30,0
DA:34,0
DA:41,0
DA:42,0
DA:45,0
DA:46,0
DA:48,0
DA:49,0
DA:50,0
DA:52,0
DA:53,0
DA:54,0
DA:65,0
DA:66,0
DA:83,0
LF:18
LH:0
BRDA:53,0,0,0
BRDA:53,0,1,0
BRDA:65,1,0,0
BRDA:65,1,1,0
BRDA:66,2,0,0
BRDA:66,2,1,0
BRDA:70,3,0,0
BRDA:70,3,1,0
BRDA:78,4,0,0
BRDA:78,4,1,0
BRF:10
BRH:0
end_of_record
TN:
SF:src/components/AudioFeedback.tsx
FN:17,(anonymous_0)
FN:25,(anonymous_1)
FN:31,(anonymous_2)
FN:43,(anonymous_3)
FN:45,(anonymous_4)
FN:52,(anonymous_5)
FN:75,(anonymous_6)
FN:98,useAudioFeedback
FNF:8
FNH:0
FNDA:0,(anonymous_0)
FNDA:0,(anonymous_1)
FNDA:0,(anonymous_2)
FNDA:0,(anonymous_3)
FNDA:0,(anonymous_4)
FNDA:0,(anonymous_5)
FNDA:0,(anonymous_6)
FNDA:0,useAudioFeedback
DA:10,0
DA:17,0
DA:21,0
DA:22,0
DA:23,0
DA:25,0
DA:26,0
DA:28,0
DA:29,0
DA:31,0
DA:32,0
DA:33,0
DA:34,0
DA:35,0
DA:36,0
DA:38,0
DA:43,0
DA:45,0
DA:46,0
DA:47,0
DA:52,0
DA:53,0
DA:55,0
DA:56,0
DA:57,0
DA:58,0
DA:61,0
DA:62,0
DA:64,0
DA:65,0
DA:67,0
DA:68,0
DA:69,0
DA:73,0
DA:75,0
DA:79,0
DA:95,0
DA:99,0
DA:100,0
DA:101,0
DA:103,0
LF:41
LH:0
BRDA:19,0,0,0
BRDA:26,1,0,0
BRDA:26,1,1,0
BRDA:46,2,0,0
BRDA:46,2,1,0
BRDA:52,3,0,0
BRDA:53,4,0,0
BRDA:53,4,1,0
BRDA:53,5,0,0
BRDA:53,5,1,0
BRDA:56,6,0,0
BRDA:56,6,1,0
BRDA:83,7,0,0
BRDA:83,7,1,0
BRDA:100,8,0,0
BRDA:100,8,1,0
BRF:16
BRH:0
end_of_record
TN:
SF:src/components/AutoSave.tsx
FN:13,(anonymous_0)
FN:24,(anonymous_1)
FN:52,(anonymous_2)
FN:53,(anonymous_3)
FN:54,(anonymous_4)
FN:62,(anonymous_5)
FN:70,(anonymous_6)
FN:71,(anonymous_7)
FN:78,(anonymous_8)
FNF:9
FNH:0
FNDA:0,(anonymous_0)
FNDA:0,(anonymous_1)
FNDA:0,(anonymous_2)
FNDA:0,(anonymous_3)
FNDA:0,(anonymous_4)
FNDA:0,(anonymous_5)
FNDA:0,(anonymous_6)
FNDA:0,(anonymous_7)
FNDA:0,(anonymous_8)
DA:13,0
DA:19,0
DA:20,0
DA:21,0
DA:22,0
DA:24,0
DA:25,0
DA:26,0
DA:29,0
DA:30,0
DA:31,0
DA:33,0
DA:34,0
DA:35,0
DA:37,0
DA:40,0
DA:41,0
DA:42,0
DA:52,0
DA:53,0
DA:54,0
DA:55,0
DA:56,0
DA:60,0
DA:62,0
DA:63,0
DA:64,0
DA:70,0
DA:71,0
DA:72,0
DA:73,0
DA:74,0
DA:77,0
DA:78,0
DA:81,0
LF:35
LH:0
BRDA:15,0,0,0
BRDA:25,1,0,0
BRDA:25,1,1,0
BRDA:25,2,0,0
BRDA:25,2,1,0
BRDA:33,3,0,0
BRDA:33,3,1,0
BRDA:41,4,0,0
BRDA:41,4,1,0
BRDA:63,5,0,0
BRDA:63,5,1,0
BRF:11
BRH:0
end_of_record
TN:
SF:src/components/EnhancedErrorBoundary.tsx
FN:29,(anonymous_0)
FN:39,(anonymous_1)
FN:46,(anonymous_2)
FN:65,(anonymous_3)
FN:72,(anonymous_4)
FN:78,(anonymous_5)
FN:87,(anonymous_6)
FN:166,EnhancedErrorBoundary
FN:172,(anonymous_8)
FN:176,(anonymous_9)
FN:178,(anonymous_10)
FN:189,(anonymous_11)
FNF:12
FNH:0
FNDA:0,(anonymous_0)
FNDA:0,(anonymous_1)
FNDA:0,(anonymous_2)
FNDA:0,(anonymous_3)
FNDA:0,(anonymous_4)
FNDA:0,(anonymous_5)
FNDA:0,(anonymous_6)
FNDA:0,EnhancedErrorBoundary
FNDA:0,(anonymous_8)
FNDA:0,(anonymous_9)
FNDA:0,(anonymous_10)
FNDA:0,(anonymous_11)
DA:30,0
DA:31,0
DA:40,0
DA:47,0
DA:49,0
DA:58,0
DA:60,0
DA:65,0
DA:66,0
DA:67,0
DA:69,0
DA:70,0
DA:71,0
DA:72,0
DA:79,0
DA:83,0
DA:88,0
DA:89,0
DA:91,0
DA:93,0
DA:95,0
DA:97,0
DA:167,0
DA:168,0
DA:172,0
DA:173,0
DA:174,0
DA:176,0
DA:177,0
DA:178,0
DA:179,0
DA:180,0
DA:183,0
DA:184,0
DA:189,0
DA:190,0
DA:191,0
DA:192,0
DA:195,0
DA:196,0
DA:204,0
LF:41
LH:0
BRDA:66,0,0,0
BRDA:69,1,0,0
BRDA:69,1,1,0
BRDA:89,2,0,0
BRDA:91,3,0,0
BRDA:91,3,1,0
BRDA:93,4,0,0
BRDA:93,4,1,0
BRDA:95,5,0,0
BRDA:95,5,1,0
BRDA:101,6,0,0
BRDA:101,6,1,0
BRDA:104,7,0,0
BRDA:104,7,1,0
BRDA:177,8,0,0
BRDA:177,8,1,0
BRDA:183,9,0,0
BRDA:183,9,1,0
BRDA:195,10,0,0
BRDA:195,10,1,0
BRDA:208,11,0,0
BRDA:208,11,1,0
BRDA:211,12,0,0
BRDA:211,12,1,0
BRDA:214,13,0,0
BRDA:214,13,1,0
BRF:26
BRH:0
end_of_record
TN:
SF:src/components/ErrorBoundary.tsx
FN:17,(anonymous_0)
FN:21,(anonymous_1)
FN:33,(anonymous_2)
FN:38,(anonymous_3)
FNF:4
FNH:0
FNDA:0,(anonymous_0)
FNDA:0,(anonymous_1)
FNDA:0,(anonymous_2)
FNDA:0,(anonymous_3)
DA:13,0
DA:18,0
DA:22,0
DA:29,0
DA:30,0
DA:33,0
DA:34,0
DA:35,0
DA:39,0
DA:40,0
DA:48,0
LF:11
LH:0
BRDA:39,0,0,0
BRDA:39,0,1,0
BRDA:40,1,0,0
BRDA:40,1,1,0
BRF:4
BRH:0
end_of_record
TN:
SF:src/components/ErrorFallback.tsx
FN:11,(anonymous_0)
FN:12,(anonymous_1)
FNF:2
FNH:0
FNDA:0,(anonymous_0)
FNDA:0,(anonymous_1)
DA:11,0
DA:12,0
DA:13,0
DA:16,0
DA:17,0
DA:19,0
LF:6
LH:0
BRDA:13,0,0,0
BRDA:13,0,1,0
BRDA:16,1,0,0
BRDA:16,1,1,0
BRDA:17,2,0,0
BRDA:17,2,1,0
BRDA:23,3,0,0
BRDA:23,3,1,0
BRDA:26,4,0,0
BRDA:26,4,1,0
BRDA:26,4,2,0
BRDA:34,5,0,0
BRDA:34,5,1,0
BRF:13
BRH:0
end_of_record
TN:
SF:src/components/GitHubTooltip.jsx
FN:12,(anonymous_0)
FN:18,(anonymous_1)
FN:19,(anonymous_2)
FN:27,(anonymous_3)
FN:31,(anonymous_4)
FN:44,(anonymous_5)
FN:45,(anonymous_6)
FN:46,(anonymous_7)
FN:47,(anonymous_8)
FN:48,(anonymous_9)
FN:49,(anonymous_10)
FNF:11
FNH:0
FNDA:0,(anonymous_0)
FNDA:0,(anonymous_1)
FNDA:0,(anonymous_2)
FNDA:0,(anonymous_3)
FNDA:0,(anonymous_4)
FNDA:0,(anonymous_5)
FNDA:0,(anonymous_6)
FNDA:0,(anonymous_7)
FNDA:0,(anonymous_8)
FNDA:0,(anonymous_9)
FNDA:0,(anonymous_10)
DA:7,0
DA:12,0
DA:13,0
DA:14,0
DA:15,0
DA:18,0
DA:19,0
DA:20,0
DA:21,0
DA:25,0
DA:26,0
DA:27,0
DA:31,0
DA:32,0
DA:35,0
DA:44,0
DA:45,0
DA:46,0
DA:47,0
DA:48,0
DA:50,0
DA:51,0
DA:83,0
LF:23
LH:0
BRDA:15,0,0,0
BRDA:15,0,1,0
BRDA:20,1,0,0
BRDA:20,1,1,0
BRDA:25,2,0,0
BRDA:25,2,1,0
BRDA:50,3,0,0
BRDA:50,3,1,0
BRDA:50,4,0,0
BRDA:50,4,1,0
BRDA:61,5,0,0
BRDA:61,5,1,0
BRF:12
BRH:0
end_of_record
TN:
SF:src/components/GlobalErrorBoundary.tsx
FN:17,(anonymous_0)
FN:26,(anonymous_1)
FN:34,(anonymous_2)
FN:47,(anonymous_3)
FN:65,(anonymous_4)
FN:70,(anonymous_5)
FNF:6
FNH:0
FNDA:0,(anonymous_0)
FNDA:0,(anonymous_1)
FNDA:0,(anonymous_2)
FNDA:0,(anonymous_3)
FNDA:0,(anonymous_4)
FNDA:0,(anonymous_5)
DA:18,0
DA:19,0
DA:27,0
DA:36,0
DA:38,0
DA:39,0
DA:44,0
DA:47,0
DA:48,0
DA:50,0
DA:51,0
DA:52,0
DA:54,0
DA:55,0
DA:58,0
DA:59,0
DA:61,0
DA:65,0
DA:66,0
DA:67,0
DA:71,0
DA:72,0
DA:73,0
DA:75,0
DA:122,0
LF:25
LH:0
BRDA:54,0,0,0
BRDA:54,0,1,0
BRDA:71,1,0,0
BRDA:71,1,1,0
BRDA:79,2,0,0
BRDA:79,2,1,0
BRDA:87,3,0,0
BRDA:87,3,1,0
BRDA:89,4,0,0
BRDA:89,4,1,0
BRDA:95,5,0,0
BRDA:95,5,1,0
BRDA:113,6,0,0
BRDA:113,6,1,0
BRF:14
BRH:0
end_of_record
TN:
SF:src/components/Hero.tsx
FN:9,Hero
FN:25,(anonymous_1)
FN:26,(anonymous_2)
FN:27,(anonymous_3)
FN:28,(anonymous_4)
FNF:5
FNH:0
FNDA:0,Hero
FNDA:0,(anonymous_1)
FNDA:0,(anonymous_2)
FNDA:0,(anonymous_3)
FNDA:0,(anonymous_4)
DA:10,0
DA:25,0
DA:26,0
DA:27,0
DA:28,0
LF:5
LH:0
BRF:0
BRH:0
end_of_record
TN:
SF:src/components/HowItWorks.tsx
FN:9,(anonymous_0)
FN:14,(anonymous_1)
FNF:2
FNH:0
FNDA:0,(anonymous_0)
FNDA:0,(anonymous_1)
DA:9,0
DA:10,0
DA:12,0
DA:14,0
LF:4
LH:0
BRDA:10,0,0,0
BRDA:10,0,1,0
BRF:2
BRH:0
end_of_record
TN:
SF:src/components/KeyboardShortcutHelper.tsx
FN:6,(anonymous_0)
FN:13,(anonymous_1)
FN:14,(anonymous_2)
FN:21,(anonymous_3)
FN:23,(anonymous_4)
FN:28,(anonymous_5)
FN:49,(anonymous_6)
FN:55,(anonymous_7)
FN:59,(anonymous_8)
FNF:9
FNH:0
FNDA:0,(anonymous_0)
FNDA:0,(anonymous_1)
FNDA:0,(anonymous_2)
FNDA:0,(anonymous_3)
FNDA:0,(anonymous_4)
FNDA:0,(anonymous_5)
FNDA:0,(anonymous_6)
FNDA:0,(anonymous_7)
FNDA:0,(anonymous_8)
DA:6,0
DA:10,0
DA:11,0
DA:13,0
DA:14,0
DA:15,0
DA:16,0
DA:17,0
DA:21,0
DA:22,0
DA:23,0
DA:26,0
DA:28,0
DA:29,0
DA:30,0
DA:31,0
DA:33,0
DA:34,0
DA:37,0
DA:49,0
DA:56,0
DA:60,0
LF:22
LH:0
BRDA:15,0,0,0
BRDA:15,0,1,0
BRDA:26,1,0,0
BRDA:26,1,1,0
BRDA:29,2,0,0
BRDA:29,2,1,0
BRDA:30,3,0,0
BRDA:30,3,1,0
BRDA:40,4,0,0
BRDA:40,4,1,0
BRDA:63,5,0,0
BRDA:63,5,1,0
BRF:12
BRH:0
end_of_record
TN:
SF:src/components/LiveRegion.tsx
FN:12,(anonymous_0)
FN:22,(anonymous_1)
FN:23,(anonymous_2)
FN:29,(anonymous_3)
FN:30,(anonymous_4)
FN:30,(anonymous_5)
FN:34,(anonymous_6)
FN:35,(anonymous_7)
FN:40,(anonymous_8)
FN:49,(anonymous_9)
FN:59,(anonymous_10)
FN:64,(anonymous_11)
FN:88,(anonymous_12)
FN:89,(anonymous_13)
FN:103,(anonymous_14)
FN:104,(anonymous_15)
FN:115,(anonymous_16)
FNF:17
FNH:0
FNDA:0,(anonymous_0)
FNDA:0,(anonymous_1)
FNDA:0,(anonymous_2)
FNDA:0,(anonymous_3)
FNDA:0,(anonymous_4)
FNDA:0,(anonymous_5)
FNDA:0,(anonymous_6)
FNDA:0,(anonymous_7)
FNDA:0,(anonymous_8)
FNDA:0,(anonymous_9)
FNDA:0,(anonymous_10)
FNDA:0,(anonymous_11)
FNDA:0,(anonymous_12)
FNDA:0,(anonymous_13)
FNDA:0,(anonymous_14)
FNDA:0,(anonymous_15)
FNDA:0,(anonymous_16)
DA:12,0
DA:17,0
DA:18,0
DA:19,0
DA:20,0
DA:22,0
DA:23,0
DA:25,0
DA:26,0
DA:29,0
DA:30,0
DA:34,0
DA:35,0
DA:36,0
DA:39,0
DA:40,0
DA:41,0
DA:42,0
DA:43,0
DA:49,0
DA:50,0
DA:51,0
DA:59,0
DA:61,0
DA:62,0
DA:63,0
DA:64,0
DA:65,0
DA:66,0
DA:72,0
DA:88,0
DA:90,0
DA:103,0
DA:105,0
DA:115,0
DA:119,0
DA:126,0
LF:37
LH:0
BRDA:14,0,0,0
BRDA:15,1,0,0
BRDA:25,2,0,0
BRDA:25,2,1,0
BRDA:42,3,0,0
BRDA:42,3,1,0
BRDA:50,4,0,0
BRDA:50,4,1,0
BRDA:61,5,0,0
BRDA:61,5,1,0
BRDA:65,6,0,0
BRDA:65,6,1,0
BRDA:88,7,0,0
BRDA:88,7,1,0
BRDA:117,8,0,0
BRF:15
BRH:0
end_of_record
TN:
SF:src/components/LoadingSpinner.tsx
FN:12,(anonymous_0)
FN:18,(anonymous_1)
FNF:2
FNH:0
FNDA:0,(anonymous_0)
FNDA:0,(anonymous_1)
DA:12,0
DA:18,0
DA:19,0
DA:21,0
DA:23,0
DA:25,0
DA:29,0
LF:7
LH:0
BRDA:13,0,0,0
BRDA:14,1,0,0
BRDA:15,2,0,0
BRDA:19,3,0,0
BRDA:19,3,1,0
BRDA:19,3,2,0
BRDA:31,4,0,0
BRDA:31,4,1,0
BRDA:33,5,0,0
BRDA:33,5,1,0
BRDA:43,6,0,0
BRDA:43,6,1,0
BRF:12
BRH:0
end_of_record
TN:
SF:src/components/Navigation.tsx
FN:14,(anonymous_0)
FN:26,(anonymous_1)
FN:31,(anonymous_2)
FN:42,(anonymous_3)
FN:47,(anonymous_4)
FN:52,(anonymous_5)
FN:60,(anonymous_6)
FN:87,(anonymous_7)
FN:104,(anonymous_8)
FNF:9
FNH:0
FNDA:0,(anonymous_0)
FNDA:0,(anonymous_1)
FNDA:0,(anonymous_2)
FNDA:0,(anonymous_3)
FNDA:0,(anonymous_4)
FNDA:0,(anonymous_5)
FNDA:0,(anonymous_6)
FNDA:0,(anonymous_7)
FNDA:0,(anonymous_8)
DA:14,0
DA:19,0
DA:20,0
DA:21,0
DA:22,0
DA:24,0
DA:26,0
DA:27,0
DA:28,0
DA:31,0
DA:32,0
DA:33,0
DA:34,0
DA:36,0
DA:37,0
DA:42,0
DA:43,0
DA:47,0
DA:52,0
DA:56,0
DA:60,0
DA:61,0
DA:62,0
DA:66,0
DA:87,0
DA:104,0
LF:26
LH:0
BRDA:34,0,0,0
BRDA:34,0,1,0
BRDA:36,1,0,0
BRDA:36,1,1,0
BRDA:36,2,0,0
BRDA:36,2,1,0
BRDA:61,3,0,0
BRDA:61,3,1,0
BRDA:61,4,0,0
BRDA:61,4,1,0
BRF:10
BRH:0
end_of_record
TN:
SF:src/components/NavigationGuard.tsx
FN:8,(anonymous_0)
FN:18,(anonymous_1)
FN:27,(anonymous_2)
FN:40,(anonymous_3)
FN:43,(anonymous_4)
FN:47,(anonymous_5)
FN:50,(anonymous_6)
FN:61,(anonymous_7)
FNF:8
FNH:0
FNDA:0,(anonymous_0)
FNDA:0,(anonymous_1)
FNDA:0,(anonymous_2)
FNDA:0,(anonymous_3)
FNDA:0,(anonymous_4)
FNDA:0,(anonymous_5)
FNDA:0,(anonymous_6)
FNDA:0,(anonymous_7)
DA:8,0
DA:14,0
DA:15,0
DA:16,0
DA:18,0
DA:19,0
DA:20,0
DA:22,0
DA:23,0
DA:24,0
DA:27,0
DA:28,0
DA:29,0
DA:36,0
DA:37,0
DA:40,0
DA:41,0
DA:42,0
DA:43,0
DA:47,0
DA:48,0
DA:50,0
DA:51,0
DA:52,0
DA:54,0
DA:55,0
DA:56,0
DA:58,0
DA:61,0
DA:62,0
DA:66,0
LF:31
LH:0
BRDA:10,0,0,0
BRDA:19,1,0,0
BRDA:19,1,1,0
BRDA:20,2,0,0
BRDA:20,2,1,0
BRDA:20,3,0,0
BRDA:20,3,1,0
BRDA:28,4,0,0
BRDA:28,4,1,0
BRDA:41,5,0,0
BRDA:41,5,1,0
BRDA:48,6,0,0
BRDA:48,6,1,0
BRDA:51,7,0,0
BRDA:51,7,1,0
BRDA:51,7,2,0
BRDA:52,8,0,0
BRDA:52,8,1,0
BRDA:54,9,0,0
BRDA:54,9,1,0
BRDA:62,10,0,0
BRDA:62,10,1,0
BRDA:69,11,0,0
BRDA:69,11,1,0
BRF:24
BRH:0
end_of_record
TN:
SF:src/components/NetworkErrorBoundary.tsx
FN:15,(anonymous_0)
FN:27,(anonymous_1)
FN:45,(anonymous_2)
FN:55,(anonymous_3)
FN:59,(anonymous_4)
FN:60,(anonymous_5)
FN:64,(anonymous_6)
FN:65,(anonymous_7)
FN:77,(anonymous_8)
FNF:9
FNH:0
FNDA:0,(anonymous_0)
FNDA:0,(anonymous_1)
FNDA:0,(anonymous_2)
FNDA:0,(anonymous_3)
FNDA:0,(anonymous_4)
FNDA:0,(anonymous_5)
FNDA:0,(anonymous_6)
FNDA:0,(anonymous_7)
FNDA:0,(anonymous_8)
DA:15,0
DA:21,0
DA:25,0
DA:27,0
DA:28,0
DA:29,0
DA:34,0
DA:35,0
DA:40,0
DA:41,0
DA:42,0
DA:45,0
DA:51,0
DA:52,0
DA:55,0
DA:59,0
DA:60,0
DA:61,0
DA:64,0
DA:65,0
DA:72,0
DA:73,0
DA:75,0
DA:77,0
DA:78,0
DA:79,0
DA:80,0
DA:84,0
DA:85,0
DA:105,0
LF:30
LH:0
BRDA:17,0,0,0
BRDA:40,1,0,0
BRDA:40,1,1,0
BRDA:40,2,0,0
BRDA:40,2,1,0
BRDA:51,3,0,0
BRDA:51,3,1,0
BRDA:84,4,0,0
BRDA:84,4,1,0
BRDA:91,5,0,0
BRDA:91,5,1,0
BRF:11
BRH:0
end_of_record
TN:
SF:src/components/OfflineIndicator.tsx
FN:9,(anonymous_0)
FN:16,(anonymous_1)
FN:17,(anonymous_2)
FN:22,(anonymous_3)
FN:27,(anonymous_4)
FN:30,(anonymous_5)
FN:32,(anonymous_6)
FN:35,(anonymous_7)
FN:44,(anonymous_8)
FNF:9
FNH:0
FNDA:0,(anonymous_0)
FNDA:0,(anonymous_1)
FNDA:0,(anonymous_2)
FNDA:0,(anonymous_3)
FNDA:0,(anonymous_4)
FNDA:0,(anonymous_5)
FNDA:0,(anonymous_6)
FNDA:0,(anonymous_7)
FNDA:0,(anonymous_8)
DA:9,0
DA:13,0
DA:14,0
DA:16,0
DA:17,0
DA:18,0
DA:19,0
DA:22,0
DA:23,0
DA:24,0
DA:27,0
DA:28,0
DA:29,0
DA:30,0
DA:31,0
DA:32,0
DA:34,0
DA:35,0
DA:40,0
DA:41,0
DA:42,0
DA:44,0
DA:45,0
DA:46,0
DA:47,0
DA:51,0
DA:52,0
DA:55,0
LF:28
LH:0
BRDA:28,0,0,0
BRDA:28,0,1,0
BRDA:28,1,0,0
BRDA:28,1,1,0
BRDA:51,2,0,0
BRDA:51,2,1,0
BRDA:51,3,0,0
BRDA:51,3,1,0
BRDA:57,4,0,0
BRDA:57,4,1,0
BRDA:61,5,0,0
BRDA:61,5,1,0
BRDA:63,6,0,0
BRDA:63,6,1,0
BRDA:64,7,0,0
BRDA:64,7,1,0
BRF:16
BRH:0
end_of_record
TN:
SF:src/components/PreferencesPanel.tsx
FN:11,(anonymous_0)
FN:18,(anonymous_1)
FN:22,(anonymous_2)
FN:23,(anonymous_3)
FN:27,(anonymous_4)
FN:28,(anonymous_5)
FN:32,(anonymous_6)
FN:34,(anonymous_7)
FN:38,(anonymous_8)
FN:39,(anonymous_9)
FN:52,(anonymous_10)
FN:55,(anonymous_11)
FN:68,(anonymous_12)
FN:71,(anonymous_13)
FN:88,(anonymous_14)
FN:96,(anonymous_15)
FN:104,(anonymous_16)
FN:114,(anonymous_17)
FN:117,(anonymous_18)
FN:134,(anonymous_19)
FN:146,(anonymous_20)
FNF:21
FNH:0
FNDA:0,(anonymous_0)
FNDA:0,(anonymous_1)
FNDA:0,(anonymous_2)
FNDA:0,(anonymous_3)
FNDA:0,(anonymous_4)
FNDA:0,(anonymous_5)
FNDA:0,(anonymous_6)
FNDA:0,(anonymous_7)
FNDA:0,(anonymous_8)
FNDA:0,(anonymous_9)
FNDA:0,(anonymous_10)
FNDA:0,(anonymous_11)
FNDA:0,(anonymous_12)
FNDA:0,(anonymous_13)
FNDA:0,(anonymous_14)
FNDA:0,(anonymous_15)
FNDA:0,(anonymous_16)
FNDA:0,(anonymous_17)
FNDA:0,(anonymous_18)
FNDA:0,(anonymous_19)
FNDA:0,(anonymous_20)
DA:11,0
DA:16,0
DA:18,0
DA:19,0
DA:22,0
DA:23,0
DA:24,0
DA:27,0
DA:28,0
DA:29,0
DA:32,0
DA:33,0
DA:34,0
DA:35,0
DA:38,0
DA:39,0
DA:40,0
DA:43,0
DA:53,0
DA:55,0
DA:69,0
DA:71,0
DA:88,0
DA:96,0
DA:104,0
DA:115,0
DA:117,0
DA:134,0
DA:146,0
LF:29
LH:0
BRDA:56,0,0,0
BRDA:56,0,1,0
BRDA:72,1,0,0
BRDA:72,1,1,0
BRDA:118,2,0,0
BRDA:118,2,1,0
BRDA:138,3,0,0
BRDA:138,3,1,0
BRDA:155,4,0,0
BRDA:155,4,1,0
BRF:10
BRH:0
end_of_record
TN:
SF:src/components/ProgressTracker.tsx
FN:14,ProgressTracker
FN:24,(anonymous_1)
FN:33,(anonymous_2)
FN:45,(anonymous_3)
FNF:4
FNH:0
FNDA:0,ProgressTracker
FNDA:0,(anonymous_1)
FNDA:0,(anonymous_2)
FNDA:0,(anonymous_3)
DA:21,0
DA:22,0
DA:24,0
DA:25,0
DA:26,0
DA:27,0
DA:28,0
DA:29,0
DA:30,0
DA:33,0
DA:34,0
DA:35,0
DA:37,0
DA:38,0
DA:40,0
DA:41,0
DA:45,0
DA:46,0
DA:47,0
DA:48,0
DA:49,0
DA:53,0
LF:22
LH:0
BRDA:18,0,0,0
BRDA:25,1,0,0
BRDA:25,1,1,0
BRDA:26,2,0,0
BRDA:26,2,1,0
BRDA:27,3,0,0
BRDA:27,3,1,0
BRDA:28,4,0,0
BRDA:28,4,1,0
BRDA:29,5,0,0
BRDA:29,5,1,0
BRDA:37,6,0,0
BRDA:37,6,1,0
BRDA:41,7,0,0
BRDA:41,7,1,0
BRDA:47,8,0,0
BRDA:47,8,1,0
BRDA:47,9,0,0
BRDA:47,9,1,0
BRF:19
BRH:0
end_of_record
TN:
SF:src/components/RadarChart.tsx
FN:26,(anonymous_0)
FN:35,(anonymous_1)
FN:51,(anonymous_2)
FN:90,(anonymous_3)
FN:110,(anonymous_4)
FNF:5
FNH:0
FNDA:0,(anonymous_0)
FNDA:0,(anonymous_1)
FNDA:0,(anonymous_2)
FNDA:0,(anonymous_3)
FNDA:0,(anonymous_4)
DA:6,0
DA:26,0
DA:32,0
DA:33,0
DA:35,0
DA:36,0
DA:38,0
DA:39,0
DA:41,0
DA:43,0
DA:51,0
DA:91,0
DA:92,0
DA:93,0
DA:102,0
DA:103,0
DA:107,0
DA:110,0
DA:111,0
DA:112,0
DA:117,0
LF:21
LH:0
BRDA:29,0,0,0
BRDA:30,1,0,0
BRDA:36,2,0,0
BRDA:36,2,1,0
BRDA:39,3,0,0
BRDA:39,3,1,0
BRDA:41,4,0,0
BRDA:41,4,1,0
BRDA:51,5,0,0
BRDA:51,5,1,0
BRDA:91,6,0,0
BRDA:91,6,1,0
BRDA:102,7,0,0
BRDA:102,7,1,0
BRDA:111,8,0,0
BRDA:111,8,1,0
BRF:16
BRH:0
end_of_record
TN:
SF:src/components/Results.tsx
FN:77,(anonymous_0)
FN:81,(anonymous_1)
FN:82,(anonymous_2)
FN:92,(anonymous_3)
FN:93,(anonymous_4)
FN:95,(anonymous_5)
FN:96,(anonymous_6)
FN:100,(anonymous_7)
FN:107,(anonymous_8)
FN:116,(anonymous_9)
FN:130,(anonymous_10)
FN:143,(anonymous_11)
FN:147,(anonymous_12)
FN:167,(anonymous_13)
FN:169,(anonymous_14)
FN:217,(anonymous_15)
FN:257,(anonymous_16)
FN:258,(anonymous_17)
FN:273,(anonymous_18)
FNF:19
FNH:0
FNDA:0,(anonymous_0)
FNDA:0,(anonymous_1)
FNDA:0,(anonymous_2)
FNDA:0,(anonymous_3)
FNDA:0,(anonymous_4)
FNDA:0,(anonymous_5)
FNDA:0,(anonymous_6)
FNDA:0,(anonymous_7)
FNDA:0,(anonymous_8)
FNDA:0,(anonymous_9)
FNDA:0,(anonymous_10)
FNDA:0,(anonymous_11)
FNDA:0,(anonymous_12)
FNDA:0,(anonymous_13)
FNDA:0,(anonymous_14)
FNDA:0,(anonymous_15)
FNDA:0,(anonymous_16)
FNDA:0,(anonymous_17)
FNDA:0,(anonymous_18)
DA:24,0
DA:77,0
DA:78,0
DA:79,0
DA:81,0
DA:82,0
DA:83,0
DA:84,0
DA:92,0
DA:93,0
DA:95,0
DA:96,0
DA:100,0
DA:107,0
DA:116,0
DA:131,0
DA:132,0
DA:143,0
DA:144,0
DA:147,0
DA:148,0
DA:149,0
DA:151,0
DA:158,0
DA:159,0
DA:160,0
DA:161,0
DA:162,0
DA:167,0
DA:168,0
DA:169,0
DA:170,0
DA:171,0
DA:176,0
DA:177,0
DA:180,0
DA:218,0
DA:258,0
DA:274,0
LF:39
LH:0
BRDA:100,0,0,0
BRDA:100,0,1,0
BRDA:107,1,0,0
BRDA:107,1,1,0
BRDA:131,2,0,0
BRDA:131,2,1,0
BRDA:149,3,0,0
BRDA:149,3,1,0
BRDA:158,4,0,0
BRDA:158,4,1,0
BRDA:158,5,0,0
BRDA:158,5,1,0
BRDA:161,6,0,0
BRDA:161,6,1,0
BRDA:170,7,0,0
BRDA:170,7,1,0
BRDA:176,8,0,0
BRDA:176,8,1,0
BRDA:176,9,0,0
BRDA:176,9,1,0
BRDA:229,10,0,0
BRDA:229,10,1,0
BRDA:230,11,0,0
BRDA:230,11,1,0
BRDA:230,12,0,0
BRDA:230,12,1,0
BRDA:244,13,0,0
BRDA:244,13,1,0
BRF:28
BRH:0
end_of_record
TN:
SF:src/components/SaveIndicator.tsx
FN:5,(anonymous_0)
FN:9,(anonymous_1)
FN:26,(anonymous_2)
FN:39,(anonymous_3)
FNF:4
FNH:0
FNDA:0,(anonymous_0)
FNDA:0,(anonymous_1)
FNDA:0,(anonymous_2)
FNDA:0,(anonymous_3)
DA:5,0
DA:9,0
DA:10,0
DA:12,0
DA:14,0
DA:15,0
DA:16,0
DA:18,0
DA:20,0
DA:22,0
DA:26,0
DA:27,0
DA:29,0
DA:31,0
DA:33,0
DA:35,0
DA:39,0
DA:40,0
DA:43,0
DA:45,0
LF:20
LH:0
BRDA:10,0,0,0
BRDA:10,0,1,0
BRDA:10,0,2,0
BRDA:10,0,3,0
BRDA:14,1,0,0
BRDA:14,1,1,0
BRDA:27,2,0,0
BRDA:27,2,1,0
BRDA:27,2,2,0
BRDA:27,2,3,0
BRDA:43,3,0,0
BRDA:43,3,1,0
BRDA:47,4,0,0
BRDA:47,4,1,0
BRF:14
BRH:0
end_of_record
TN:
SF:src/components/SessionRecovery.tsx
FN:13,SessionRecovery
FN:19,(anonymous_1)
FN:20,(anonymous_2)
FN:25,(anonymous_3)
FN:39,(anonymous_4)
FN:72,(anonymous_5)
FN:81,(anonymous_6)
FNF:7
FNH:0
FNDA:0,SessionRecovery
FNDA:0,(anonymous_1)
FNDA:0,(anonymous_2)
FNDA:0,(anonymous_3)
FNDA:0,(anonymous_4)
FNDA:0,(anonymous_5)
FNDA:0,(anonymous_6)
DA:14,0
DA:15,0
DA:16,0
DA:17,0
DA:19,0
DA:20,0
DA:21,0
DA:22,0
DA:23,0
DA:24,0
DA:25,0
DA:26,0
DA:30,0
DA:32,0
DA:36,0
DA:39,0
DA:40,0
DA:41,0
DA:42,0
DA:44,0
DA:48,0
DA:49,0
DA:52,0
DA:53,0
DA:64,0
DA:65,0
DA:68,0
DA:73,0
DA:81,0
LF:29
LH:0
BRDA:48,0,0,0
BRDA:48,0,1,0
BRDA:52,1,0,0
BRDA:52,1,1,0
BRDA:64,2,0,0
BRDA:64,2,1,0
BRF:6
BRH:0
end_of_record
TN:
SF:src/components/StageSelector.tsx
FN:11,(anonymous_0)
FN:14,(anonymous_1)
FN:17,(anonymous_2)
FN:27,(anonymous_3)
FN:36,(anonymous_4)
FN:39,(anonymous_5)
FN:56,(anonymous_6)
FNF:7
FNH:0
FNDA:0,(anonymous_0)
FNDA:0,(anonymous_1)
FNDA:0,(anonymous_2)
FNDA:0,(anonymous_3)
FNDA:0,(anonymous_4)
FNDA:0,(anonymous_5)
FNDA:0,(anonymous_6)
DA:11,0
DA:12,0
DA:14,0
DA:15,0
DA:17,0
DA:20,0
DA:27,0
DA:37,0
DA:39,0
DA:57,0
LF:10
LH:0
BRDA:15,0,0,0
BRDA:15,0,1,0
BRDA:15,0,2,0
BRDA:33,1,0,0
BRDA:33,1,1,0
BRDA:40,2,0,0
BRDA:40,2,1,0
BRF:7
BRH:0
end_of_record
TN:
SF:src/components/StageTransition.tsx
FN:12,(anonymous_0)
FN:21,(anonymous_1)
FN:25,(anonymous_2)
FN:45,(anonymous_3)
FN:52,(anonymous_4)
FNF:5
FNH:0
FNDA:0,(anonymous_0)
FNDA:0,(anonymous_1)
FNDA:0,(anonymous_2)
FNDA:0,(anonymous_3)
FNDA:0,(anonymous_4)
DA:12,0
DA:18,0
DA:19,0
DA:21,0
DA:23,0
DA:25,0
DA:26,0
DA:27,0
DA:28,0
DA:30,0
DA:31,0
DA:32,0
DA:33,0
DA:35,0
DA:36,0
DA:37,0
DA:40,0
DA:43,0
DA:45,0
DA:46,0
DA:47,0
DA:52,0
DA:53,0
DA:55,0
DA:57,0
DA:59,0
DA:61,0
DA:65,0
LF:28
LH:0
BRDA:16,0,0,0
BRDA:30,1,0,0
BRDA:30,1,1,0
BRDA:32,2,0,0
BRDA:32,2,1,0
BRDA:46,3,0,0
BRDA:46,3,1,0
BRDA:53,4,0,0
BRDA:53,4,1,0
BRDA:53,4,2,0
BRDA:53,4,3,0
BRF:11
BRH:0
end_of_record
TN:
SF:src/components/Summary.tsx
FN:17,(anonymous_0)
FN:30,(anonymous_1)
FN:51,(anonymous_2)
FN:58,(anonymous_3)
FN:63,(anonymous_4)
FN:78,(anonymous_5)
FN:81,(anonymous_6)
FN:90,(anonymous_7)
FN:92,(anonymous_8)
FN:104,(anonymous_9)
FNF:10
FNH:0
FNDA:0,(anonymous_0)
FNDA:0,(anonymous_1)
FNDA:0,(anonymous_2)
FNDA:0,(anonymous_3)
FNDA:0,(anonymous_4)
FNDA:0,(anonymous_5)
FNDA:0,(anonymous_6)
FNDA:0,(anonymous_7)
FNDA:0,(anonymous_8)
FNDA:0,(anonymous_9)
DA:17,0
DA:18,0
DA:19,0
DA:20,0
DA:22,0
DA:28,0
DA:30,0
DA:31,0
DA:36,0
DA:37,0
DA:38,0
DA:39,0
DA:40,0
DA:41,0
DA:43,0
DA:46,0
DA:47,0
DA:51,0
DA:52,0
DA:53,0
DA:54,0
DA:58,0
DA:59,0
DA:60,0
DA:63,0
DA:64,0
DA:65,0
DA:67,0
DA:79,0
DA:81,0
DA:90,0
DA:92,0
DA:103,0
DA:104,0
LF:34
LH:0
BRDA:38,0,0,0
BRDA:38,0,1,0
BRDA:52,1,0,0
BRDA:52,1,1,0
BRDA:71,2,0,0
BRDA:71,2,1,0
BRDA:76,3,0,0
BRDA:76,3,1,0
BRDA:82,4,0,0
BRDA:82,4,1,0
BRDA:108,5,0,0
BRDA:108,5,1,0
BRDA:119,6,0,0
BRDA:119,6,1,0
BRDA:124,7,0,0
BRDA:124,7,1,0
BRF:16
BRH:0
end_of_record
TN:
SF:src/components/TimeEstimator.tsx
FN:16,(anonymous_0)
FN:28,(anonymous_1)
FN:42,(anonymous_2)
FNF:3
FNH:0
FNDA:0,(anonymous_0)
FNDA:0,(anonymous_1)
FNDA:0,(anonymous_2)
DA:16,0
DA:22,0
DA:28,0
DA:29,0
DA:30,0
DA:32,0
DA:38,0
DA:39,0
DA:42,0
DA:43,0
DA:44,0
DA:46,0
DA:47,0
DA:49,0
DA:52,0
LF:15
LH:0
BRDA:18,0,0,0
BRDA:19,1,0,0
BRDA:46,2,0,0
BRDA:46,2,1,0
BRDA:47,3,0,0
BRDA:47,3,1,0
BRDA:47,4,0,0
BRDA:47,4,1,0
BRDA:49,5,0,0
BRDA:49,5,1,0
BRF:10
BRH:0
end_of_record
TN:
SF:src/components/Timer.tsx
FN:12,(anonymous_0)
FN:24,(anonymous_1)
FN:45,(anonymous_2)
FN:49,(anonymous_3)
FN:56,(anonymous_4)
FN:67,(anonymous_5)
FNF:6
FNH:0
FNDA:0,(anonymous_0)
FNDA:0,(anonymous_1)
FNDA:0,(anonymous_2)
FNDA:0,(anonymous_3)
FNDA:0,(anonymous_4)
FNDA:0,(anonymous_5)
DA:12,0
DA:19,0
DA:20,0
DA:21,0
DA:22,0
DA:24,0
DA:25,0
DA:27,0
DA:28,0
DA:30,0
DA:32,0
DA:33,0
DA:34,0
DA:36,0
DA:37,0
DA:38,0
DA:42,0
DA:45,0
DA:46,0
DA:47,0
DA:49,0
DA:50,0
DA:51,0
DA:56,0
DA:57,0
DA:58,0
DA:59,0
DA:61,0
DA:62,0
DA:64,0
DA:67,0
DA:68,0
DA:69,0
DA:70,0
DA:72,0
DA:75,0
LF:36
LH:0
BRDA:13,0,0,0
BRDA:17,1,0,0
BRDA:25,2,0,0
BRDA:25,2,1,0
BRDA:32,3,0,0
BRDA:32,3,1,0
BRDA:36,4,0,0
BRDA:36,4,1,0
BRDA:36,5,0,0
BRDA:36,5,1,0
BRDA:46,6,0,0
BRDA:46,6,1,0
BRDA:50,7,0,0
BRDA:50,7,1,0
BRDA:61,8,0,0
BRDA:61,8,1,0
BRDA:68,9,0,0
BRDA:68,9,1,0
BRDA:76,10,0,0
BRDA:76,10,1,0
BRDA:81,11,0,0
BRDA:81,11,1,0
BRF:22
BRH:0
end_of_record
TN:
SF:src/components/UserPreferences.tsx
FN:33,UserPreferences
FN:37,(anonymous_1)
FN:86,useUserPreferences
FNF:3
FNH:0
FNDA:0,UserPreferences
FNDA:0,(anonymous_1)
FNDA:0,useUserPreferences
DA:17,0
DA:34,0
DA:35,0
DA:37,0
DA:41,0
DA:43,0
DA:44,0
DA:49,0
DA:54,0
DA:55,0
DA:56,0
DA:58,0
DA:62,0
DA:64,0
DA:83,0
DA:87,0
DA:88,0
DA:89,0
DA:91,0
LF:19
LH:0
BRDA:41,0,0,0
BRDA:41,0,1,0
BRDA:43,1,0,0
BRDA:43,1,1,0
BRDA:54,2,0,0
BRDA:54,2,1,0
BRDA:62,3,0,0
BRDA:62,3,1,0
BRDA:88,4,0,0
BRDA:88,4,1,0
BRF:10
BRH:0
end_of_record
TN:
SF:src/components/withAutoSave.tsx
FN:12,withAutoSave
FN:16,(anonymous_1)
FN:23,(anonymous_2)
FN:53,(anonymous_3)
FN:64,(anonymous_4)
FN:72,(anonymous_5)
FN:73,(anonymous_6)
FN:80,(anonymous_7)
FN:84,(anonymous_8)
FN:85,(anonymous_9)
FN:94,(anonymous_10)
FNF:11
FNH:0
FNDA:0,withAutoSave
FNDA:0,(anonymous_1)
FNDA:0,(anonymous_2)
FNDA:0,(anonymous_3)
FNDA:0,(anonymous_4)
FNDA:0,(anonymous_5)
FNDA:0,(anonymous_6)
FNDA:0,(anonymous_7)
FNDA:0,(anonymous_8)
FNDA:0,(anonymous_9)
FNDA:0,(anonymous_10)
DA:16,0
DA:17,0
DA:18,0
DA:19,0
DA:20,0
DA:21,0
DA:23,0
DA:24,0
DA:26,0
DA:27,0
DA:28,0
DA:31,0
DA:32,0
DA:33,0
DA:34,0
DA:35,0
DA:36,0
DA:38,0
DA:41,0
DA:42,0
DA:45,0
DA:46,0
DA:47,0
DA:53,0
DA:54,0
DA:55,0
DA:56,0
DA:57,0
DA:59,0
DA:62,0
DA:64,0
DA:65,0
DA:66,0
DA:72,0
DA:73,0
DA:74,0
DA:75,0
DA:79,0
DA:80,0
DA:84,0
DA:85,0
DA:86,0
DA:87,0
DA:88,0
DA:89,0
DA:93,0
DA:94,0
DA:97,0
DA:111,0
DA:112,0
LF:50
LH:0
BRDA:14,0,0,0
BRDA:24,1,0,0
BRDA:24,1,1,0
BRDA:26,2,0,0
BRDA:26,2,1,0
BRDA:26,3,0,0
BRDA:26,3,1,0
BRDA:33,4,0,0
BRDA:33,4,1,0
BRDA:45,5,0,0
BRDA:45,5,1,0
BRDA:54,6,0,0
BRDA:54,6,1,0
BRDA:54,7,0,0
BRDA:54,7,1,0
BRDA:55,8,0,0
BRDA:55,8,1,0
BRDA:65,9,0,0
BRDA:65,9,1,0
BRDA:74,10,0,0
BRDA:74,10,1,0
BRDA:86,11,0,0
BRDA:86,11,1,0
BRDA:100,12,0,0
BRDA:100,12,1,0
BRDA:100,12,2,0
BRDA:102,13,0,0
BRDA:102,13,1,0
BRF:28
BRH:0
end_of_record
TN:
SF:src/components/withFlowValidation.tsx
FN:22,withFlowValidation
FN:26,(anonymous_1)
FN:35,(anonymous_2)
FN:63,(anonymous_3)
FN:64,(anonymous_4)
FN:68,(anonymous_5)
FN:78,(anonymous_6)
FN:93,(anonymous_7)
FN:95,(anonymous_8)
FN:100,(anonymous_9)
FNF:10
FNH:0
FNDA:0,withFlowValidation
FNDA:0,(anonymous_1)
FNDA:0,(anonymous_2)
FNDA:0,(anonymous_3)
FNDA:0,(anonymous_4)
FNDA:0,(anonymous_5)
FNDA:0,(anonymous_6)
FNDA:0,(anonymous_7)
FNDA:0,(anonymous_8)
FNDA:0,(anonymous_9)
DA:20,0
DA:26,0
DA:27,0
DA:28,0
DA:29,0
DA:35,0
DA:37,0
DA:39,0
DA:40,0
DA:41,0
DA:45,0
DA:48,0
DA:49,0
DA:51,0
DA:52,0
DA:56,0
DA:57,0
DA:60,0
DA:63,0
DA:64,0
DA:65,0
DA:66,0
DA:68,0
DA:74,0
DA:75,0
DA:78,0
DA:84,0
DA:85,0
DA:89,0
DA:93,0
DA:94,0
DA:95,0
DA:96,0
DA:97,0
DA:100,0
DA:107,0
DA:108,0
DA:145,0
DA:148,0
DA:151,0
LF:40
LH:0
BRDA:24,0,0,0
BRDA:37,1,0,0
BRDA:37,1,1,0
BRDA:40,2,0,0
BRDA:40,2,1,0
BRDA:45,3,0,0
BRDA:45,3,1,0
BRDA:51,4,0,0
BRDA:51,4,1,0
BRDA:51,5,0,0
BRDA:51,5,1,0
BRDA:56,6,0,0
BRDA:56,6,1,0
BRDA:74,7,0,0
BRDA:74,7,1,0
BRDA:94,8,0,0
BRDA:94,8,1,0
BRDA:96,9,0,0
BRDA:96,9,1,0
BRDA:97,10,0,0
BRDA:97,10,1,0
BRDA:107,11,0,0
BRDA:107,11,1,0
BRDA:111,12,0,0
BRDA:111,12,1,0
BRDA:113,13,0,0
BRDA:113,13,1,0
BRDA:119,14,0,0
BRDA:119,14,1,0
BRDA:149,15,0,0
BRDA:149,15,1,0
BRF:31
BRH:0
end_of_record
TN:
SF:src/contexts/AccessibilityContext.tsx
FN:14,AccessibilityProvider
FN:19,(anonymous_1)
FN:40,(anonymous_2)
FN:48,(anonymous_3)
FN:61,(anonymous_4)
FN:87,useAccessibility
FNF:6
FNH:0
FNDA:0,AccessibilityProvider
FNDA:0,(anonymous_1)
FNDA:0,(anonymous_2)
FNDA:0,(anonymous_3)
FNDA:0,(anonymous_4)
FNDA:0,useAccessibility
DA:12,0
DA:15,0
DA:16,0
DA:17,0
DA:19,0
DA:21,0
DA:22,0
DA:23,0
DA:24,0
DA:25,0
DA:26,0
DA:27,0
DA:28,0
DA:29,0
DA:30,0
DA:31,0
DA:32,0
DA:33,0
DA:34,0
DA:35,0
DA:39,0
DA:40,0
DA:41,0
DA:42,0
DA:43,0
DA:48,0
DA:49,0
DA:50,0
DA:51,0
DA:53,0
DA:54,0
DA:55,0
DA:57,0
DA:61,0
DA:62,0
DA:63,0
DA:64,0
DA:65,0
DA:66,0
DA:69,0
DA:72,0
DA:88,0
DA:89,0
DA:90,0
DA:92,0
LF:45
LH:0
BRDA:19,0,0,0
BRDA:22,1,0,0
BRDA:22,1,1,0
BRDA:41,2,0,0
BRDA:41,2,1,0
BRDA:51,3,0,0
BRDA:51,3,1,0
BRDA:51,4,0,0
BRDA:51,4,1,0
BRDA:53,5,0,0
BRDA:53,5,1,0
BRDA:62,6,0,0
BRDA:62,6,1,0
BRDA:64,7,0,0
BRDA:64,7,1,0
BRDA:89,8,0,0
BRDA:89,8,1,0
BRF:17
BRH:0
end_of_record
TN:
SF:src/contexts/ErrorContext.tsx
FN:13,ErrorProvider
FN:16,(anonymous_1)
FN:36,(anonymous_2)
FN:47,useError
FNF:4
FNH:0
FNDA:0,ErrorProvider
FNDA:0,(anonymous_1)
FNDA:0,(anonymous_2)
FNDA:0,useError
DA:11,0
DA:14,0
DA:16,0
DA:17,0
DA:18,0
DA:20,0
DA:21,0
DA:22,0
DA:23,0
DA:27,0
DA:29,0
DA:30,0
DA:32,0
DA:36,0
DA:37,0
DA:40,0
DA:48,0
DA:49,0
DA:50,0
DA:52,0
LF:20
LH:0
BRDA:20,0,0,0
BRDA:20,0,1,0
BRDA:20,1,0,0
BRDA:20,1,1,0
BRDA:22,2,0,0
BRDA:22,2,1,0
BRDA:49,3,0,0
BRDA:49,3,1,0
BRF:8
BRH:0
end_of_record
TN:
SF:src/contexts/KeyboardNavigationContext.tsx
FN:29,KeyboardNavigationProvider
FN:36,(anonymous_1)
FN:37,(anonymous_2)
FN:40,(anonymous_3)
FN:41,(anonymous_4)
FN:41,(anonymous_5)
FN:44,(anonymous_6)
FN:51,(anonymous_7)
FN:74,(anonymous_8)
FN:76,(anonymous_9)
FN:120,useKeyboardNavigation
FNF:11
FNH:0
FNDA:0,KeyboardNavigationProvider
FNDA:0,(anonymous_1)
FNDA:0,(anonymous_2)
FNDA:0,(anonymous_3)
FNDA:0,(anonymous_4)
FNDA:0,(anonymous_5)
FNDA:0,(anonymous_6)
FNDA:0,(anonymous_7)
FNDA:0,(anonymous_8)
FNDA:0,(anonymous_9)
FNDA:0,useKeyboardNavigation
DA:23,0
DA:30,0
DA:31,0
DA:32,0
DA:33,0
DA:34,0
DA:36,0
DA:37,0
DA:40,0
DA:41,0
DA:44,0
DA:45,0
DA:47,0
DA:48,0
DA:49,0
DA:51,0
DA:52,0
DA:53,0
DA:55,0
DA:57,0
DA:60,0
DA:61,0
DA:62,0
DA:63,0
DA:66,0
DA:67,0
DA:68,0
DA:69,0
DA:74,0
DA:75,0
DA:76,0
DA:79,0
DA:88,0
DA:121,0
DA:122,0
DA:123,0
DA:125,0
LF:37
LH:0
BRDA:45,0,0,0
BRDA:45,0,1,0
BRDA:48,1,0,0
BRDA:48,1,1,0
BRDA:53,2,0,0
BRDA:53,2,1,0
BRDA:57,3,0,0
BRDA:57,3,1,0
BRDA:57,3,2,0
BRDA:60,4,0,0
BRDA:60,4,1,0
BRDA:68,5,0,0
BRDA:68,5,1,0
BRDA:92,6,0,0
BRDA:92,6,1,0
BRDA:94,7,0,0
BRDA:94,7,1,0
BRDA:122,8,0,0
BRDA:122,8,1,0
BRF:19
BRH:0
end_of_record
TN:
SF:src/contexts/KeyboardShortcutsContext.tsx
FN:23,(anonymous_0)
FN:38,(anonymous_1)
FN:39,(anonymous_2)
FN:41,(anonymous_3)
FN:48,(anonymous_4)
FN:73,(anonymous_5)
FNF:6
FNH:0
FNDA:0,(anonymous_0)
FNDA:0,(anonymous_1)
FNDA:0,(anonymous_2)
FNDA:0,(anonymous_3)
FNDA:0,(anonymous_4)
FNDA:0,(anonymous_5)
DA:15,0
DA:23,0
DA:28,0
DA:36,0
DA:38,0
DA:39,0
DA:41,0
DA:42,0
DA:44,0
DA:48,0
DA:66,0
DA:73,0
DA:74,0
DA:75,0
DA:76,0
DA:78,0
LF:16
LH:0
BRDA:25,0,0,0
BRDA:26,1,0,0
BRDA:41,2,0,0
BRDA:41,2,1,0
BRDA:75,3,0,0
BRDA:75,3,1,0
BRF:6
BRH:0
end_of_record
TN:
SF:src/data/GITHUB_GLOSSARY.js
FNF:0
FNH:0
DA:3,0
LF:1
LH:0
BRF:0
BRH:0
end_of_record
TN:
SF:src/data/GITHUB_GLOSSARY.ts
FNF:0
FNH:0
DA:3,0
LF:1
LH:0
BRF:0
BRH:0
end_of_record
TN:
SF:src/data/StageConfig.ts
FN:24,(anonymous_0)
FN:46,(anonymous_1)
FN:68,(anonymous_2)
FN:90,(anonymous_3)
FN:95,(anonymous_4)
FN:103,(anonymous_5)
FN:113,(anonymous_6)
FN:119,(anonymous_7)
FNF:8
FNH:0
FNDA:0,(anonymous_0)
FNDA:0,(anonymous_1)
FNDA:0,(anonymous_2)
FNDA:0,(anonymous_3)
FNDA:0,(anonymous_4)
FNDA:0,(anonymous_5)
FNDA:0,(anonymous_6)
FNDA:0,(anonymous_7)
DA:3,0
DA:24,0
DA:46,0
DA:68,0
DA:90,0
DA:95,0
DA:96,0
DA:97,0
DA:98,0
DA:100,0
DA:103,0
DA:104,0
DA:106,0
DA:107,0
DA:108,0
DA:110,0
DA:113,0
DA:114,0
DA:115,0
DA:116,0
DA:119,0
DA:120,0
DA:121,0
DA:122,0
LF:24
LH:0
BRDA:97,0,0,0
BRDA:97,0,1,0
BRDA:104,1,0,0
BRDA:104,1,1,0
BRDA:116,2,0,0
BRDA:116,2,1,0
BRDA:122,3,0,0
BRDA:122,3,1,0
BRF:8
BRH:0
end_of_record
TN:
SF:src/data/categories.js
FN:52,(anonymous_0)
FN:53,(anonymous_1)
FN:56,(anonymous_2)
FN:57,(anonymous_3)
FNF:4
FNH:0
FNDA:0,(anonymous_0)
FNDA:0,(anonymous_1)
FNDA:0,(anonymous_2)
FNDA:0,(anonymous_3)
DA:2,0
DA:19,0
DA:52,0
DA:53,0
DA:56,0
DA:57,0
LF:6
LH:0
BRF:0
BRH:0
end_of_record
TN:
SF:src/data/categories.ts
FN:10,(anonymous_0)
FN:17,(anonymous_1)
FN:24,(anonymous_2)
FN:31,(anonymous_3)
FN:38,(anonymous_4)
FN:45,(anonymous_5)
FN:52,(anonymous_6)
FNF:7
FNH:0
FNDA:0,(anonymous_0)
FNDA:0,(anonymous_1)
FNDA:0,(anonymous_2)
FNDA:0,(anonymous_3)
FNDA:0,(anonymous_4)
FNDA:0,(anonymous_5)
FNDA:0,(anonymous_6)
DA:4,0
DA:10,0
DA:17,0
DA:24,0
DA:31,0
DA:38,0
DA:45,0
DA:52,0
LF:8
LH:0
BRF:0
BRH:0
end_of_record
TN:
SF:src/data/questions.js
FN:203,(anonymous_0)
FN:204,(anonymous_1)
FN:207,(anonymous_2)
FN:208,(anonymous_3)
FNF:4
FNH:0
FNDA:0,(anonymous_0)
FNDA:0,(anonymous_1)
FNDA:0,(anonymous_2)
FNDA:0,(anonymous_3)
DA:3,0
DA:30,0
DA:203,0
DA:204,0
DA:207,0
DA:208,0
DA:209,0
LF:7
LH:0
BRDA:209,0,0,0
BRDA:209,0,1,0
BRF:2
BRH:0
end_of_record
TN:
SF:src/data/questions.ts
FN:129,(anonymous_0)
FN:130,(anonymous_1)
FN:133,(anonymous_2)
FN:134,(anonymous_3)
FNF:4
FNH:0
FNDA:0,(anonymous_0)
FNDA:0,(anonymous_1)
FNDA:0,(anonymous_2)
FNDA:0,(anonymous_3)
DA:3,0
DA:34,0
DA:129,0
DA:130,0
DA:133,0
DA:134,0
DA:135,0
LF:7
LH:0
BRDA:135,0,0,0
BRDA:135,0,1,0
BRF:2
BRH:0
end_of_record
TN:
SF:src/data/recommendations.js
FNF:0
FNH:0
DA:3,0
LF:1
LH:0
BRF:0
BRH:0
end_of_record
TN:
SF:src/data/recommendations.ts
FNF:0
FNH:0
DA:3,0
LF:1
LH:0
BRF:0
BRH:0
end_of_record
TN:
SF:src/data/stages.js
FN:8,(anonymous_0)
FN:16,(anonymous_1)
FN:22,(anonymous_2)
FNF:3
FNH:0
FNDA:0,(anonymous_0)
FNDA:0,(anonymous_1)
FNDA:0,(anonymous_2)
DA:3,0
DA:9,0
DA:16,0
DA:22,0
DA:26,0
DA:55,0
LF:6
LH:0
BRF:0
BRH:0
end_of_record
TN:
SF:src/data/stages.ts
FN:19,(anonymous_0)
FN:36,(anonymous_1)
FN:53,(anonymous_2)
FN:70,(anonymous_3)
FN:75,(anonymous_4)
FN:76,(anonymous_5)
FN:78,(anonymous_6)
FN:79,(anonymous_7)
FN:79,(anonymous_8)
FN:81,(anonymous_9)
FN:84,(anonymous_10)
FN:91,(anonymous_11)
FN:92,(anonymous_12)
FN:97,(anonymous_13)
FN:98,(anonymous_14)
FNF:15
FNH:0
FNDA:0,(anonymous_0)
FNDA:0,(anonymous_1)
FNDA:0,(anonymous_2)
FNDA:0,(anonymous_3)
FNDA:0,(anonymous_4)
FNDA:0,(anonymous_5)
FNDA:0,(anonymous_6)
FNDA:0,(anonymous_7)
FNDA:0,(anonymous_8)
FNDA:0,(anonymous_9)
FNDA:0,(anonymous_10)
FNDA:0,(anonymous_11)
FNDA:0,(anonymous_12)
FNDA:0,(anonymous_13)
FNDA:0,(anonymous_14)
DA:3,0
DA:19,0
DA:36,0
DA:53,0
DA:70,0
DA:75,0
DA:76,0
DA:78,0
DA:79,0
DA:81,0
DA:82,0
DA:84,0
DA:85,0
DA:86,0
DA:88,0
DA:91,0
DA:92,0
DA:93,0
DA:94,0
DA:97,0
DA:98,0
DA:99,0
DA:100,0
DA:103,0
LF:24
LH:0
BRDA:82,0,0,0
BRDA:82,0,1,0
BRDA:94,1,0,0
BRDA:94,1,1,0
BRDA:100,2,0,0
BRDA:100,2,1,0
BRF:6
BRH:0
end_of_record
TN:
SF:src/hooks/useAssessmentSession.ts
FN:17,useAssessmentSession
FN:24,(anonymous_1)
FN:60,(anonymous_2)
FNF:3
FNH:0
FNDA:0,useAssessmentSession
FNDA:0,(anonymous_1)
FNDA:0,(anonymous_2)
DA:18,0
DA:21,0
DA:22,0
DA:24,0
DA:29,0
DA:31,0
DA:32,0
DA:45,0
DA:46,0
DA:51,0
DA:53,0
DA:54,0
DA:55,0
DA:56,0
DA:60,0
DA:61,0
DA:63,0
DA:65,0
DA:77,0
DA:78,0
DA:79,0
DA:81,0
DA:83,0
DA:84,0
DA:85,0
DA:89,0
LF:26
LH:0
BRDA:29,0,0,0
BRDA:29,0,1,0
BRDA:47,1,0,0
BRDA:47,1,1,0
BRDA:48,2,0,0
BRDA:48,2,1,0
BRDA:53,3,0,0
BRDA:53,3,1,0
BRDA:61,4,0,0
BRDA:61,4,1,0
BRDA:78,5,0,0
BRDA:78,5,1,0
BRDA:83,6,0,0
BRDA:83,6,1,0
BRF:14
BRH:0
end_of_record
TN:
SF:src/hooks/useAutoScroll.ts
FN:11,(anonymous_0)
FN:17,(anonymous_1)
FN:18,(anonymous_2)
FN:37,(anonymous_3)
FN:38,(anonymous_4)
FNF:5
FNH:0
FNDA:0,(anonymous_0)
FNDA:0,(anonymous_1)
FNDA:0,(anonymous_2)
FNDA:0,(anonymous_3)
FNDA:0,(anonymous_4)
DA:11,0
DA:17,0
DA:18,0
DA:19,0
DA:20,0
DA:22,0
DA:23,0
DA:25,0
DA:26,0
DA:27,0
DA:34,0
DA:37,0
DA:38,0
DA:39,0
DA:43,0
LF:15
LH:0
BRDA:11,0,0,0
BRDA:12,1,0,0
BRDA:13,2,0,0
BRDA:14,3,0,0
BRDA:15,4,0,0
BRDA:20,5,0,0
BRDA:20,5,1,0
BRDA:23,6,0,0
BRDA:23,6,1,0
BRDA:25,7,0,0
BRDA:25,7,1,0
BRF:11
BRH:0
end_of_record
TN:
SF:src/hooks/useErrorManagement.ts
FN:19,useErrorManagement
FN:27,(anonymous_1)
FN:31,(anonymous_2)
FN:53,(anonymous_3)
FN:64,(anonymous_4)
FN:80,(anonymous_5)
FN:84,(anonymous_6)
FN:88,(anonymous_7)
FN:95,(anonymous_8)
FNF:9
FNH:0
FNDA:0,useErrorManagement
FNDA:0,(anonymous_1)
FNDA:0,(anonymous_2)
FNDA:0,(anonymous_3)
FNDA:0,(anonymous_4)
FNDA:0,(anonymous_5)
FNDA:0,(anonymous_6)
FNDA:0,(anonymous_7)
FNDA:0,(anonymous_8)
DA:20,0
DA:21,0
DA:27,0
DA:31,0
DA:38,0
DA:46,0
DA:47,0
DA:52,0
DA:53,0
DA:58,0
DA:61,0
DA:62,0
DA:63,0
DA:64,0
DA:69,0
DA:73,0
DA:75,0
DA:78,0
DA:80,0
DA:84,0
DA:85,0
DA:86,0
DA:88,0
DA:95,0
DA:96,0
DA:99,0
LF:26
LH:0
BRDA:19,0,0,0
BRDA:35,1,0,0
BRDA:35,1,1,0
BRDA:48,2,0,0
BRDA:48,2,1,0
BRDA:52,3,0,0
BRDA:52,3,1,0
BRDA:61,4,0,0
BRDA:61,4,1,0
BRDA:63,5,0,0
BRDA:63,5,1,0
BRDA:76,6,0,0
BRDA:76,6,1,0
BRDA:85,7,0,0
BRDA:85,7,1,0
BRF:15
BRH:0
end_of_record
TN:
SF:src/hooks/useErrorRecovery.ts
FN:16,(anonymous_0)
FN:21,(anonymous_1)
FN:30,(anonymous_2)
FN:38,(anonymous_3)
FN:39,(anonymous_4)
FN:50,(anonymous_5)
FN:55,(anonymous_6)
FN:61,(anonymous_7)
FN:67,(anonymous_8)
FN:69,(anonymous_9)
FN:76,(anonymous_10)
FNF:11
FNH:0
FNDA:0,(anonymous_0)
FNDA:0,(anonymous_1)
FNDA:0,(anonymous_2)
FNDA:0,(anonymous_3)
FNDA:0,(anonymous_4)
FNDA:0,(anonymous_5)
FNDA:0,(anonymous_6)
FNDA:0,(anonymous_7)
FNDA:0,(anonymous_8)
FNDA:0,(anonymous_9)
FNDA:0,(anonymous_10)
DA:16,0
DA:21,0
DA:22,0
DA:23,0
DA:24,0
DA:26,0
DA:30,0
DA:31,0
DA:32,0
DA:34,0
DA:38,0
DA:39,0
DA:40,0
DA:45,0
DA:46,0
DA:50,0
DA:51,0
DA:52,0
DA:55,0
DA:56,0
DA:57,0
DA:58,0
DA:61,0
DA:62,0
DA:63,0
DA:64,0
DA:67,0
DA:69,0
DA:70,0
DA:71,0
DA:75,0
DA:76,0
DA:79,0
LF:33
LH:0
BRDA:16,0,0,0
BRDA:17,1,0,0
BRDA:18,2,0,0
BRDA:19,3,0,0
BRDA:24,4,0,0
BRDA:24,4,1,0
BRDA:34,5,0,0
BRDA:34,5,1,0
BRDA:52,6,0,0
BRDA:52,6,1,0
BRDA:62,7,0,0
BRDA:62,7,1,0
BRDA:70,8,0,0
BRDA:70,8,1,0
BRDA:70,9,0,0
BRDA:70,9,1,0
BRF:16
BRH:0
end_of_record
TN:
SF:src/hooks/useGlobalShortcuts.ts
FN:14,(anonymous_0)
FN:25,(anonymous_1)
FN:37,(anonymous_2)
FN:46,(anonymous_3)
FN:52,(anonymous_4)
FN:53,(anonymous_5)
FN:56,(anonymous_6)
FN:62,(anonymous_7)
FN:68,(anonymous_8)
FN:69,(anonymous_9)
FN:72,(anonymous_10)
FN:73,(anonymous_11)
FN:76,(anonymous_12)
FN:77,(anonymous_13)
FNF:14
FNH:0
FNDA:0,(anonymous_0)
FNDA:0,(anonymous_1)
FNDA:0,(anonymous_2)
FNDA:0,(anonymous_3)
FNDA:0,(anonymous_4)
FNDA:0,(anonymous_5)
FNDA:0,(anonymous_6)
FNDA:0,(anonymous_7)
FNDA:0,(anonymous_8)
FNDA:0,(anonymous_9)
FNDA:0,(anonymous_10)
FNDA:0,(anonymous_11)
FNDA:0,(anonymous_12)
FNDA:0,(anonymous_13)
DA:14,0
DA:18,0
DA:20,0
DA:25,0
DA:26,0
DA:29,0
DA:34,0
DA:37,0
DA:38,0
DA:39,0
DA:41,0
DA:44,0
DA:45,0
DA:46,0
DA:47,0
DA:48,0
DA:52,0
DA:53,0
DA:56,0
DA:57,0
DA:58,0
DA:59,0
DA:62,0
DA:63,0
DA:64,0
DA:68,0
DA:69,0
DA:72,0
DA:73,0
DA:76,0
DA:77,0
DA:80,0
LF:32
LH:0
BRDA:16,0,0,0
BRDA:18,1,0,0
BRDA:26,2,0,0
BRDA:26,2,1,0
BRDA:29,3,0,0
BRDA:29,3,1,0
BRDA:30,4,0,0
BRDA:30,4,1,0
BRDA:30,4,2,0
BRDA:38,5,0,0
BRDA:38,5,1,0
BRDA:44,6,0,0
BRDA:44,6,1,0
BRDA:57,7,0,0
BRDA:57,7,1,0
BRF:15
BRH:0
end_of_record
TN:
SF:src/hooks/useKeyboardNavigation.ts
FN:31,(anonymous_0)
FN:47,(anonymous_1)
FN:67,(anonymous_2)
FN:75,(anonymous_3)
FN:106,(anonymous_4)
FN:120,(anonymous_5)
FN:128,(anonymous_6)
FN:139,(anonymous_7)
FN:158,(anonymous_8)
FN:161,(anonymous_9)
FN:165,(anonymous_10)
FN:166,(anonymous_11)
FN:169,(anonymous_12)
FN:178,(anonymous_13)
FN:183,(anonymous_14)
FN:188,(anonymous_15)
FN:193,(anonymous_16)
FN:202,(anonymous_17)
FN:210,(anonymous_18)
FN:215,(anonymous_19)
FNF:20
FNH:0
FNDA:0,(anonymous_0)
FNDA:0,(anonymous_1)
FNDA:0,(anonymous_2)
FNDA:0,(anonymous_3)
FNDA:0,(anonymous_4)
FNDA:0,(anonymous_5)
FNDA:0,(anonymous_6)
FNDA:0,(anonymous_7)
FNDA:0,(anonymous_8)
FNDA:0,(anonymous_9)
FNDA:0,(anonymous_10)
FNDA:0,(anonymous_11)
FNDA:0,(anonymous_12)
FNDA:0,(anonymous_13)
FNDA:0,(anonymous_14)
FNDA:0,(anonymous_15)
FNDA:0,(anonymous_16)
FNDA:0,(anonymous_17)
FNDA:0,(anonymous_18)
FNDA:0,(anonymous_19)
DA:31,0
DA:37,0
DA:39,0
DA:41,0
DA:47,0
DA:48,0
DA:51,0
DA:52,0
DA:56,0
DA:57,0
DA:58,0
DA:59,0
DA:62,0
DA:63,0
DA:64,0
DA:65,0
DA:66,0
DA:67,0
DA:70,0
DA:74,0
DA:75,0
DA:77,0
DA:78,0
DA:79,0
DA:81,0
DA:85,0
DA:88,0
DA:89,0
DA:90,0
DA:91,0
DA:93,0
DA:97,0
DA:98,0
DA:99,0
DA:100,0
DA:102,0
DA:106,0
DA:107,0
DA:108,0
DA:109,0
DA:110,0
DA:111,0
DA:115,0
DA:116,0
DA:119,0
DA:120,0
DA:124,0
DA:127,0
DA:128,0
DA:132,0
DA:135,0
DA:136,0
DA:137,0
DA:138,0
DA:139,0
DA:140,0
DA:141,0
DA:144,0
DA:158,0
DA:159,0
DA:160,0
DA:161,0
DA:165,0
DA:166,0
DA:169,0
DA:170,0
DA:171,0
DA:172,0
DA:173,0
DA:178,0
DA:179,0
DA:183,0
DA:188,0
DA:193,0
DA:198,0
DA:199,0
DA:202,0
DA:207,0
DA:210,0
DA:211,0
DA:214,0
DA:215,0
LF:82
LH:0
BRDA:31,0,0,0
BRDA:44,1,0,0
BRDA:44,1,1,0
BRDA:48,2,0,0
BRDA:48,2,1,0
BRDA:48,3,0,0
BRDA:48,3,1,0
BRDA:51,4,0,0
BRDA:51,4,1,0
BRDA:51,5,0,0
BRDA:51,5,1,0
BRDA:56,6,0,0
BRDA:56,6,1,0
BRDA:57,7,0,0
BRDA:57,7,1,0
BRDA:62,8,0,0
BRDA:62,8,1,0
BRDA:62,9,0,0
BRDA:62,9,1,0
BRDA:65,10,0,0
BRDA:65,10,1,0
BRDA:75,11,0,0
BRDA:75,11,1,0
BRDA:77,12,0,0
BRDA:77,12,1,0
BRDA:85,13,0,0
BRDA:85,13,1,0
BRDA:85,13,2,0
BRDA:85,13,3,0
BRDA:85,13,4,0
BRDA:88,14,0,0
BRDA:88,14,1,0
BRDA:88,15,0,0
BRDA:88,15,1,0
BRDA:97,16,0,0
BRDA:97,16,1,0
BRDA:97,17,0,0
BRDA:97,17,1,0
BRDA:107,18,0,0
BRDA:107,18,1,0
BRDA:107,19,0,0
BRDA:107,19,1,0
BRDA:115,20,0,0
BRDA:115,20,1,0
BRDA:116,21,0,0
BRDA:116,21,1,0
BRDA:116,21,2,0
BRDA:116,21,3,0
BRDA:116,21,4,0
BRDA:116,21,5,0
BRDA:122,22,0,0
BRDA:122,22,1,0
BRDA:122,23,0,0
BRDA:122,23,1,0
BRDA:130,24,0,0
BRDA:130,24,1,0
BRDA:130,25,0,0
BRDA:130,25,1,0
BRDA:135,26,0,0
BRDA:135,26,1,0
BRDA:135,27,0,0
BRDA:135,27,1,0
BRDA:135,28,0,0
BRDA:135,28,1,0
BRDA:138,29,0,0
BRDA:138,29,1,0
BRDA:159,30,0,0
BRDA:159,30,1,0
BRDA:166,31,0,0
BRDA:166,31,1,0
BRDA:170,32,0,0
BRDA:170,32,1,0
BRDA:170,33,0,0
BRDA:170,33,1,0
BRDA:172,34,0,0
BRDA:172,34,1,0
BRDA:198,35,0,0
BRDA:198,35,1,0
BRDA:207,36,0,0
BRDA:207,36,1,0
BRDA:219,37,0,0
BRDA:219,37,1,0
BRDA:225,38,0,0
BRDA:225,38,1,0
BRF:84
BRH:0
end_of_record
TN:
SF:src/hooks/useOfflineStatus.ts
FN:11,useOfflineStatus
FN:21,(anonymous_1)
FN:24,(anonymous_2)
FN:25,(anonymous_3)
FN:34,(anonymous_4)
FN:35,(anonymous_5)
FN:43,(anonymous_6)
FN:45,(anonymous_7)
FN:51,(anonymous_8)
FN:65,(anonymous_9)
FN:66,(anonymous_10)
FN:67,(anonymous_11)
FN:68,(anonymous_12)
FN:75,(anonymous_13)
FNF:14
FNH:0
FNDA:0,useOfflineStatus
FNDA:0,(anonymous_1)
FNDA:0,(anonymous_2)
FNDA:0,(anonymous_3)
FNDA:0,(anonymous_4)
FNDA:0,(anonymous_5)
FNDA:0,(anonymous_6)
FNDA:0,(anonymous_7)
FNDA:0,(anonymous_8)
FNDA:0,(anonymous_9)
FNDA:0,(anonymous_10)
FNDA:0,(anonymous_11)
FNDA:0,(anonymous_12)
FNDA:0,(anonymous_13)
DA:12,0
DA:18,0
DA:19,0
DA:21,0
DA:22,0
DA:24,0
DA:25,0
DA:30,0
DA:31,0
DA:34,0
DA:35,0
DA:39,0
DA:40,0
DA:43,0
DA:44,0
DA:45,0
DA:49,0
DA:50,0
DA:51,0
DA:55,0
DA:56,0
DA:60,0
DA:61,0
DA:62,0
DA:65,0
DA:66,0
DA:67,0
DA:68,0
DA:75,0
DA:76,0
DA:77,0
DA:78,0
DA:82,0
LF:33
LH:0
BRDA:14,0,0,0
BRDA:14,0,1,0
BRDA:44,1,0,0
BRDA:44,1,1,0
BRDA:50,2,0,0
BRDA:50,2,1,0
BRF:6
BRH:0
end_of_record
TN:
SF:src/hooks/useSessionGuard.js
FN:11,(anonymous_0)
FN:14,(anonymous_1)
FNF:2
FNH:0
FNDA:0,(anonymous_0)
FNDA:0,(anonymous_1)
DA:11,0
DA:12,0
DA:14,0
DA:15,0
DA:16,0
DA:17,0
DA:19,0
LF:7
LH:0
BRDA:16,0,0,0
BRDA:16,0,1,0
BRF:2
BRH:0
end_of_record
TN:
SF:src/hooks/useSessionGuard.ts
FN:7,(anonymous_0)
FN:17,(anonymous_1)
FN:40,(anonymous_2)
FN:41,(anonymous_3)
FNF:4
FNH:0
FNDA:0,(anonymous_0)
FNDA:0,(anonymous_1)
FNDA:0,(anonymous_2)
FNDA:0,(anonymous_3)
DA:7,0
DA:12,0
DA:13,0
DA:14,0
DA:15,0
DA:17,0
DA:18,0
DA:19,0
DA:20,0
DA:21,0
DA:22,0
DA:23,0
DA:25,0
DA:26,0
DA:28,0
DA:29,0
DA:30,0
DA:35,0
DA:36,0
DA:40,0
DA:41,0
DA:42,0
DA:43,0
DA:45,0
DA:46,0
DA:47,0
DA:48,0
DA:51,0
DA:52,0
DA:53,0
DA:54,0
DA:55,0
DA:58,0
DA:59,0
DA:61,0
DA:62,0
DA:63,0
DA:68,0
DA:69,0
DA:71,0
DA:75,0
DA:78,0
LF:42
LH:0
BRDA:7,0,0,0
BRDA:8,1,0,0
BRDA:9,2,0,0
BRDA:10,3,0,0
BRDA:20,4,0,0
BRDA:20,4,1,0
BRDA:20,5,0,0
BRDA:20,5,1,0
BRDA:28,6,0,0
BRDA:28,6,1,0
BRDA:45,7,0,0
BRDA:45,7,1,0
BRDA:45,8,0,0
BRDA:45,8,1,0
BRDA:51,9,0,0
BRDA:51,9,1,0
BRDA:51,10,0,0
BRDA:51,10,1,0
BRDA:61,11,0,0
BRDA:61,11,1,0
BRF:20
BRH:0
end_of_record
TN:
SF:src/hooks/useStageManager.ts
FN:16,(anonymous_0)
FN:33,(anonymous_1)
FN:44,(anonymous_2)
FNF:3
FNH:0
FNDA:0,(anonymous_0)
FNDA:0,(anonymous_1)
FNDA:0,(anonymous_2)
DA:16,0
DA:17,0
DA:18,0
DA:24,0
DA:32,0
DA:33,0
DA:39,0
DA:44,0
DA:45,0
DA:46,0
DA:48,0
DA:50,0
DA:51,0
DA:52,0
DA:55,0
DA:56,0
DA:57,0
DA:61,0
DA:79,0
DA:80,0
DA:81,0
DA:84,0
DA:86,0
DA:87,0
DA:88,0
DA:91,0
DA:92,0
DA:95,0
DA:97,0
DA:101,0
LF:30
LH:0
BRDA:16,0,0,0
BRDA:40,1,0,0
BRDA:40,1,1,0
BRDA:41,2,0,0
BRDA:41,2,1,0
BRDA:51,3,0,0
BRDA:51,3,1,0
BRDA:56,4,0,0
BRDA:56,4,1,0
BRDA:68,5,0,0
BRDA:68,5,1,0
BRDA:69,6,0,0
BRDA:69,6,1,0
BRDA:80,7,0,0
BRDA:80,7,1,0
BRDA:86,8,0,0
BRDA:86,8,1,0
BRDA:91,9,0,0
BRDA:91,9,1,0
BRDA:91,10,0,0
BRDA:91,10,1,0
BRDA:103,11,0,0
BRDA:103,11,1,0
BRDA:106,12,0,0
BRDA:106,12,1,0
BRDA:107,13,0,0
BRDA:107,13,1,0
BRF:27
BRH:0
end_of_record
TN:
SF:src/hooks/useStageTransition.ts
FN:22,(anonymous_0)
FN:34,(anonymous_1)
FN:55,(anonymous_2)
FN:62,(anonymous_3)
FN:64,(anonymous_4)
FN:65,(anonymous_5)
FN:80,(anonymous_6)
FN:84,(anonymous_7)
FN:92,(anonymous_8)
FN:93,(anonymous_9)
FN:100,(anonymous_10)
FNF:11
FNH:0
FNDA:0,(anonymous_0)
FNDA:0,(anonymous_1)
FNDA:0,(anonymous_2)
FNDA:0,(anonymous_3)
FNDA:0,(anonymous_4)
FNDA:0,(anonymous_5)
FNDA:0,(anonymous_6)
FNDA:0,(anonymous_7)
FNDA:0,(anonymous_8)
FNDA:0,(anonymous_9)
FNDA:0,(anonymous_10)
DA:22,0
DA:28,0
DA:34,0
DA:35,0
DA:36,0
DA:37,0
DA:38,0
DA:41,0
DA:50,0
DA:51,0
DA:52,0
DA:54,0
DA:55,0
DA:56,0
DA:57,0
DA:58,0
DA:62,0
DA:63,0
DA:64,0
DA:65,0
DA:66,0
DA:67,0
DA:68,0
DA:69,0
DA:70,0
DA:76,0
DA:80,0
DA:84,0
DA:85,0
DA:92,0
DA:93,0
DA:94,0
DA:95,0
DA:99,0
DA:100,0
DA:103,0
LF:36
LH:0
BRDA:37,0,0,0
BRDA:37,0,1,0
BRDA:54,1,0,0
BRDA:54,1,1,0
BRDA:63,2,0,0
BRDA:63,2,1,0
BRDA:63,3,0,0
BRDA:63,3,1,0
BRDA:67,4,0,0
BRDA:67,4,1,0
BRDA:67,5,0,0
BRDA:67,5,1,0
BRDA:94,6,0,0
BRDA:94,6,1,0
BRDA:94,7,0,0
BRDA:94,7,1,0
BRF:16
BRH:0
end_of_record
TN:
SF:src/hooks/useStageValidation.ts
FN:21,(anonymous_0)
FN:33,(anonymous_1)
FN:34,(anonymous_2)
FN:85,(anonymous_3)
FN:91,(anonymous_4)
FNF:5
FNH:0
FNDA:0,(anonymous_0)
FNDA:0,(anonymous_1)
FNDA:0,(anonymous_2)
FNDA:0,(anonymous_3)
FNDA:0,(anonymous_4)
DA:21,0
DA:27,0
DA:33,0
DA:34,0
DA:36,0
DA:38,0
DA:39,0
DA:40,0
DA:44,0
DA:45,0
DA:46,0
DA:50,0
DA:51,0
DA:57,0
DA:58,0
DA:62,0
DA:68,0
DA:70,0
DA:72,0
DA:78,0
DA:79,0
DA:81,0
DA:85,0
DA:86,0
DA:87,0
DA:91,0
DA:92,0
DA:93,0
DA:95,0
DA:98,0
LF:30
LH:0
BRDA:39,0,0,0
BRDA:39,0,1,0
BRDA:45,1,0,0
BRDA:45,1,1,0
BRDA:50,2,0,0
BRDA:50,2,1,0
BRDA:57,3,0,0
BRDA:57,3,1,0
BRDA:58,4,0,0
BRDA:58,4,1,0
BRDA:70,5,0,0
BRDA:70,5,1,0
BRDA:79,6,0,0
BRDA:79,6,1,0
BRDA:86,7,0,0
BRDA:86,7,1,0
BRDA:92,8,0,0
BRDA:92,8,1,0
BRF:18
BRH:0
end_of_record
TN:
SF:src/hooks/useStateRecovery.ts
FN:15,(anonymous_0)
FN:21,(anonymous_1)
FN:49,(anonymous_2)
FN:55,(anonymous_3)
FNF:4
FNH:0
FNDA:0,(anonymous_0)
FNDA:0,(anonymous_1)
FNDA:0,(anonymous_2)
FNDA:0,(anonymous_3)
DA:15,0
DA:16,0
DA:17,0
DA:18,0
DA:19,0
DA:21,0
DA:22,0
DA:23,0
DA:25,0
DA:26,0
DA:28,0
DA:29,0
DA:33,0
DA:34,0
DA:35,0
DA:38,0
DA:39,0
DA:40,0
DA:42,0
DA:43,0
DA:45,0
DA:49,0
DA:50,0
DA:51,0
DA:52,0
DA:55,0
DA:57,0
DA:60,0
LF:28
LH:0
BRDA:28,0,0,0
BRDA:28,0,1,0
BRDA:28,1,0,0
BRDA:28,1,1,0
BRDA:34,2,0,0
BRDA:34,2,1,0
BRDA:42,3,0,0
BRDA:42,3,1,0
BRF:8
BRH:0
end_of_record
TN:
SF:src/hooks/useStorage.ts
FN:20,(anonymous_0)
FN:23,useStorage
FN:29,(anonymous_2)
FN:30,(anonymous_3)
FN:31,(anonymous_4)
FN:51,(anonymous_5)
FN:52,(anonymous_6)
FN:54,(anonymous_7)
FN:55,(anonymous_8)
FN:55,(anonymous_9)
FN:59,(anonymous_10)
FN:60,(anonymous_11)
FN:95,(anonymous_12)
FN:96,(anonymous_13)
FN:116,(anonymous_14)
FNF:15
FNH:0
FNDA:0,(anonymous_0)
FNDA:0,useStorage
FNDA:0,(anonymous_2)
FNDA:0,(anonymous_3)
FNDA:0,(anonymous_4)
FNDA:0,(anonymous_5)
FNDA:0,(anonymous_6)
FNDA:0,(anonymous_7)
FNDA:0,(anonymous_8)
FNDA:0,(anonymous_9)
FNDA:0,(anonymous_10)
FNDA:0,(anonymous_11)
FNDA:0,(anonymous_12)
FNDA:0,(anonymous_13)
FNDA:0,(anonymous_14)
DA:17,0
DA:18,0
DA:20,0
DA:21,0
DA:24,0
DA:25,0
DA:26,0
DA:29,0
DA:30,0
DA:31,0
DA:32,0
DA:33,0
DA:36,0
DA:37,0
DA:38,0
DA:42,0
DA:43,0
DA:47,0
DA:51,0
DA:52,0
DA:53,0
DA:54,0
DA:55,0
DA:59,0
DA:60,0
DA:61,0
DA:62,0
DA:77,0
DA:78,0
DA:79,0
DA:82,0
DA:83,0
DA:84,0
DA:88,0
DA:91,0
DA:95,0
DA:96,0
DA:97,0
DA:98,0
DA:101,0
DA:102,0
DA:103,0
DA:111,0
DA:112,0
DA:113,0
DA:116,0
DA:117,0
DA:118,0
DA:122,0
LF:49
LH:0
BRDA:36,0,0,0
BRDA:36,0,1,0
BRDA:42,1,0,0
BRDA:42,1,1,0
BRDA:67,2,0,0
BRDA:67,2,1,0
BRDA:68,3,0,0
BRDA:68,3,1,0
BRDA:82,4,0,0
BRDA:82,4,1,0
BRDA:101,5,0,0
BRDA:101,5,1,0
BRDA:117,6,0,0
BRDA:117,6,1,0
BRDA:117,7,0,0
BRDA:117,7,1,0
BRF:16
BRH:0
end_of_record
TN:
SF:src/hooks/useStorageErrorHandler.ts
FN:13,(anonymous_0)
FN:28,(anonymous_1)
FN:31,(anonymous_2)
FN:45,(anonymous_3)
FN:93,(anonymous_4)
FNF:5
FNH:0
FNDA:0,(anonymous_0)
FNDA:0,(anonymous_1)
FNDA:0,(anonymous_2)
FNDA:0,(anonymous_3)
FNDA:0,(anonymous_4)
DA:13,0
DA:14,0
DA:15,0
DA:16,0
DA:17,0
DA:25,0
DA:28,0
DA:31,0
DA:32,0
DA:33,0
DA:39,0
DA:40,0
DA:41,0
DA:44,0
DA:45,0
DA:47,0
DA:49,0
DA:50,0
DA:51,0
DA:52,0
DA:56,0
DA:57,0
DA:58,0
DA:59,0
DA:63,0
DA:64,0
DA:78,0
DA:79,0
DA:81,0
DA:85,0
DA:86,0
DA:88,0
DA:93,0
DA:94,0
DA:95,0
DA:99,0
LF:36
LH:0
BRDA:13,0,0,0
BRDA:14,1,0,0
BRDA:39,2,0,0
BRDA:39,2,1,0
BRDA:50,3,0,0
BRDA:50,3,1,0
BRDA:50,4,0,0
BRDA:50,4,1,0
BRDA:56,5,0,0
BRDA:56,5,1,0
BRDA:56,6,0,0
BRDA:56,6,1,0
BRDA:82,7,0,0
BRDA:82,7,1,0
BRDA:94,8,0,0
BRDA:94,8,1,0
BRF:16
BRH:0
end_of_record
TN:
SF:src/hooks/useTimeTracker.ts
FN:20,(anonymous_0)
FN:33,(anonymous_1)
FN:45,(anonymous_2)
FN:52,(anonymous_3)
FN:53,(anonymous_4)
FN:63,(anonymous_5)
FN:75,(anonymous_6)
FN:88,(anonymous_7)
FN:94,(anonymous_8)
FN:99,(anonymous_9)
FNF:10
FNH:0
FNDA:0,(anonymous_0)
FNDA:0,(anonymous_1)
FNDA:0,(anonymous_2)
FNDA:0,(anonymous_3)
FNDA:0,(anonymous_4)
FNDA:0,(anonymous_5)
FNDA:0,(anonymous_6)
FNDA:0,(anonymous_7)
FNDA:0,(anonymous_8)
FNDA:0,(anonymous_9)
DA:20,0
DA:27,0
DA:28,0
DA:29,0
DA:30,0
DA:31,0
DA:33,0
DA:34,0
DA:35,0
DA:38,0
DA:39,0
DA:42,0
DA:43,0
DA:45,0
DA:46,0
DA:47,0
DA:48,0
DA:52,0
DA:53,0
DA:54,0
DA:55,0
DA:56,0
DA:57,0
DA:58,0
DA:62,0
DA:63,0
DA:66,0
DA:67,0
DA:68,0
DA:69,0
DA:70,0
DA:73,0
DA:75,0
DA:76,0
DA:77,0
DA:78,0
DA:80,0
DA:81,0
DA:82,0
DA:83,0
DA:84,0
DA:88,0
DA:89,0
DA:90,0
DA:91,0
DA:94,0
DA:95,0
DA:96,0
DA:99,0
DA:100,0
DA:101,0
DA:102,0
DA:105,0
DA:107,0
DA:113,0
LF:55
LH:0
BRDA:20,0,0,0
BRDA:22,1,0,0
BRDA:23,2,0,0
BRDA:34,3,0,0
BRDA:34,3,1,0
BRDA:38,4,0,0
BRDA:38,4,1,0
BRDA:54,5,0,0
BRDA:54,5,1,0
BRDA:77,6,0,0
BRDA:77,6,1,0
BRF:11
BRH:0
end_of_record
TN:
SF:src/mocks/browser.ts
FNF:0
FNH:0
DA:4,0
DA:6,0
DA:7,0
LF:3
LH:0
BRDA:6,0,0,0
BRDA:6,0,1,0
BRF:2
BRH:0
end_of_record
TN:
SF:src/mocks/handlers.ts
FN:6,(anonymous_0)
FN:11,(anonymous_1)
FN:15,(anonymous_2)
FN:21,(anonymous_3)
FN:25,(anonymous_4)
FNF:5
FNH:0
FNDA:0,(anonymous_0)
FNDA:0,(anonymous_1)
FNDA:0,(anonymous_2)
FNDA:0,(anonymous_3)
FNDA:0,(anonymous_4)
DA:4,0
DA:7,0
DA:12,0
DA:16,0
DA:17,0
DA:22,0
DA:26,0
LF:7
LH:0
BRF:0
BRH:0
end_of_record
TN:
SF:src/mocks/server.js
FNF:0
FNH:0
DA:4,0
LF:1
LH:0
BRF:0
BRH:0
end_of_record
TN:
SF:src/mocks/server.ts
FNF:0
FNH:0
DA:4,0
DA:6,0
DA:7,0
LF:3
LH:0
BRDA:6,0,0,0
BRDA:6,0,1,0
BRF:2
BRH:0
end_of_record
TN:
SF:src/pages/Features.tsx
FN:4,(anonymous_0)
FNF:1
FNH:0
FNDA:0,(anonymous_0)
DA:4,0
DA:5,0
LF:2
LH:0
BRF:0
BRH:0
end_of_record
TN:
SF:src/pages/Home.tsx
FN:4,(anonymous_0)
FNF:1
FNH:0
FNDA:0,(anonymous_0)
DA:4,0
DA:5,0
LF:2
LH:0
BRF:0
BRH:0
end_of_record
TN:
SF:src/pages/SignUp.tsx
FN:4,(anonymous_0)
FN:7,(anonymous_1)
FN:23,(anonymous_2)
FNF:3
FNH:0
FNDA:0,(anonymous_0)
FNDA:0,(anonymous_1)
FNDA:0,(anonymous_2)
DA:4,0
DA:5,0
DA:7,0
DA:8,0
DA:10,0
DA:11,0
DA:14,0
DA:23,0
LF:8
LH:0
BRF:0
BRH:0
end_of_record
TN:
SF:src/tests/TestContextProvider.tsx
FN:12,(anonymous_0)
FN:27,createWrapper
FN:28,(anonymous_2)
FNF:3
FNH:0
FNDA:0,(anonymous_0)
FNDA:0,createWrapper
FNDA:0,(anonymous_2)
DA:12,0
DA:18,0
DA:28,0
DA:29,0
LF:4
LH:0
BRDA:14,0,0,0
BRDA:15,1,0,0
BRDA:16,2,0,0
BRDA:27,3,0,0
BRF:4
BRH:0
end_of_record
TN:
SF:src/tests/a11y-test-utils.tsx
FN:7,testAccessibility
FN:9,(anonymous_1)
FNF:2
FNH:0
FNDA:0,testAccessibility
FNDA:0,(anonymous_1)
DA:5,0
DA:8,0
DA:10,0
DA:14,0
DA:15,0
DA:18,0
LF:6
LH:0
BRF:0
BRH:0
end_of_record
TN:
SF:src/tests/error-test-utils.ts
FN:5,(anonymous_0)
FN:16,(anonymous_1)
FN:27,(anonymous_2)
FN:37,(anonymous_3)
FN:38,(anonymous_4)
FN:39,(anonymous_5)
FN:45,(anonymous_6)
FN:46,(anonymous_7)
FNF:8
FNH:0
FNDA:0,(anonymous_0)
FNDA:0,(anonymous_1)
FNDA:0,(anonymous_2)
FNDA:0,(anonymous_3)
FNDA:0,(anonymous_4)
FNDA:0,(anonymous_5)
FNDA:0,(anonymous_6)
FNDA:0,(anonymous_7)
DA:11,0
DA:12,0
DA:16,0
DA:21,0
DA:22,0
DA:24,0
DA:27,0
DA:28,0
DA:29,0
DA:30,0
DA:34,0
DA:37,0
DA:38,0
DA:39,0
DA:40,0
DA:45,0
DA:46,0
DA:47,0
DA:48,0
DA:50,0
LF:20
LH:0
BRDA:7,0,0,0
BRDA:8,1,0,0
BRDA:29,2,0,0
BRDA:29,2,1,0
BRDA:37,3,0,0
BRF:5
BRH:0
end_of_record
TN:
SF:src/tests/flowValidator.js
FN:31,(anonymous_0)
FN:65,(anonymous_1)
FN:66,(anonymous_2)
FN:70,(anonymous_3)
FN:71,(anonymous_4)
FN:90,(anonymous_5)
FN:99,(anonymous_6)
FN:116,(anonymous_7)
FN:117,(anonymous_8)
FN:129,(anonymous_9)
FN:140,(anonymous_10)
FN:150,(anonymous_11)
FN:153,(anonymous_12)
FN:161,(anonymous_13)
FN:162,(anonymous_14)
FN:165,(anonymous_15)
FN:166,(anonymous_16)
FN:168,(anonymous_17)
FNF:18
FNH:0
FNDA:0,(anonymous_0)
FNDA:0,(anonymous_1)
FNDA:0,(anonymous_2)
FNDA:0,(anonymous_3)
FNDA:0,(anonymous_4)
FNDA:0,(anonymous_5)
FNDA:0,(anonymous_6)
FNDA:0,(anonymous_7)
FNDA:0,(anonymous_8)
FNDA:0,(anonymous_9)
FNDA:0,(anonymous_10)
FNDA:0,(anonymous_11)
FNDA:0,(anonymous_12)
FNDA:0,(anonymous_13)
FNDA:0,(anonymous_14)
FNDA:0,(anonymous_15)
FNDA:0,(anonymous_16)
FNDA:0,(anonymous_17)
DA:6,0
DA:31,0
DA:32,0
DA:34,0
DA:36,0
DA:39,0
DA:42,0
DA:45,0
DA:48,0
DA:51,0
DA:53,0
DA:56,0
DA:59,0
DA:65,0
DA:66,0
DA:67,0
DA:70,0
DA:71,0
DA:72,0
DA:73,0
DA:79,0
DA:84,0
DA:85,0
DA:86,0
DA:87,0
DA:90,0
DA:91,0
DA:92,0
DA:94,0
DA:95,0
DA:96,0
DA:99,0
DA:100,0
DA:101,0
DA:105,0
DA:110,0
DA:111,0
DA:112,0
DA:116,0
DA:117,0
DA:118,0
DA:124,0
DA:125,0
DA:126,0
DA:129,0
DA:130,0
DA:135,0
DA:136,0
DA:137,0
DA:140,0
DA:141,0
DA:147,0
DA:148,0
DA:149,0
DA:150,0
DA:153,0
DA:154,0
DA:155,0
DA:156,0
DA:157,0
DA:161,0
DA:162,0
DA:163,0
DA:164,0
DA:165,0
DA:166,0
DA:168,0
DA:173,0
DA:178,0
DA:179,0
DA:180,0
LF:71
LH:0
BRDA:36,0,0,0
BRDA:36,0,1,0
BRDA:36,0,2,0
BRDA:36,0,3,0
BRDA:36,0,4,0
BRDA:36,0,5,0
BRF:6
BRH:0
end_of_record
TN:
SF:src/tests/matchers.ts
FN:18,(anonymous_0)
FN:24,(anonymous_1)
FN:30,(anonymous_2)
FN:34,(anonymous_3)
FN:40,(anonymous_4)
FN:48,(anonymous_5)
FNF:6
FNH:0
FNDA:0,(anonymous_0)
FNDA:0,(anonymous_1)
FNDA:0,(anonymous_2)
FNDA:0,(anonymous_3)
FNDA:0,(anonymous_4)
FNDA:0,(anonymous_5)
DA:17,0
DA:19,0
DA:22,0
DA:24,0
DA:31,0
DA:32,0
DA:34,0
DA:41,0
DA:42,0
DA:46,0
DA:48,0
LF:11
LH:0
BRDA:19,0,0,0
BRDA:19,0,1,0
BRDA:24,1,0,0
BRDA:24,1,1,0
BRDA:31,2,0,0
BRDA:31,2,1,0
BRDA:34,3,0,0
BRDA:34,3,1,0
BRDA:42,4,0,0
BRDA:42,4,1,0
BRDA:42,4,2,0
BRDA:48,5,0,0
BRDA:48,5,1,0
BRF:13
BRH:0
end_of_record
TN:
SF:src/tests/performance-test-utils.tsx
FN:11,measureComponentPerformance
FN:47,(anonymous_1)
FN:60,measureHookPerformance
FN:78,(anonymous_3)
FN:81,(anonymous_4)
FN:85,withPerformanceTracking
FN:89,(anonymous_6)
FNF:7
FNH:0
FNDA:0,measureComponentPerformance
FNDA:0,(anonymous_1)
FNDA:0,measureHookPerformance
FNDA:0,(anonymous_3)
FNDA:0,(anonymous_4)
FNDA:0,withPerformanceTracking
FNDA:0,(anonymous_6)
DA:20,0
DA:23,0
DA:24,0
DA:29,0
DA:32,0
DA:35,0
DA:36,0
DA:37,0
DA:42,0
DA:43,0
DA:44,0
DA:47,0
DA:48,0
DA:49,0
DA:51,0
DA:64,0
DA:65,0
DA:67,0
DA:68,0
DA:69,0
DA:72,0
DA:73,0
DA:74,0
DA:77,0
DA:78,0
DA:81,0
DA:89,0
DA:90,0
DA:91,0
DA:92,0
DA:94,0
DA:96,0
DA:99,0
DA:100,0
LF:34
LH:0
BRDA:13,0,0,0
BRDA:14,1,0,0
BRDA:17,2,0,0
BRDA:18,3,0,0
BRDA:19,4,0,0
BRDA:62,5,0,0
BRDA:64,6,0,0
BRDA:64,7,0,0
BRDA:87,8,0,0
BRDA:94,9,0,0
BRDA:94,9,1,0
BRDA:94,9,2,0
BRDA:99,10,0,0
BRDA:99,10,1,0
BRDA:99,10,2,0
BRF:15
BRH:0
end_of_record
TN:
SF:src/tests/storage-test-utils.ts
FN:6,(anonymous_0)
FN:10,(anonymous_1)
FN:14,(anonymous_2)
FN:18,(anonymous_3)
FN:22,(anonymous_4)
FN:26,(anonymous_5)
FN:33,setupStorageTests
FN:36,(anonymous_7)
FN:43,(anonymous_8)
FN:50,mockStorageState
FN:69,clearStorageMocks
FN:73,waitForStorage
FN:74,(anonymous_12)
FN:79,(anonymous_13)
FNF:14
FNH:0
FNDA:0,(anonymous_0)
FNDA:0,(anonymous_1)
FNDA:0,(anonymous_2)
FNDA:0,(anonymous_3)
FNDA:0,(anonymous_4)
FNDA:0,(anonymous_5)
FNDA:0,setupStorageTests
FNDA:0,(anonymous_7)
FNDA:0,(anonymous_8)
FNDA:0,mockStorageState
FNDA:0,clearStorageMocks
FNDA:0,waitForStorage
FNDA:0,(anonymous_12)
FNDA:0,(anonymous_13)
DA:4,0
DA:7,0
DA:11,0
DA:15,0
DA:19,0
DA:23,0
DA:27,0
DA:31,0
DA:34,0
DA:36,0
DA:37,0
DA:38,0
DA:43,0
DA:44,0
DA:51,0
DA:70,0
DA:74,0
DA:75,0
DA:76,0
DA:77,0
DA:79,0
DA:80,0
DA:81,0
DA:82,0
DA:83,0
LF:25
LH:0
BRDA:11,0,0,0
BRDA:11,0,1,0
BRDA:23,1,0,0
BRDA:23,1,1,0
BRDA:76,2,0,0
BRDA:76,2,1,0
BRDA:81,3,0,0
BRDA:81,3,1,0
BRF:8
BRH:0
end_of_record
TN:
SF:src/tests/test-data.ts
FN:34,(anonymous_0)
FN:40,(anonymous_1)
FN:46,(anonymous_2)
FN:51,(anonymous_3)
FNF:4
FNH:0
FNDA:0,(anonymous_0)
FNDA:0,(anonymous_1)
FNDA:0,(anonymous_2)
FNDA:0,(anonymous_3)
DA:3,0
DA:14,0
DA:30,0
DA:51,0
DA:52,0
DA:53,0
DA:56,0
LF:7
LH:0
BRF:0
BRH:0
end_of_record
TN:
SF:src/tests/test-utils.tsx
FN:6,(anonymous_0)
FN:16,(anonymous_1)
FNF:2
FNH:0
FNDA:0,(anonymous_0)
FNDA:0,(anonymous_1)
DA:6,0
DA:7,0
DA:16,0
DA:19,0
LF:4
LH:0
BRF:0
BRH:0
end_of_record
TN:
SF:src/tests/testUtils.js
FN:9,(anonymous_0)
FN:11,(anonymous_1)
FN:12,(anonymous_2)
FN:24,(anonymous_3)
FN:25,(anonymous_4)
FN:27,(anonymous_5)
FN:43,(anonymous_6)
FN:50,(anonymous_7)
FNF:8
FNH:0
FNDA:0,(anonymous_0)
FNDA:0,(anonymous_1)
FNDA:0,(anonymous_2)
FNDA:0,(anonymous_3)
FNDA:0,(anonymous_4)
FNDA:0,(anonymous_5)
FNDA:0,(anonymous_6)
FNDA:0,(anonymous_7)
DA:9,0
DA:10,0
DA:11,0
DA:12,0
DA:13,0
DA:16,0
DA:24,0
DA:25,0
DA:26,0
DA:27,0
DA:28,0
DA:29,0
DA:33,0
DA:34,0
DA:43,0
DA:44,0
DA:50,0
DA:51,0
LF:18
LH:0
BRDA:9,0,0,0
BRDA:24,1,0,0
BRDA:28,2,0,0
BRDA:28,2,1,0
BRDA:33,3,0,0
BRDA:33,3,1,0
BRF:6
BRH:0
end_of_record
TN:
SF:src/tests/user-event-utils.ts
FN:4,simulateKeyboardShortcut
FN:8,simulateUserNavigation
FN:22,(anonymous_2)
FN:26,simulateFormInteraction
FN:35,simulateUserPreferences
FNF:5
FNH:0
FNDA:0,simulateKeyboardShortcut
FNDA:0,simulateUserNavigation
FNDA:0,(anonymous_2)
FNDA:0,simulateFormInteraction
FNDA:0,simulateUserPreferences
DA:5,0
DA:9,0
DA:10,0
DA:12,0
DA:13,0
DA:15,0
DA:16,0
DA:18,0
DA:19,0
DA:22,0
DA:27,0
DA:28,0
DA:29,0
DA:30,0
DA:41,0
DA:42,0
DA:43,0
DA:46,0
DA:47,0
DA:48,0
DA:51,0
DA:52,0
DA:53,0
DA:54,0
DA:58,0
DA:59,0
DA:60,0
DA:61,0
LF:28
LH:0
BRDA:10,0,0,0
BRDA:10,0,1,0
BRDA:10,0,2,0
BRDA:29,1,0,0
BRDA:29,1,1,0
BRDA:42,2,0,0
BRDA:42,2,1,0
BRDA:47,3,0,0
BRDA:47,3,1,0
BRDA:51,4,0,0
BRDA:51,4,1,0
BRDA:53,5,0,0
BRDA:53,5,1,0
BRDA:53,6,0,0
BRDA:53,6,1,0
BRDA:58,7,0,0
BRDA:58,7,1,0
BRDA:60,8,0,0
BRDA:60,8,1,0
BRDA:60,9,0,0
BRDA:60,9,1,0
BRF:21
BRH:0
end_of_record
TN:
SF:src/tests/utils/stageTestHelpers.ts
FN:3,(anonymous_0)
FN:16,(anonymous_1)
FN:17,(anonymous_2)
FN:23,(anonymous_3)
FN:35,(anonymous_4)
FN:40,(anonymous_5)
FN:42,(anonymous_6)
FNF:7
FNH:0
FNDA:0,(anonymous_0)
FNDA:0,(anonymous_1)
FNDA:0,(anonymous_2)
FNDA:0,(anonymous_3)
FNDA:0,(anonymous_4)
FNDA:0,(anonymous_5)
FNDA:0,(anonymous_6)
DA:3,0
DA:6,0
DA:16,0
DA:17,0
DA:23,0
DA:24,0
DA:25,0
DA:26,0
DA:28,0
DA:29,0
DA:32,0
DA:35,0
DA:40,0
DA:41,0
DA:42,0
DA:44,0
LF:16
LH:0
BRDA:4,0,0,0
BRDA:5,1,0,0
BRDA:16,2,0,0
BRDA:42,3,0,0
BRDA:42,3,1,0
BRDA:44,4,0,0
BRDA:44,4,1,0
BRF:7
BRH:0
end_of_record
TN:
SF:src/tests/utils/testHelpers.ts
FN:13,(anonymous_0)
FN:26,(anonymous_1)
FN:39,(anonymous_2)
FN:45,(anonymous_3)
FN:45,(anonymous_4)
FN:47,(anonymous_5)
FNF:6
FNH:0
FNDA:0,(anonymous_0)
FNDA:0,(anonymous_1)
FNDA:0,(anonymous_2)
FNDA:0,(anonymous_3)
FNDA:0,(anonymous_4)
FNDA:0,(anonymous_5)
DA:13,0
DA:16,0
DA:26,0
DA:27,0
DA:28,0
DA:29,0
DA:32,0
DA:33,0
DA:36,0
DA:39,0
DA:40,0
DA:41,0
DA:42,0
DA:45,0
DA:47,0
DA:48,0
LF:16
LH:0
BRDA:14,0,0,0
BRDA:15,1,0,0
BRDA:39,2,0,0
BRDA:47,3,0,0
BRF:4
BRH:0
end_of_record
TN:
SF:src/types/errors.ts
FNF:0
FNH:0
LF:0
LH:0
BRF:0
BRH:0
end_of_record
TN:
SF:src/types/hooks.ts
FNF:0
FNH:0
LF:0
LH:0
BRF:0
BRH:0
end_of_record
TN:
SF:src/types/index.ts
FNF:0
FNH:0
LF:0
LH:0
BRF:0
BRH:0
end_of_record
TN:
SF:src/utils/analytics.js
FN:2,(anonymous_0)
FN:17,(anonymous_1)
FN:26,(anonymous_2)
FN:41,(anonymous_3)
FN:48,(anonymous_4)
FN:52,(anonymous_5)
FN:60,(anonymous_6)
FN:69,(anonymous_7)
FN:78,(anonymous_8)
FN:86,(anonymous_9)
FN:91,(anonymous_10)
FN:102,(anonymous_11)
FN:111,(anonymous_12)
FN:119,(anonymous_13)
FN:127,(anonymous_14)
FN:137,(anonymous_15)
FN:146,(anonymous_16)
FN:156,(anonymous_17)
FN:169,(anonymous_18)
FN:178,(anonymous_19)
FN:188,(anonymous_20)
FN:198,(anonymous_21)
FN:208,(anonymous_22)
FN:217,(anonymous_23)
FN:225,(anonymous_24)
FN:234,(anonymous_25)
FN:243,(anonymous_26)
FN:252,(anonymous_27)
FN:265,(anonymous_28)
FN:276,(anonymous_29)
FN:289,(anonymous_30)
FN:294,(anonymous_31)
FN:300,(anonymous_32)
FN:311,(anonymous_33)
FN:320,(anonymous_34)
FN:329,(anonymous_35)
FN:339,(anonymous_36)
FN:348,(anonymous_37)
FN:362,(anonymous_38)
FN:371,(anonymous_39)
FN:379,(anonymous_40)
FNF:41
FNH:0
FNDA:0,(anonymous_0)
FNDA:0,(anonymous_1)
FNDA:0,(anonymous_2)
FNDA:0,(anonymous_3)
FNDA:0,(anonymous_4)
FNDA:0,(anonymous_5)
FNDA:0,(anonymous_6)
FNDA:0,(anonymous_7)
FNDA:0,(anonymous_8)
FNDA:0,(anonymous_9)
FNDA:0,(anonymous_10)
FNDA:0,(anonymous_11)
FNDA:0,(anonymous_12)
FNDA:0,(anonymous_13)
FNDA:0,(anonymous_14)
FNDA:0,(anonymous_15)
FNDA:0,(anonymous_16)
FNDA:0,(anonymous_17)
FNDA:0,(anonymous_18)
FNDA:0,(anonymous_19)
FNDA:0,(anonymous_20)
FNDA:0,(anonymous_21)
FNDA:0,(anonymous_22)
FNDA:0,(anonymous_23)
FNDA:0,(anonymous_24)
FNDA:0,(anonymous_25)
FNDA:0,(anonymous_26)
FNDA:0,(anonymous_27)
FNDA:0,(anonymous_28)
FNDA:0,(anonymous_29)
FNDA:0,(anonymous_30)
FNDA:0,(anonymous_31)
FNDA:0,(anonymous_32)
FNDA:0,(anonymous_33)
FNDA:0,(anonymous_34)
FNDA:0,(anonymous_35)
FNDA:0,(anonymous_36)
FNDA:0,(anonymous_37)
FNDA:0,(anonymous_38)
FNDA:0,(anonymous_39)
FNDA:0,(anonymous_40)
DA:2,0
DA:3,0
DA:10,0
DA:17,0
DA:18,0
DA:19,0
DA:20,0
DA:21,0
DA:23,0
DA:26,0
DA:27,0
DA:28,0
DA:29,0
DA:36,0
DA:41,0
DA:42,0
DA:48,0
DA:49,0
DA:52,0
DA:53,0
DA:60,0
DA:61,0
DA:69,0
DA:70,0
DA:78,0
DA:79,0
DA:86,0
DA:87,0
DA:91,0
DA:92,0
DA:98,0
DA:102,0
DA:103,0
DA:111,0
DA:112,0
DA:119,0
DA:120,0
DA:127,0
DA:128,0
DA:134,0
DA:137,0
DA:138,0
DA:146,0
DA:147,0
DA:156,0
DA:157,0
DA:169,0
DA:170,0
DA:178,0
DA:179,0
DA:188,0
DA:189,0
DA:198,0
DA:199,0
DA:208,0
DA:209,0
DA:217,0
DA:218,0
DA:225,0
DA:226,0
DA:227,0
DA:228,0
DA:230,0
DA:234,0
DA:235,0
DA:236,0
DA:237,0
DA:239,0
DA:243,0
DA:244,0
DA:245,0
DA:246,0
DA:248,0
DA:252,0
DA:253,0
DA:254,0
DA:255,0
DA:261,0
DA:265,0
DA:266,0
DA:267,0
DA:268,0
DA:272,0
DA:276,0
DA:277,0
DA:278,0
DA:279,0
DA:283,0
DA:289,0
DA:290,0
DA:291,0
DA:292,0
DA:293,0
DA:294,0
DA:296,0
DA:300,0
DA:301,0
DA:302,0
DA:303,0
DA:307,0
DA:311,0
DA:312,0
DA:313,0
DA:314,0
DA:316,0
DA:320,0
DA:321,0
DA:322,0
DA:323,0
DA:325,0
DA:329,0
DA:330,0
DA:331,0
DA:332,0
DA:333,0
DA:335,0
DA:339,0
DA:340,0
DA:341,0
DA:348,0
DA:349,0
DA:350,0
DA:351,0
DA:352,0
DA:358,0
DA:362,0
DA:363,0
DA:364,0
DA:365,0
DA:367,0
DA:371,0
DA:372,0
DA:373,0
DA:375,0
DA:379,0
DA:380,0
LF:136
LH:0
BRDA:19,0,0,0
BRDA:19,0,1,0
BRDA:28,1,0,0
BRDA:28,1,1,0
BRDA:32,2,0,0
BRDA:32,2,1,0
BRDA:160,3,0,0
BRDA:160,3,1,0
BRDA:227,4,0,0
BRDA:227,4,1,0
BRDA:236,5,0,0
BRDA:236,5,1,0
BRDA:237,6,0,0
BRDA:237,6,1,0
BRDA:245,7,0,0
BRDA:245,7,1,0
BRDA:246,8,0,0
BRDA:246,8,1,0
BRDA:254,9,0,0
BRDA:254,9,1,0
BRDA:257,10,0,0
BRDA:257,10,1,0
BRDA:268,11,0,0
BRDA:268,11,1,0
BRDA:278,12,0,0
BRDA:278,12,1,0
BRDA:291,13,0,0
BRDA:291,13,1,0
BRDA:292,14,0,0
BRDA:292,14,1,0
BRDA:293,15,0,0
BRDA:293,15,1,0
BRDA:303,16,0,0
BRDA:303,16,1,0
BRDA:314,17,0,0
BRDA:314,17,1,0
BRDA:322,18,0,0
BRDA:322,18,1,0
BRDA:323,19,0,0
BRDA:323,19,1,0
BRDA:331,20,0,0
BRDA:331,20,1,0
BRDA:332,21,0,0
BRDA:332,21,1,0
BRDA:333,22,0,0
BRDA:333,22,1,0
BRDA:340,23,0,0
BRDA:340,23,1,0
BRDA:350,24,0,0
BRDA:350,24,1,0
BRDA:351,25,0,0
BRDA:351,25,1,0
BRDA:364,26,0,0
BRDA:364,26,1,0
BRDA:365,27,0,0
BRDA:365,27,1,0
BRDA:373,28,0,0
BRDA:373,28,1,0
BRF:58
BRH:0
end_of_record
TN:
SF:src/utils/analytics.ts
FN:17,(anonymous_0)
FN:23,(anonymous_1)
FN:30,(anonymous_2)
FN:41,(anonymous_3)
FN:49,(anonymous_4)
FN:63,(anonymous_5)
FN:72,(anonymous_6)
FN:79,(anonymous_7)
FN:93,trackAssessmentComplete
FN:102,trackAssessmentStart
FN:109,trackStageTransition
FN:117,trackError
FNF:12
FNH:0
FNDA:0,(anonymous_0)
FNDA:0,(anonymous_1)
FNDA:0,(anonymous_2)
FNDA:0,(anonymous_3)
FNDA:0,(anonymous_4)
FNDA:0,(anonymous_5)
FNDA:0,(anonymous_6)
FNDA:0,(anonymous_7)
FNDA:0,trackAssessmentComplete
FNDA:0,trackAssessmentStart
FNDA:0,trackStageTransition
FNDA:0,trackError
DA:4,0
DA:14,0
DA:15,0
DA:18,0
DA:19,0
DA:20,0
DA:24,0
DA:25,0
DA:27,0
DA:31,0
DA:32,0
DA:33,0
DA:34,0
DA:37,0
DA:42,0
DA:43,0
DA:45,0
DA:50,0
DA:51,0
DA:54,0
DA:55,0
DA:57,0
DA:58,0
DA:59,0
DA:60,0
DA:62,0
DA:63,0
DA:66,0
DA:68,0
DA:73,0
DA:74,0
DA:75,0
DA:80,0
DA:86,0
DA:87,0
DA:91,0
DA:94,0
DA:103,0
DA:110,0
DA:118,0
LF:40
LH:0
BRDA:24,0,0,0
BRDA:24,0,1,0
BRDA:33,1,0,0
BRDA:33,1,1,0
BRDA:50,2,0,0
BRDA:50,2,1,0
BRDA:50,3,0,0
BRDA:50,3,1,0
BRDA:50,3,2,0
BRDA:62,4,0,0
BRDA:62,4,1,0
BRDA:73,5,0,0
BRDA:73,5,1,0
BRDA:120,6,0,0
BRDA:120,6,1,0
BRF:15
BRH:0
end_of_record
TN:
SF:src/utils/errorHandling.ts
FN:18,(anonymous_0)
FN:29,(anonymous_1)
FN:37,(anonymous_2)
FN:44,(anonymous_3)
FN:55,(anonymous_4)
FN:69,(anonymous_5)
FN:83,handleError
FN:130,(anonymous_7)
FN:141,isAssessmentError
FN:145,validateStorageState
FN:161,withErrorHandling
FN:173,isRecoverableError
FN:182,createErrorContext
FNF:13
FNH:0
FNDA:0,(anonymous_0)
FNDA:0,(anonymous_1)
FNDA:0,(anonymous_2)
FNDA:0,(anonymous_3)
FNDA:0,(anonymous_4)
FNDA:0,(anonymous_5)
FNDA:0,handleError
FNDA:0,(anonymous_7)
FNDA:0,isAssessmentError
FNDA:0,validateStorageState
FNDA:0,withErrorHandling
FNDA:0,isRecoverableError
FNDA:0,createErrorContext
DA:19,0
DA:20,0
DA:21,0
DA:22,0
DA:30,0
DA:31,0
DA:32,0
DA:38,0
DA:39,0
DA:45,0
DA:46,0
DA:56,0
DA:57,0
DA:58,0
DA:59,0
DA:60,0
DA:75,0
DA:76,0
DA:77,0
DA:78,0
DA:79,0
DA:92,0
DA:94,0
DA:96,0
DA:97,0
DA:104,0
DA:105,0
DA:106,0
DA:107,0
DA:108,0
DA:109,0
DA:116,0
DA:125,0
DA:128,0
DA:129,0
DA:130,0
DA:134,0
DA:142,0
DA:146,0
DA:147,0
DA:150,0
DA:152,0
DA:164,0
DA:165,0
DA:166,0
DA:168,0
DA:169,0
DA:174,0
DA:175,0
DA:177,0
DA:188,0
LF:51
LH:0
BRDA:18,0,0,0
BRDA:18,1,0,0
BRDA:30,2,0,0
BRDA:30,2,1,0
BRDA:86,3,0,0
BRDA:89,4,0,0
BRDA:90,5,0,0
BRDA:96,6,0,0
BRDA:96,6,1,0
BRDA:108,7,0,0
BRDA:108,7,1,0
BRDA:129,8,0,0
BRDA:129,8,1,0
BRDA:146,9,0,0
BRDA:146,9,1,0
BRDA:146,10,0,0
BRDA:146,10,1,0
BRDA:153,11,0,0
BRDA:153,11,1,0
BRDA:153,11,2,0
BRDA:153,11,3,0
BRDA:153,11,4,0
BRDA:168,12,0,0
BRDA:168,12,1,0
BRDA:174,13,0,0
BRDA:174,13,1,0
BRDA:177,14,0,0
BRDA:177,14,1,0
BRDA:177,14,2,0
BRF:29
BRH:0
end_of_record
TN:
SF:src/utils/errorReporting.ts
FN:27,(anonymous_0)
FN:29,(anonymous_1)
FN:33,(anonymous_2)
FN:40,(anonymous_3)
FN:73,(anonymous_4)
FN:74,(anonymous_5)
FN:77,(anonymous_6)
FN:78,(anonymous_7)
FN:81,(anonymous_8)
FN:83,(anonymous_9)
FN:92,(anonymous_10)
FN:95,(anonymous_11)
FN:98,(anonymous_12)
FN:109,(anonymous_13)
FN:114,(anonymous_14)
FN:124,(anonymous_15)
FN:130,(anonymous_16)
FN:134,(anonymous_17)
FN:148,(anonymous_18)
FN:153,(anonymous_19)
FN:163,(anonymous_20)
FNF:21
FNH:0
FNDA:0,(anonymous_0)
FNDA:0,(anonymous_1)
FNDA:0,(anonymous_2)
FNDA:0,(anonymous_3)
FNDA:0,(anonymous_4)
FNDA:0,(anonymous_5)
FNDA:0,(anonymous_6)
FNDA:0,(anonymous_7)
FNDA:0,(anonymous_8)
FNDA:0,(anonymous_9)
FNDA:0,(anonymous_10)
FNDA:0,(anonymous_11)
FNDA:0,(anonymous_12)
FNDA:0,(anonymous_13)
FNDA:0,(anonymous_14)
FNDA:0,(anonymous_15)
FNDA:0,(anonymous_16)
FNDA:0,(anonymous_17)
FNDA:0,(anonymous_18)
FNDA:0,(anonymous_19)
FNDA:0,(anonymous_20)
DA:23,0
DA:24,0
DA:25,0
DA:28,0
DA:29,0
DA:30,0
DA:34,0
DA:35,0
DA:37,0
DA:46,0
DA:55,0
DA:57,0
DA:58,0
DA:61,0
DA:62,0
DA:63,0
DA:66,0
DA:74,0
DA:78,0
DA:82,0
DA:83,0
DA:86,0
DA:87,0
DA:88,0
DA:93,0
DA:94,0
DA:95,0
DA:97,0
DA:98,0
DA:101,0
DA:110,0
DA:111,0
DA:115,0
DA:125,0
DA:131,0
DA:132,0
DA:134,0
DA:144,0
DA:149,0
DA:150,0
DA:151,0
DA:152,0
DA:153,0
DA:159,0
DA:164,0
DA:165,0
DA:177,0
LF:47
LH:0
BRDA:34,0,0,0
BRDA:34,0,1,0
BRDA:57,1,0,0
BRDA:57,1,1,0
BRDA:61,2,0,0
BRDA:61,2,1,0
BRDA:86,3,0,0
BRDA:86,3,1,0
BRDA:98,4,0,0
BRDA:98,4,1,0
BRDA:105,5,0,0
BRDA:105,5,1,0
BRDA:116,6,0,0
BRDA:116,6,1,0
BRDA:116,6,2,0
BRDA:116,6,3,0
BRDA:116,6,4,0
BRDA:126,7,0,0
BRDA:126,7,1,0
BRDA:151,8,0,0
BRDA:151,8,1,0
BRDA:164,9,0,0
BRDA:164,9,1,0
BRF:23
BRH:0
end_of_record
TN:
SF:src/utils/flowState.ts
FN:11,(anonymous_0)
FN:33,(anonymous_1)
FN:74,(anonymous_2)
FN:80,(anonymous_3)
FNF:4
FNH:0
FNDA:0,(anonymous_0)
FNDA:0,(anonymous_1)
FNDA:0,(anonymous_2)
FNDA:0,(anonymous_3)
DA:11,0
DA:16,0
DA:17,0
DA:19,0
DA:20,0
DA:23,0
DA:24,0
DA:26,0
DA:33,0
DA:37,0
DA:38,0
DA:39,0
DA:42,0
DA:43,0
DA:46,0
DA:47,0
DA:58,0
DA:63,0
DA:66,0
DA:74,0
DA:75,0
DA:76,0
DA:77,0
DA:80,0
DA:81,0
DA:82,0
DA:83,0
LF:27
LH:0
BRDA:19,0,0,0
BRDA:19,0,1,0
BRDA:19,1,0,0
BRDA:19,1,1,0
BRDA:24,2,0,0
BRDA:24,2,1,0
BRDA:38,3,0,0
BRDA:38,3,1,0
BRDA:42,4,0,0
BRDA:42,4,1,0
BRDA:46,5,0,0
BRDA:46,5,1,0
BRDA:58,6,0,0
BRDA:58,6,1,0
BRDA:59,7,0,0
BRDA:59,7,1,0
BRDA:59,7,2,0
BRDA:77,8,0,0
BRDA:77,8,1,0
BRDA:83,9,0,0
BRDA:83,9,1,0
BRF:21
BRH:0
end_of_record
TN:
SF:src/utils/flowValidator.js
FN:21,(anonymous_0)
FN:24,(anonymous_1)
FN:25,(anonymous_2)
FN:36,(anonymous_3)
FN:37,(anonymous_4)
FN:50,(anonymous_5)
FN:71,(anonymous_6)
FN:82,(anonymous_7)
FN:84,(anonymous_8)
FN:109,(anonymous_9)
FN:118,(anonymous_10)
FN:144,(anonymous_11)
FN:149,(anonymous_12)
FN:150,(anonymous_13)
FN:153,(anonymous_14)
FN:162,(anonymous_15)
FN:162,(anonymous_16)
FN:163,(anonymous_17)
FN:176,(anonymous_18)
FN:197,(anonymous_19)
FN:219,(anonymous_20)
FN:230,(anonymous_21)
FN:236,(anonymous_22)
FN:237,(anonymous_23)
FNF:24
FNH:0
FNDA:0,(anonymous_0)
FNDA:0,(anonymous_1)
FNDA:0,(anonymous_2)
FNDA:0,(anonymous_3)
FNDA:0,(anonymous_4)
FNDA:0,(anonymous_5)
FNDA:0,(anonymous_6)
FNDA:0,(anonymous_7)
FNDA:0,(anonymous_8)
FNDA:0,(anonymous_9)
FNDA:0,(anonymous_10)
FNDA:0,(anonymous_11)
FNDA:0,(anonymous_12)
FNDA:0,(anonymous_13)
FNDA:0,(anonymous_14)
FNDA:0,(anonymous_15)
FNDA:0,(anonymous_16)
FNDA:0,(anonymous_17)
FNDA:0,(anonymous_18)
FNDA:0,(anonymous_19)
FNDA:0,(anonymous_20)
FNDA:0,(anonymous_21)
FNDA:0,(anonymous_22)
FNDA:0,(anonymous_23)
DA:11,0
DA:21,0
DA:24,0
DA:25,0
DA:26,0
DA:29,0
DA:30,0
DA:33,0
DA:36,0
DA:37,0
DA:39,0
DA:40,0
DA:42,0
DA:50,0
DA:51,0
DA:52,0
DA:54,0
DA:55,0
DA:58,0
DA:59,0
DA:60,0
DA:63,0
DA:64,0
DA:65,0
DA:68,0
DA:71,0
DA:72,0
DA:73,0
DA:76,0
DA:82,0
DA:84,0
DA:86,0
DA:87,0
DA:88,0
DA:89,0
DA:93,0
DA:94,0
DA:95,0
DA:99,0
DA:109,0
DA:110,0
DA:112,0
DA:114,0
DA:118,0
DA:120,0
DA:123,0
DA:124,0
DA:127,0
DA:128,0
DA:133,0
DA:134,0
DA:138,0
DA:144,0
DA:145,0
DA:146,0
DA:149,0
DA:150,0
DA:153,0
DA:154,0
DA:155,0
DA:162,0
DA:163,0
DA:165,0
DA:166,0
DA:173,0
DA:176,0
DA:177,0
DA:178,0
DA:181,0
DA:182,0
DA:183,0
DA:187,0
DA:188,0
DA:189,0
DA:190,0
DA:194,0
DA:197,0
DA:198,0
DA:205,0
DA:206,0
DA:209,0
DA:210,0
DA:213,0
DA:219,0
DA:220,0
DA:221,0
DA:223,0
DA:224,0
DA:226,0
DA:227,0
DA:230,0
DA:231,0
DA:235,0
DA:236,0
DA:237,0
DA:238,0
DA:241,0
DA:242,0
DA:247,0
DA:248,0
DA:251,0
DA:253,0
LF:102
LH:0
BRDA:26,0,0,0
BRDA:26,0,1,0
BRDA:26,0,2,0
BRDA:29,1,0,0
BRDA:29,1,1,0
BRDA:54,2,0,0
BRDA:54,2,1,0
BRDA:54,3,0,0
BRDA:54,3,1,0
BRDA:54,3,2,0
BRDA:59,4,0,0
BRDA:59,4,1,0
BRDA:64,5,0,0
BRDA:64,5,1,0
BRDA:72,6,0,0
BRDA:72,6,1,0
BRDA:72,7,0,0
BRDA:72,7,1,0
BRDA:86,8,0,0
BRDA:86,8,1,0
BRDA:93,9,0,0
BRDA:93,9,1,0
BRDA:93,10,0,0
BRDA:93,10,1,0
BRDA:93,10,2,0
BRDA:110,11,0,0
BRDA:110,11,1,0
BRDA:127,12,0,0
BRDA:127,12,1,0
BRDA:127,13,0,0
BRDA:127,13,1,0
BRDA:133,14,0,0
BRDA:133,14,1,0
BRDA:133,15,0,0
BRDA:133,15,1,0
BRDA:133,15,2,0
BRDA:145,16,0,0
BRDA:145,16,1,0
BRDA:145,17,0,0
BRDA:145,17,1,0
BRDA:154,18,0,0
BRDA:154,18,1,0
BRDA:165,19,0,0
BRDA:165,19,1,0
BRDA:177,20,0,0
BRDA:177,20,1,0
BRDA:178,21,0,0
BRDA:178,21,1,0
BRDA:182,22,0,0
BRDA:182,22,1,0
BRDA:187,23,0,0
BRDA:187,23,1,0
BRDA:187,24,0,0
BRDA:187,24,1,0
BRDA:189,25,0,0
[...]
BRDA:46,3,0,0
BRDA:46,3,1,0
BRDA:51,4,0,0
BRDA:51,4,1,0
BRDA:61,5,0,0
BRDA:61,5,1,0
BRDA:62,6,0,0
BRDA:62,6,1,0
BRDA:73,7,0,0
BRDA:73,7,1,0
BRF:16
BRH:0
end_of_record
TN:
SF:src/utils/stageValidation.ts
FN:10,(anonymous_0)
FN:15,(anonymous_1)
FN:46,(anonymous_2)
FN:51,(anonymous_3)
FN:52,(anonymous_4)
FN:52,(anonymous_5)
FN:55,(anonymous_6)
FN:66,(anonymous_7)
FN:67,(anonymous_8)
FN:70,(anonymous_9)
FN:83,(anonymous_10)
FN:84,(anonymous_11)
FN:91,(anonymous_12)
FN:92,(anonymous_13)
FN:97,(anonymous_14)
FN:98,(anonymous_15)
FNF:16
FNH:0
FNDA:0,(anonymous_0)
FNDA:0,(anonymous_1)
FNDA:0,(anonymous_2)
FNDA:0,(anonymous_3)
FNDA:0,(anonymous_4)
FNDA:0,(anonymous_5)
FNDA:0,(anonymous_6)
FNDA:0,(anonymous_7)
FNDA:0,(anonymous_8)
FNDA:0,(anonymous_9)
FNDA:0,(anonymous_10)
FNDA:0,(anonymous_11)
FNDA:0,(anonymous_12)
FNDA:0,(anonymous_13)
FNDA:0,(anonymous_14)
FNDA:0,(anonymous_15)
DA:10,0
DA:15,0
DA:16,0
DA:17,0
DA:19,0
DA:20,0
DA:31,0
DA:36,0
DA:39,0
DA:46,0
DA:51,0
DA:52,0
DA:55,0
DA:56,0
DA:57,0
DA:65,0
DA:67,0
DA:68,0
DA:70,0
DA:72,0
DA:73,0
DA:80,0
DA:83,0
DA:84,0
DA:85,0
DA:86,0
DA:88,0
DA:91,0
DA:92,0
DA:93,0
DA:94,0
DA:97,0
DA:98,0
DA:99,0
DA:100,0
LF:35
LH:0
BRDA:13,0,0,0
BRDA:16,1,0,0
BRDA:16,1,1,0
BRDA:19,2,0,0
BRDA:19,2,1,0
BRDA:31,3,0,0
BRDA:31,3,1,0
BRDA:32,4,0,0
BRDA:32,4,1,0
BRDA:32,4,2,0
BRDA:56,5,0,0
BRDA:56,5,1,0
BRDA:68,6,0,0
BRDA:68,6,1,0
BRDA:68,6,2,0
BRDA:72,7,0,0
BRDA:72,7,1,0
BRDA:85,8,0,0
BRDA:85,8,1,0
BRDA:94,9,0,0
BRDA:94,9,1,0
BRDA:100,10,0,0
BRDA:100,10,1,0
BRF:23
BRH:0
end_of_record
TN:
SF:src/utils/storage.js
FN:32,(anonymous_0)
FN:51,(anonymous_1)
FN:56,(anonymous_2)
FN:61,(anonymous_3)
FN:93,(anonymous_4)
FN:102,(anonymous_5)
FN:116,(anonymous_6)
FN:139,(anonymous_7)
FN:158,(anonymous_8)
FN:168,(anonymous_9)
FN:182,(anonymous_10)
FN:190,(anonymous_11)
FN:195,(anonymous_12)
FN:205,(anonymous_13)
FN:210,(anonymous_14)
FN:228,(anonymous_15)
FN:242,(anonymous_16)
FNF:17
FNH:0
FNDA:0,(anonymous_0)
FNDA:0,(anonymous_1)
FNDA:0,(anonymous_2)
FNDA:0,(anonymous_3)
FNDA:0,(anonymous_4)
FNDA:0,(anonymous_5)
FNDA:0,(anonymous_6)
FNDA:0,(anonymous_7)
FNDA:0,(anonymous_8)
FNDA:0,(anonymous_9)
FNDA:0,(anonymous_10)
FNDA:0,(anonymous_11)
FNDA:0,(anonymous_12)
FNDA:0,(anonymous_13)
FNDA:0,(anonymous_14)
FNDA:0,(anonymous_15)
FNDA:0,(anonymous_16)
DA:1,0
DA:2,0
DA:5,0
DA:32,0
DA:33,0
DA:34,0
DA:37,0
DA:51,0
DA:52,0
DA:53,0
DA:56,0
DA:57,0
DA:60,0
DA:61,0
DA:79,0
DA:80,0
DA:81,0
DA:83,0
DA:84,0
DA:85,0
DA:86,0
DA:90,0
DA:93,0
DA:94,0
DA:95,0
DA:97,0
DA:98,0
DA:102,0
DA:103,0
DA:104,0
DA:105,0
DA:109,0
DA:111,0
DA:112,0
DA:116,0
DA:117,0
DA:118,0
DA:119,0
DA:131,0
DA:132,0
DA:134,0
DA:135,0
DA:139,0
DA:140,0
DA:141,0
DA:142,0
DA:144,0
DA:145,0
DA:146,0
DA:148,0
DA:149,0
DA:151,0
DA:153,0
DA:154,0
DA:158,0
DA:159,0
DA:160,0
DA:161,0
DA:163,0
DA:164,0
DA:168,0
DA:169,0
DA:170,0
DA:171,0
DA:175,0
DA:177,0
DA:178,0
DA:182,0
DA:183,0
DA:184,0
DA:190,0
DA:191,0
DA:192,0
DA:195,0
DA:196,0
DA:197,0
DA:198,0
DA:200,0
DA:201,0
DA:205,0
DA:206,0
DA:207,0
DA:210,0
DA:211,0
DA:212,0
DA:213,0
DA:214,0
DA:221,0
DA:223,0
DA:224,0
DA:228,0
DA:229,0
DA:230,0
DA:231,0
DA:232,0
DA:233,0
DA:235,0
DA:237,0
DA:238,0
DA:242,0
DA:243,0
DA:244,0
DA:245,0
DA:246,0
DA:247,0
DA:248,0
DA:249,0
DA:251,0
DA:253,0
DA:254,0
LF:110
LH:0
BRDA:34,0,0,0
BRDA:34,0,1,0
BRDA:46,1,0,0
BRDA:46,1,1,0
BRDA:52,2,0,0
BRDA:52,2,1,0
BRDA:52,3,0,0
BRDA:52,3,1,0
BRDA:57,4,0,0
BRDA:57,4,1,0
BRDA:85,5,0,0
BRDA:85,5,1,0
BRDA:95,6,0,0
BRDA:95,6,1,0
BRDA:124,7,0,0
BRDA:124,7,1,0
BRDA:127,8,0,0
BRDA:127,8,1,0
BRDA:142,9,0,0
BRDA:142,9,1,0
BRDA:145,10,0,0
BRDA:145,10,1,0
BRDA:183,11,0,0
BRDA:183,11,1,0
BRDA:191,12,0,0
BRDA:191,12,1,0
BRDA:213,13,0,0
BRDA:213,13,1,0
BRDA:231,14,0,0
BRDA:231,14,1,0
BRDA:245,15,0,0
BRDA:245,15,1,0
BRF:32
BRH:0
end_of_record
TN:
SF:src/utils/storage.ts
FN:9,(anonymous_0)
FN:18,(anonymous_1)
FN:27,(anonymous_2)
FN:46,(anonymous_3)
FN:70,(anonymous_4)
FN:89,(anonymous_5)
FN:105,(anonymous_6)
FNF:7
FNH:0
FNDA:0,(anonymous_0)
FNDA:0,(anonymous_1)
FNDA:0,(anonymous_2)
FNDA:0,(anonymous_3)
FNDA:0,(anonymous_4)
FNDA:0,(anonymous_5)
FNDA:0,(anonymous_6)
DA:5,0
DA:6,0
DA:7,0
DA:9,0
DA:10,0
DA:11,0
DA:12,0
DA:14,0
DA:18,0
DA:19,0
DA:20,0
DA:21,0
DA:23,0
DA:27,0
DA:28,0
DA:29,0
DA:30,0
DA:31,0
DA:32,0
DA:35,0
DA:36,0
DA:37,0
DA:40,0
DA:42,0
DA:46,0
DA:49,0
DA:50,0
DA:51,0
DA:52,0
DA:55,0
DA:64,0
DA:66,0
DA:70,0
DA:71,0
DA:73,0
DA:74,0
DA:75,0
DA:78,0
DA:83,0
DA:85,0
DA:89,0
DA:90,0
DA:91,0
DA:94,0
DA:96,0
DA:105,0
DA:106,0
DA:107,0
DA:108,0
LF:49
LH:0
BRDA:12,0,0,0
BRDA:12,0,1,0
BRDA:20,1,0,0
BRDA:20,1,1,0
BRDA:21,2,0,0
BRDA:21,2,1,0
BRDA:30,3,0,0
BRDA:30,3,1,0
BRDA:32,4,0,0
BRDA:32,4,1,0
BRDA:36,5,0,0
BRDA:36,5,1,0
BRDA:51,6,0,0
BRDA:51,6,1,0
BRDA:74,7,0,0
BRDA:74,7,1,0
BRDA:90,8,0,0
BRDA:90,8,1,0
BRDA:90,9,0,0
BRDA:90,9,1,0
BRDA:97,10,0,0
BRDA:97,10,1,0
BRDA:97,10,2,0
BRDA:97,10,3,0
BRDA:97,10,4,0
BRF:25
BRH:0
end_of_record
TN:
SF:src/utils/storageValidation.ts
FN:9,(anonymous_0)
FN:29,(anonymous_1)
FN:78,(anonymous_2)
FN:95,(anonymous_3)
FN:100,(anonymous_4)
FN:105,(anonymous_5)
FN:137,(anonymous_6)
FNF:7
FNH:0
FNDA:0,(anonymous_0)
FNDA:0,(anonymous_1)
FNDA:0,(anonymous_2)
FNDA:0,(anonymous_3)
FNDA:0,(anonymous_4)
FNDA:0,(anonymous_5)
FNDA:0,(anonymous_6)
DA:9,0
DA:10,0
DA:11,0
DA:17,0
DA:18,0
DA:21,0
DA:22,0
DA:26,0
DA:27,0
DA:29,0
DA:30,0
DA:31,0
DA:37,0
DA:38,0
DA:40,0
DA:41,0
DA:43,0
DA:44,0
DA:46,0
DA:47,0
DA:49,0
DA:50,0
DA:55,0
DA:56,0
DA:58,0
DA:59,0
DA:61,0
DA:62,0
DA:64,0
DA:65,0
DA:67,0
DA:68,0
DA:72,0
DA:78,0
DA:79,0
DA:80,0
DA:83,0
DA:84,0
DA:95,0
DA:96,0
DA:97,0
DA:100,0
DA:101,0
DA:102,0
DA:105,0
DA:109,0
DA:111,0
DA:112,0
DA:116,0
DA:117,0
DA:119,0
DA:120,0
DA:124,0
DA:125,0
DA:126,0
DA:127,0
DA:131,0
DA:137,0
DA:138,0
DA:139,0
DA:140,0
DA:143,0
LF:62
LH:0
BRDA:10,0,0,0
BRDA:10,0,1,0
BRDA:10,1,0,0
BRDA:10,1,1,0
BRDA:21,2,0,0
BRDA:21,2,1,0
BRDA:21,3,0,0
BRDA:21,3,1,0
BRDA:26,4,0,0
BRDA:26,4,1,0
BRDA:26,5,0,0
BRDA:26,5,1,0
BRDA:30,6,0,0
BRDA:30,6,1,0
BRDA:37,7,0,0
BRDA:37,7,1,0
BRDA:37,8,0,0
BRDA:37,8,1,0
BRDA:40,9,0,0
BRDA:40,9,1,0
BRDA:43,10,0,0
BRDA:43,10,1,0
BRDA:46,11,0,0
BRDA:46,11,1,0
BRDA:49,12,0,0
BRDA:49,12,1,0
BRDA:49,13,0,0
BRDA:49,13,1,0
BRDA:55,14,0,0
BRDA:55,14,1,0
BRDA:55,15,0,0
BRDA:55,15,1,0
BRDA:58,16,0,0
BRDA:58,16,1,0
BRDA:61,17,0,0
BRDA:61,17,1,0
BRDA:64,18,0,0
BRDA:64,18,1,0
BRDA:67,19,0,0
BRDA:67,19,1,0
BRDA:67,20,0,0
BRDA:67,20,1,0
BRDA:79,21,0,0
BRDA:79,21,1,0
BRDA:79,22,0,0
BRDA:79,22,1,0
BRDA:85,23,0,0
BRDA:85,23,1,0
BRDA:85,23,2,0
BRDA:85,23,3,0
BRDA:85,23,4,0
BRDA:85,23,5,0
BRDA:85,23,6,0
BRDA:97,24,0,0
BRDA:97,24,1,0
BRDA:111,25,0,0
BRDA:111,25,1,0
BRDA:119,26,0,0
BRDA:119,26,1,0
BRDA:124,27,0,0
BRDA:124,27,1,0
BRDA:126,28,0,0
BRDA:126,28,1,0
BRF:63
BRH:0
end_of_record
TN:
SF:src/utils/testUtils.js
FN:15,(anonymous_0)
FN:19,(anonymous_1)
FN:40,(anonymous_2)
FN:45,(anonymous_3)
FN:52,(anonymous_4)
FN:53,(anonymous_5)
FN:59,(anonymous_6)
FN:66,(anonymous_7)
FN:76,(anonymous_8)
FN:84,(anonymous_9)
FN:85,(anonymous_10)
FN:107,(anonymous_11)
FN:115,(anonymous_12)
FN:118,(anonymous_13)
FN:145,(anonymous_14)
FN:153,(anonymous_15)
FN:175,(anonymous_16)
FN:176,(anonymous_17)
FN:182,(anonymous_18)
FN:191,(anonymous_19)
FN:199,(anonymous_20)
FN:218,(anonymous_21)
FN:223,(anonymous_22)
FN:225,(anonymous_23)
FN:227,(anonymous_24)
FN:230,(anonymous_25)
FN:233,(anonymous_26)
FN:240,(anonymous_27)
FN:246,(anonymous_28)
FN:252,(anonymous_29)
FN:254,(anonymous_30)
FN:263,(anonymous_31)
FN:264,(anonymous_32)
FN:264,(anonymous_33)
FN:265,(anonymous_34)
FN:271,(anonymous_35)
FN:276,(anonymous_36)
FNF:37
FNH:0
FNDA:0,(anonymous_0)
FNDA:0,(anonymous_1)
FNDA:0,(anonymous_2)
FNDA:0,(anonymous_3)
FNDA:0,(anonymous_4)
FNDA:0,(anonymous_5)
FNDA:0,(anonymous_6)
FNDA:0,(anonymous_7)
FNDA:0,(anonymous_8)
FNDA:0,(anonymous_9)
FNDA:0,(anonymous_10)
FNDA:0,(anonymous_11)
FNDA:0,(anonymous_12)
FNDA:0,(anonymous_13)
FNDA:0,(anonymous_14)
FNDA:0,(anonymous_15)
FNDA:0,(anonymous_16)
FNDA:0,(anonymous_17)
FNDA:0,(anonymous_18)
FNDA:0,(anonymous_19)
FNDA:0,(anonymous_20)
FNDA:0,(anonymous_21)
FNDA:0,(anonymous_22)
FNDA:0,(anonymous_23)
FNDA:0,(anonymous_24)
FNDA:0,(anonymous_25)
FNDA:0,(anonymous_26)
FNDA:0,(anonymous_27)
FNDA:0,(anonymous_28)
FNDA:0,(anonymous_29)
FNDA:0,(anonymous_30)
FNDA:0,(anonymous_31)
FNDA:0,(anonymous_32)
FNDA:0,(anonymous_33)
FNDA:0,(anonymous_34)
FNDA:0,(anonymous_35)
FNDA:0,(anonymous_36)
DA:9,0
DA:15,0
DA:16,0
DA:19,0
DA:20,0
DA:21,0
DA:23,0
DA:25,0
DA:28,0
DA:31,0
DA:33,0
DA:35,0
DA:36,0
DA:40,0
DA:41,0
DA:44,0
DA:45,0
DA:46,0
DA:47,0
DA:51,0
DA:52,0
DA:54,0
DA:59,0
DA:60,0
DA:66,0
DA:67,0
DA:68,0
DA:70,0
DA:71,0
DA:76,0
DA:77,0
DA:78,0
DA:83,0
DA:84,0
DA:85,0
DA:86,0
DA:87,0
DA:89,0
DA:90,0
DA:96,0
DA:97,0
DA:98,0
DA:99,0
DA:101,0
DA:104,0
DA:107,0
DA:108,0
DA:113,0
DA:115,0
DA:118,0
DA:119,0
DA:120,0
DA:128,0
DA:129,0
DA:131,0
DA:132,0
DA:134,0
DA:135,0
DA:139,0
DA:142,0
DA:145,0
DA:146,0
DA:147,0
DA:153,0
DA:159,0
DA:171,0
DA:172,0
DA:175,0
DA:176,0
DA:177,0
DA:178,0
DA:181,0
DA:182,0
DA:183,0
DA:184,0
DA:185,0
DA:187,0
DA:191,0
DA:199,0
DA:200,0
DA:203,0
DA:204,0
DA:207,0
DA:208,0
DA:209,0
DA:211,0
DA:212,0
DA:215,0
DA:218,0
DA:219,0
DA:220,0
DA:222,0
DA:224,0
DA:225,0
DA:228,0
DA:231,0
DA:234,0
DA:235,0
DA:240,0
DA:241,0
DA:242,0
DA:243,0
DA:244,0
DA:246,0
DA:247,0
DA:248,0
DA:252,0
DA:253,0
DA:254,0
DA:255,0
DA:256,0
DA:262,0
DA:263,0
DA:264,0
DA:266,0
DA:271,0
DA:272,0
DA:273,0
DA:275,0
DA:276,0
DA:277,0
DA:281,0
LF:122
LH:0
BRDA:33,0,0,0
BRDA:33,0,1,0
BRDA:46,1,0,0
BRDA:46,1,1,0
BRDA:67,2,0,0
BRDA:67,2,1,0
BRDA:67,3,0,0
BRDA:67,3,1,0
BRDA:70,4,0,0
BRDA:70,4,1,0
BRDA:70,5,0,0
BRDA:70,5,1,0
BRDA:77,6,0,0
BRDA:77,6,1,0
BRDA:77,7,0,0
BRDA:77,7,1,0
BRDA:86,8,0,0
BRDA:86,8,1,0
BRDA:86,9,0,0
BRDA:86,9,1,0
BRDA:89,10,0,0
BRDA:89,10,1,0
BRDA:107,11,0,0
BRDA:131,12,0,0
BRDA:131,12,1,0
BRDA:131,13,0,0
BRDA:131,13,1,0
BRDA:134,14,0,0
BRDA:134,14,1,0
BRDA:145,15,0,0
BRDA:153,16,0,0
BRDA:154,17,0,0
BRDA:155,18,0,0
BRDA:156,19,0,0
BRDA:157,20,0,0
BRDA:177,21,0,0
BRDA:177,21,1,0
BRDA:199,22,0,0
BRDA:199,23,0,0
BRDA:199,24,0,0
BRDA:218,25,0,0
BRDA:255,26,0,0
BRDA:255,26,1,0
BRDA:272,27,0,0
BRDA:272,27,1,0
BRDA:277,28,0,0
BRDA:277,28,1,0
BRDA:277,28,2,0
BRF:48
BRH:0
end_of_record
TN:
SF:src/utils/withMemo.tsx
FN:9,withMemo
FN:17,(anonymous_1)
FN:47,withMemoTracking
FN:54,memoizeFunction
FN:58,(anonymous_4)
FNF:5
FNH:0
FNDA:0,withMemo
FNDA:0,(anonymous_1)
FNDA:0,withMemoTracking
FNDA:0,memoizeFunction
FNDA:0,(anonymous_4)
DA:14,0
DA:16,0
DA:18,0
DA:20,0
DA:21,0
DA:25,0
DA:31,0
DA:32,0
DA:33,0
DA:36,0
DA:42,0
DA:44,0
DA:51,0
DA:58,0
DA:59,0
DA:60,0
DA:61,0
DA:62,0
LF:18
LH:0
BRDA:12,0,0,0
BRDA:14,1,0,0
BRDA:14,2,0,0
BRDA:14,3,0,0
BRDA:14,3,1,0
BRDA:20,4,0,0
BRDA:20,4,1,0
BRDA:31,5,0,0
BRDA:31,5,1,0
BRDA:49,6,0,0
BRDA:56,7,0,0
BRDA:59,8,0,0
BRDA:59,8,1,0
BRF:13
BRH:0
end_of_record
TN:
SF:src/utils/storage/IndexedDBAdapter.ts
FN:16,(anonymous_0)
FN:21,(anonymous_1)
FN:25,(anonymous_2)
FN:38,(anonymous_3)
FN:45,(anonymous_4)
FN:63,(anonymous_5)
FN:74,(anonymous_6)
FN:79,(anonymous_7)
FN:80,(anonymous_8)
FN:85,(anonymous_9)
FN:111,(anonymous_10)
FN:121,(anonymous_11)
FN:135,(anonymous_12)
FN:136,(anonymous_13)
FN:141,(anonymous_14)
FN:158,(anonymous_15)
FN:168,(anonymous_16)
FN:182,(anonymous_17)
FN:183,(anonymous_18)
FN:188,(anonymous_19)
FN:205,(anonymous_20)
FN:215,(anonymous_21)
FN:229,(anonymous_22)
FN:230,(anonymous_23)
FN:235,(anonymous_24)
FN:260,(anonymous_25)
FN:270,(anonymous_26)
FNF:27
FNH:0
FNDA:0,(anonymous_0)
FNDA:0,(anonymous_1)
FNDA:0,(anonymous_2)
FNDA:0,(anonymous_3)
FNDA:0,(anonymous_4)
FNDA:0,(anonymous_5)
FNDA:0,(anonymous_6)
FNDA:0,(anonymous_7)
FNDA:0,(anonymous_8)
FNDA:0,(anonymous_9)
FNDA:0,(anonymous_10)
FNDA:0,(anonymous_11)
FNDA:0,(anonymous_12)
FNDA:0,(anonymous_13)
FNDA:0,(anonymous_14)
FNDA:0,(anonymous_15)
FNDA:0,(anonymous_16)
FNDA:0,(anonymous_17)
FNDA:0,(anonymous_18)
FNDA:0,(anonymous_19)
FNDA:0,(anonymous_20)
FNDA:0,(anonymous_21)
FNDA:0,(anonymous_22)
FNDA:0,(anonymous_23)
FNDA:0,(anonymous_24)
FNDA:0,(anonymous_25)
FNDA:0,(anonymous_26)
DA:6,0
DA:7,0
DA:8,0
DA:9,0
DA:10,0
DA:13,0
DA:14,0
DA:17,0
DA:18,0
DA:21,0
DA:22,0
DA:23,0
DA:25,0
DA:26,0
DA:30,0
DA:35,0
DA:38,0
DA:39,0
DA:40,0
DA:41,0
DA:45,0
DA:46,0
DA:47,0
DA:50,0
DA:51,0
DA:56,0
DA:60,0
DA:67,0
DA:68,0
DA:70,0
DA:71,0
DA:74,0
DA:75,0
DA:80,0
DA:81,0
DA:82,0
DA:85,0
DA:86,0
DA:87,0
DA:88,0
DA:93,0
DA:94,0
DA:97,0
DA:98,0
DA:99,0
DA:101,0
DA:109,0
DA:111,0
DA:112,0
DA:113,0
DA:118,0
DA:121,0
DA:123,0
DA:124,0
DA:129,0
DA:136,0
DA:137,0
DA:138,0
DA:141,0
DA:142,0
DA:143,0
DA:144,0
DA:149,0
DA:150,0
DA:153,0
DA:154,0
DA:155,0
DA:156,0
DA:158,0
DA:159,0
DA:160,0
DA:165,0
DA:168,0
DA:170,0
DA:171,0
DA:176,0
DA:183,0
DA:184,0
DA:185,0
DA:188,0
DA:189,0
DA:190,0
DA:191,0
DA:196,0
DA:197,0
DA:200,0
DA:201,0
DA:202,0
DA:203,0
DA:205,0
DA:206,0
DA:207,0
DA:212,0
DA:215,0
DA:217,0
DA:218,0
DA:223,0
DA:230,0
DA:231,0
DA:232,0
DA:235,0
DA:236,0
DA:237,0
DA:238,0
DA:243,0
DA:244,0
DA:247,0
DA:248,0
DA:249,0
DA:250,0
DA:258,0
DA:260,0
DA:261,0
DA:262,0
DA:267,0
DA:270,0
DA:272,0
DA:273,0
DA:278,0
LF:119
LH:0
BRDA:17,0,0,0
BRDA:17,0,1,0
BRDA:28,1,0,0
BRDA:28,1,1,0
BRDA:40,2,0,0
BRDA:40,2,1,0
BRDA:50,3,0,0
BRDA:50,3,1,0
BRDA:65,4,0,0
BRDA:70,5,0,0
BRDA:70,5,1,0
BRDA:81,6,0,0
BRDA:81,6,1,0
BRDA:86,7,0,0
BRDA:86,7,1,0
BRDA:123,8,0,0
BRDA:123,8,1,0
BRDA:137,9,0,0
BRDA:137,9,1,0
BRDA:142,10,0,0
BRDA:142,10,1,0
BRDA:168,11,0,0
BRDA:168,11,1,0
BRDA:170,12,0,0
BRDA:170,12,1,0
BRDA:184,13,0,0
BRDA:184,13,1,0
BRDA:189,14,0,0
BRDA:189,14,1,0
BRDA:217,15,0,0
BRDA:217,15,1,0
BRDA:231,16,0,0
BRDA:231,16,1,0
BRDA:236,17,0,0
BRDA:236,17,1,0
BRDA:272,18,0,0
BRDA:272,18,1,0
BRF:37
BRH:0
end_of_record
TN:
SF:src/utils/storage/SessionManager.ts
FN:20,(anonymous_0)
FN:28,(anonymous_1)
FN:35,(anonymous_2)
FN:44,(anonymous_3)
FN:50,(anonymous_4)
FN:54,(anonymous_5)
FN:68,(anonymous_6)
FN:72,(anonymous_7)
FN:76,(anonymous_8)
FN:84,(anonymous_9)
FN:100,(anonymous_10)
FN:104,(anonymous_11)
FN:108,(anonymous_12)
FNF:13
FNH:0
FNDA:0,(anonymous_0)
FNDA:0,(anonymous_1)
FNDA:0,(anonymous_2)
FNDA:0,(anonymous_3)
FNDA:0,(anonymous_4)
FNDA:0,(anonymous_5)
FNDA:0,(anonymous_6)
FNDA:0,(anonymous_7)
FNDA:0,(anonymous_8)
FNDA:0,(anonymous_9)
FNDA:0,(anonymous_10)
FNDA:0,(anonymous_11)
FNDA:0,(anonymous_12)
DA:4,0
DA:5,0
DA:21,0
DA:22,0
DA:23,0
DA:24,0
DA:25,0
DA:29,0
DA:30,0
DA:32,0
DA:36,0
DA:38,0
DA:43,0
DA:44,0
DA:47,0
DA:51,0
DA:54,0
DA:55,0
DA:59,0
DA:60,0
DA:62,0
DA:63,0
DA:65,0
DA:67,0
DA:68,0
DA:73,0
DA:76,0
DA:77,0
DA:79,0
DA:80,0
DA:86,0
DA:89,0
DA:90,0
DA:92,0
DA:93,0
DA:97,0
DA:101,0
DA:105,0
DA:109,0
DA:110,0
DA:112,0
DA:113,0
LF:42
LH:0
BRDA:29,0,0,0
BRDA:29,0,1,0
BRDA:43,1,0,0
BRDA:43,1,1,0
BRDA:51,2,0,0
BRDA:51,2,1,0
BRDA:55,3,0,0
BRDA:55,3,1,0
BRDA:79,4,0,0
BRDA:79,4,1,0
BRDA:89,5,0,0
BRDA:89,5,1,0
BRDA:92,6,0,0
BRDA:92,6,1,0
BRDA:109,7,0,0
BRDA:109,7,1,0
BRDA:112,8,0,0
BRDA:112,8,1,0
BRF:18
BRH:0
end_of_record
TN:
SF:src/utils/storage/indexedDB.ts
FN:17,(anonymous_0)
FN:18,(anonymous_1)
FN:21,(anonymous_2)
FN:22,(anonymous_3)
FN:27,(anonymous_4)
FN:36,(anonymous_5)
FN:39,(anonymous_6)
FN:44,(anonymous_7)
FN:45,(anonymous_8)
FN:49,(anonymous_9)
FN:52,(anonymous_10)
FN:57,(anonymous_11)
FN:58,(anonymous_12)
FN:62,(anonymous_13)
FN:65,(anonymous_14)
FN:75,(anonymous_15)
FN:76,(anonymous_16)
FN:80,(anonymous_17)
FN:83,(anonymous_18)
FN:88,(anonymous_19)
FN:89,(anonymous_20)
FN:91,(anonymous_21)
FN:92,(anonymous_22)
FN:99,(anonymous_23)
FN:103,(anonymous_24)
FN:108,(anonymous_25)
FN:109,(anonymous_26)
FN:111,(anonymous_27)
FN:112,(anonymous_28)
FN:114,(anonymous_29)
FN:115,(anonymous_30)
FN:117,(anonymous_31)
FN:118,(anonymous_32)
FN:120,(anonymous_33)
FNF:34
FNH:0
FNDA:0,(anonymous_0)
FNDA:0,(anonymous_1)
FNDA:0,(anonymous_2)
FNDA:0,(anonymous_3)
FNDA:0,(anonymous_4)
FNDA:0,(anonymous_5)
FNDA:0,(anonymous_6)
FNDA:0,(anonymous_7)
FNDA:0,(anonymous_8)
FNDA:0,(anonymous_9)
FNDA:0,(anonymous_10)
FNDA:0,(anonymous_11)
FNDA:0,(anonymous_12)
FNDA:0,(anonymous_13)
FNDA:0,(anonymous_14)
FNDA:0,(anonymous_15)
FNDA:0,(anonymous_16)
FNDA:0,(anonymous_17)
FNDA:0,(anonymous_18)
FNDA:0,(anonymous_19)
FNDA:0,(anonymous_20)
FNDA:0,(anonymous_21)
FNDA:0,(anonymous_22)
FNDA:0,(anonymous_23)
FNDA:0,(anonymous_24)
FNDA:0,(anonymous_25)
FNDA:0,(anonymous_26)
FNDA:0,(anonymous_27)
FNDA:0,(anonymous_28)
FNDA:0,(anonymous_29)
FNDA:0,(anonymous_30)
FNDA:0,(anonymous_31)
FNDA:0,(anonymous_32)
FNDA:0,(anonymous_33)
DA:3,0
DA:4,0
DA:5,0
DA:15,0
DA:18,0
DA:19,0
DA:21,0
DA:22,0
DA:23,0
DA:24,0
DA:27,0
DA:28,0
DA:29,0
DA:30,0
DA:37,0
DA:39,0
DA:40,0
DA:41,0
DA:42,0
DA:44,0
DA:45,0
DA:50,0
DA:52,0
DA:53,0
DA:54,0
DA:55,0
DA:57,0
DA:58,0
DA:63,0
DA:65,0
DA:66,0
DA:67,0
DA:68,0
DA:73,0
DA:75,0
DA:76,0
DA:81,0
DA:83,0
DA:84,0
DA:85,0
DA:86,0
DA:88,0
DA:89,0
DA:90,0
DA:91,0
DA:92,0
DA:94,0
DA:100,0
DA:102,0
DA:103,0
DA:104,0
DA:105,0
DA:106,0
DA:108,0
DA:109,0
DA:110,0
DA:111,0
DA:112,0
DA:114,0
DA:115,0
DA:116,0
DA:117,0
DA:118,0
DA:120,0
DA:127,0
LF:65
LH:0
BRDA:29,0,0,0
BRDA:29,0,1,0
BRDA:37,1,0,0
BRDA:37,1,1,0
BRDA:50,2,0,0
BRDA:50,2,1,0
BRDA:58,3,0,0
BRDA:58,3,1,0
BRDA:63,4,0,0
BRDA:63,4,1,0
BRDA:81,5,0,0
BRDA:81,5,1,0
BRDA:94,6,0,0
BRDA:94,6,1,0
BRDA:99,7,0,0
BRDA:100,8,0,0
BRDA:100,8,1,0
BRDA:111,9,0,0
BRDA:111,9,1,0
BRF:19
BRH:0
end_of_record
TN:
SF:src/utils/storage/migrations.ts
FN:12,(anonymous_0)
FN:21,(anonymous_1)
FN:34,migrateState
FN:41,(anonymous_3)
FN:70,validateState
FN:84,(anonymous_5)
FN:91,createEmptyState
FNF:7
FNH:0
FNDA:0,(anonymous_0)
FNDA:0,(anonymous_1)
FNDA:0,migrateState
FNDA:0,(anonymous_3)
FNDA:0,validateState
FNDA:0,(anonymous_5)
FNDA:0,createEmptyState
DA:11,0
DA:12,0
DA:21,0
DA:32,0
DA:35,0
DA:36,0
DA:37,0
DA:40,0
DA:41,0
DA:45,0
DA:46,0
DA:47,0
DA:49,0
DA:57,0
DA:62,0
DA:72,0
DA:75,0
DA:78,0
DA:79,0
DA:82,0
DA:83,0
DA:84,0
DA:85,0
DA:88,0
DA:92,0
LF:25
LH:0
BRDA:17,0,0,0
BRDA:17,0,1,0
BRDA:26,1,0,0
BRDA:26,1,1,0
BRDA:37,2,0,0
BRDA:37,2,1,0
BRDA:72,3,0,0
BRDA:72,3,1,0
BRDA:72,4,0,0
BRDA:72,4,1,0
BRDA:75,5,0,0
BRDA:75,5,1,0
BRDA:79,6,0,0
BRDA:79,6,1,0
BRDA:79,7,0,0
BRDA:79,7,1,0
BRDA:82,8,0,0
BRDA:82,8,1,0
BRDA:84,9,0,0
BRDA:84,9,1,0
BRDA:84,9,2,0
BRDA:85,10,0,0
BRDA:85,10,1,0
BRF:23
BRH:0
end_of_record
TN:
SF:src/utils/storage/storageManager.ts
FN:12,(anonymous_0)
FN:23,(anonymous_1)
FN:28,(anonymous_2)
FN:35,(anonymous_3)
FN:36,(anonymous_4)
FN:49,(anonymous_5)
FN:72,(anonymous_6)
FN:97,(anonymous_7)
FN:114,(anonymous_8)
FN:134,(anonymous_9)
FN:149,(anonymous_10)
FN:153,(anonymous_11)
FN:167,(anonymous_12)
FNF:13
FNH:0
FNDA:0,(anonymous_0)
FNDA:0,(anonymous_1)
FNDA:0,(anonymous_2)
FNDA:0,(anonymous_3)
FNDA:0,(anonymous_4)
FNDA:0,(anonymous_5)
FNDA:0,(anonymous_6)
FNDA:0,(anonymous_7)
FNDA:0,(anonymous_8)
FNDA:0,(anonymous_9)
FNDA:0,(anonymous_10)
FNDA:0,(anonymous_11)
FNDA:0,(anonymous_12)
DA:7,0
DA:8,0
DA:9,0
DA:10,0
DA:12,0
DA:21,0
DA:24,0
DA:25,0
DA:29,0
DA:30,0
DA:32,0
DA:36,0
DA:37,0
DA:38,0
DA:39,0
DA:40,0
DA:43,0
DA:44,0
DA:50,0
DA:51,0
DA:62,0
DA:63,0
DA:64,0
DA:66,0
DA:67,0
DA:68,0
DA:73,0
DA:75,0
DA:76,0
DA:77,0
DA:78,0
DA:79,0
DA:84,0
DA:85,0
DA:86,0
DA:89,0
DA:91,0
DA:92,0
DA:93,0
DA:98,0
DA:111,0
DA:115,0
DA:116,0
DA:124,0
DA:125,0
DA:126,0
DA:128,0
DA:129,0
DA:130,0
DA:135,0
DA:136,0
DA:137,0
DA:138,0
DA:139,0
DA:140,0
DA:143,0
DA:145,0
DA:150,0
DA:151,0
DA:152,0
DA:153,0
DA:154,0
DA:160,0
DA:168,0
DA:169,0
LF:65
LH:0
BRDA:29,0,0,0
BRDA:29,0,1,0
BRDA:39,1,0,0
BRDA:39,1,1,0
BRDA:43,2,0,0
BRDA:43,2,1,0
BRDA:57,3,0,0
BRDA:57,3,1,0
BRDA:58,4,0,0
BRDA:58,4,1,0
BRDA:66,5,0,0
BRDA:66,5,1,0
BRDA:76,6,0,0
BRDA:76,6,1,0
BRDA:78,7,0,0
BRDA:78,7,1,0
BRDA:85,8,0,0
BRDA:85,8,1,0
BRDA:85,9,0,0
BRDA:85,9,1,0
BRDA:91,10,0,0
BRDA:91,10,1,0
BRDA:99,11,0,0
BRDA:99,11,1,0
BRDA:100,12,0,0
BRDA:100,12,1,0
BRDA:101,13,0,0
BRDA:101,13,1,0
BRDA:104,14,0,0
BRDA:104,14,1,0
BRDA:105,15,0,0
BRDA:105,15,1,0
BRDA:106,16,0,0
BRDA:106,16,1,0
BRDA:108,17,0,0
BRDA:108,17,1,0
BRDA:128,18,0,0
BRDA:128,18,1,0
BRDA:137,19,0,0
BRDA:137,19,1,0
BRDA:139,20,0,0
BRDA:139,20,1,0
BRDA:155,21,0,0
BRDA:155,21,1,0
BRDA:161,22,0,0
BRDA:161,22,1,0
BRDA:168,23,0,0
BRDA:168,23,1,0
BRF:48
BRH:0
end_of_record
